[{"useNaturalConf":true,"startTime":"Dec 18, 2023, 10:44:31 AM","endTime":"Dec 18, 2023, 10:45:50 AM","status":"FAIL","level":0,"isLeaf":false,"name":"Login Feature","description":"  In Order to built own computer\n  As a User\n  I have to enter proper details","bddType":"com.aventstack.extentreports.gherkin.model.Feature","infoMap":{},"children":[{"useNaturalConf":true,"startTime":"Dec 18, 2023, 10:44:32 AM","endTime":"Dec 18, 2023, 10:45:05 AM","status":"FAIL","level":1,"isLeaf":false,"name":"User should navigate to computer page successfully","description":"","bddType":"com.aventstack.extentreports.gherkin.model.Scenario","infoMap":{},"children":[{"useNaturalConf":true,"startTime":"Dec 18, 2023, 10:44:42 AM","endTime":"Dec 18, 2023, 10:44:42 AM","status":"PASS","level":2,"isLeaf":true,"name":"Given I am on homepage","description":"com.nopcommerce.demo.steps.LoginSteps.iAmOnHomepage()","bddType":"com.aventstack.extentreports.gherkin.model.Given","infoMap":{},"children":[],"logs":[{"timestamp":"Dec 18, 2023, 10:44:42 AM","status":"PASS","details":"","seq":0,"infoMap":{}}],"media":[],"exceptions":[],"authorSet":[],"categorySet":[],"deviceSet":[],"generatedLog":[]},{"useNaturalConf":true,"startTime":"Dec 18, 2023, 10:44:42 AM","endTime":"Dec 18, 2023, 10:44:43 AM","status":"PASS","level":2,"isLeaf":true,"name":"When I click on computer menu","description":"com.nopcommerce.demo.steps.ComputerSteps.iClickOnComputerMenu()","bddType":"com.aventstack.extentreports.gherkin.model.When","infoMap":{},"children":[],"logs":[{"timestamp":"Dec 18, 2023, 10:44:43 AM","status":"PASS","details":"","seq":0,"infoMap":{}}],"media":[],"exceptions":[],"authorSet":[],"categorySet":[],"deviceSet":[],"generatedLog":[]},{"useNaturalConf":true,"startTime":"Dec 18, 2023, 10:44:43 AM","endTime":"Dec 18, 2023, 10:45:03 AM","status":"FAIL","level":2,"isLeaf":true,"name":"Then I should navigate to computer page successfully and verify the text \"Computers\"","description":"com.nopcommerce.demo.steps.ComputerSteps.iShouldNavigateToComputerPageSuccessfullyAndVerifyTheText(java.lang.String)","bddType":"com.aventstack.extentreports.gherkin.model.Then","infoMap":{},"children":[],"logs":[{"timestamp":"Dec 18, 2023, 10:45:03 AM","status":"FAIL","details":"","seq":0,"infoMap":{},"exception":{"exception":{"extraInfo":{"Driver info":"org.openqa.selenium.chrome.ChromeDriver","Command":"[8ef39a391666fff59d272d885e216bf6, findElement {using\u003dxpath, value\u003d//h1[normalize-space()\u003d\u0027Computers\u0027]}]","Capabilities":"Capabilities {acceptInsecureCerts: false, browserName: chrome, browserVersion: 120.0.6099.72, chrome: {chromedriverVersion: 120.0.6099.71 (9729082fe617..., userDataDir: C:\\Users\\HP\\AppData\\Local\\T...}, fedcm:accounts: true, goog:chromeOptions: {debuggerAddress: localhost:55789}, networkConnectionEnabled: false, pageLoadStrategy: normal, platformName: windows, proxy: Proxy(), se:cdp: ws://localhost:55789/devtoo..., se:cdpVersion: 120.0.6099.72, setWindowRect: true, strictFileInteractability: false, timeouts: {implicit: 0, pageLoad: 300000, script: 30000}, unhandledPromptBehavior: dismiss and notify, webauthn:extension:credBlob: true, webauthn:extension:largeBlob: true, webauthn:extension:minPinLength: true, webauthn:extension:prf: true, webauthn:virtualAuthenticators: true}","Session ID":"8ef39a391666fff59d272d885e216bf6"},"detailMessage":"no such element: Unable to locate element: {\"method\":\"xpath\",\"selector\":\"//h1[normalize-space()\u003d\u0027Computers\u0027]\"}\n  (Session info: chrome\u003d120.0.6099.72)","stackTrace":[{"moduleName":"java.base","moduleVersion":"17.0.8","declaringClass":"jdk.internal.reflect.NativeConstructorAccessorImpl","methodName":"newInstance0","fileName":"NativeConstructorAccessorImpl.java","lineNumber":-2,"format":2},{"moduleName":"java.base","moduleVersion":"17.0.8","declaringClass":"jdk.internal.reflect.NativeConstructorAccessorImpl","methodName":"newInstance","fileName":"NativeConstructorAccessorImpl.java","lineNumber":77,"format":2},{"moduleName":"java.base","moduleVersion":"17.0.8","declaringClass":"jdk.internal.reflect.DelegatingConstructorAccessorImpl","methodName":"newInstance","fileName":"DelegatingConstructorAccessorImpl.java","lineNumber":45,"format":2},{"moduleName":"java.base","moduleVersion":"17.0.8","declaringClass":"java.lang.reflect.Constructor","methodName":"newInstanceWithCaller","fileName":"Constructor.java","lineNumber":499,"format":2},{"moduleName":"java.base","moduleVersion":"17.0.8","declaringClass":"java.lang.reflect.Constructor","methodName":"newInstance","fileName":"Constructor.java","lineNumber":480,"format":2},{"classLoaderName":"app","declaringClass":"org.openqa.selenium.remote.codec.w3c.W3CHttpResponseCodec","methodName":"createException","fileName":"W3CHttpResponseCodec.java","lineNumber":200,"format":1},{"classLoaderName":"app","declaringClass":"org.openqa.selenium.remote.codec.w3c.W3CHttpResponseCodec","methodName":"decode","fileName":"W3CHttpResponseCodec.java","lineNumber":133,"format":1},{"classLoaderName":"app","declaringClass":"org.openqa.selenium.remote.codec.w3c.W3CHttpResponseCodec","methodName":"decode","fileName":"W3CHttpResponseCodec.java","lineNumber":52,"format":1},{"classLoaderName":"app","declaringClass":"org.openqa.selenium.remote.HttpCommandExecutor","methodName":"execute","fileName":"HttpCommandExecutor.java","lineNumber":191,"format":1},{"classLoaderName":"app","declaringClass":"org.openqa.selenium.remote.service.DriverCommandExecutor","methodName":"invokeExecute","fileName":"DriverCommandExecutor.java","lineNumber":200,"format":1},{"classLoaderName":"app","declaringClass":"org.openqa.selenium.remote.service.DriverCommandExecutor","methodName":"execute","fileName":"DriverCommandExecutor.java","lineNumber":175,"format":1},{"classLoaderName":"app","declaringClass":"org.openqa.selenium.remote.RemoteWebDriver","methodName":"execute","fileName":"RemoteWebDriver.java","lineNumber":607,"format":1},{"classLoaderName":"app","declaringClass":"org.openqa.selenium.remote.ElementLocation$ElementFinder$2","methodName":"findElement","fileName":"ElementLocation.java","lineNumber":165,"format":1},{"classLoaderName":"app","declaringClass":"org.openqa.selenium.remote.ElementLocation","methodName":"findElement","fileName":"ElementLocation.java","lineNumber":59,"format":1},{"classLoaderName":"app","declaringClass":"org.openqa.selenium.remote.RemoteWebDriver","methodName":"findElement","fileName":"RemoteWebDriver.java","lineNumber":364,"format":1},{"classLoaderName":"app","declaringClass":"org.openqa.selenium.remote.RemoteWebDriver","methodName":"findElement","fileName":"RemoteWebDriver.java","lineNumber":358,"format":1},{"classLoaderName":"app","declaringClass":"org.openqa.selenium.support.pagefactory.DefaultElementLocator","methodName":"findElement","fileName":"DefaultElementLocator.java","lineNumber":68,"format":1},{"classLoaderName":"app","declaringClass":"org.openqa.selenium.support.pagefactory.internal.LocatingElementHandler","methodName":"invoke","fileName":"LocatingElementHandler.java","lineNumber":38,"format":1},{"classLoaderName":"app","moduleName":"jdk.proxy2","declaringClass":"jdk.proxy2.$Proxy29","methodName":"getText","lineNumber":-1,"format":1},{"classLoaderName":"app","declaringClass":"com.nopcommerce.demo.utility.Utility","methodName":"getTextFromElement","fileName":"Utility.java","lineNumber":61,"format":1},{"classLoaderName":"app","declaringClass":"com.nopcommerce.demo.pages.ComputersPage","methodName":"getWelcomeText","fileName":"ComputersPage.java","lineNumber":23,"format":1},{"classLoaderName":"app","declaringClass":"com.nopcommerce.demo.steps.ComputerSteps","methodName":"iShouldNavigateToComputerPageSuccessfullyAndVerifyTheText","fileName":"ComputerSteps.java","lineNumber":22,"format":1},{"declaringClass":"✽","methodName":"I should navigate to computer page successfully and verify the text \"Computers\"","fileName":"file:///C:/Users/HP/IdeaProjects/nop-commerce-demo/src/test/resources/features/computerpage.feature","lineNumber":11,"format":0}],"suppressedExceptions":[]},"stackTrace":"org.openqa.selenium.NoSuchElementException: no such element: Unable to locate element: {\"method\":\"xpath\",\"selector\":\"//h1[normalize-space()\u003d\u0027Computers\u0027]\"}\n  (Session info: chrome\u003d120.0.6099.72)\nFor documentation on this error, please visit: https://www.selenium.dev/documentation/webdriver/troubleshooting/errors#no-such-element-exception\nBuild info: version: \u00274.15.0\u0027, revision: \u00271d14b5521b\u0027\nSystem info: os.name: \u0027Windows 11\u0027, os.arch: \u0027amd64\u0027, os.version: \u002710.0\u0027, java.version: \u002717.0.8\u0027\nDriver info: org.openqa.selenium.chrome.ChromeDriver\nCommand: [8ef39a391666fff59d272d885e216bf6, findElement {using\u003dxpath, value\u003d//h1[normalize-space()\u003d\u0027Computers\u0027]}]\nCapabilities {acceptInsecureCerts: false, browserName: chrome, browserVersion: 120.0.6099.72, chrome: {chromedriverVersion: 120.0.6099.71 (9729082fe617..., userDataDir: C:\\Users\\HP\\AppData\\Local\\T...}, fedcm:accounts: true, goog:chromeOptions: {debuggerAddress: localhost:55789}, networkConnectionEnabled: false, pageLoadStrategy: normal, platformName: windows, proxy: Proxy(), se:cdp: ws://localhost:55789/devtoo..., se:cdpVersion: 120.0.6099.72, setWindowRect: true, strictFileInteractability: false, timeouts: {implicit: 0, pageLoad: 300000, script: 30000}, unhandledPromptBehavior: dismiss and notify, webauthn:extension:credBlob: true, webauthn:extension:largeBlob: true, webauthn:extension:minPinLength: true, webauthn:extension:prf: true, webauthn:virtualAuthenticators: true}\nSession ID: 8ef39a391666fff59d272d885e216bf6\r\n\tat java.base/jdk.internal.reflect.NativeConstructorAccessorImpl.newInstance0(Native Method)\r\n\tat java.base/jdk.internal.reflect.NativeConstructorAccessorImpl.newInstance(NativeConstructorAccessorImpl.java:77)\r\n\tat java.base/jdk.internal.reflect.DelegatingConstructorAccessorImpl.newInstance(DelegatingConstructorAccessorImpl.java:45)\r\n\tat java.base/java.lang.reflect.Constructor.newInstanceWithCaller(Constructor.java:499)\r\n\tat java.base/java.lang.reflect.Constructor.newInstance(Constructor.java:480)\r\n\tat org.openqa.selenium.remote.codec.w3c.W3CHttpResponseCodec.createException(W3CHttpResponseCodec.java:200)\r\n\tat org.openqa.selenium.remote.codec.w3c.W3CHttpResponseCodec.decode(W3CHttpResponseCodec.java:133)\r\n\tat org.openqa.selenium.remote.codec.w3c.W3CHttpResponseCodec.decode(W3CHttpResponseCodec.java:52)\r\n\tat org.openqa.selenium.remote.HttpCommandExecutor.execute(HttpCommandExecutor.java:191)\r\n\tat org.openqa.selenium.remote.service.DriverCommandExecutor.invokeExecute(DriverCommandExecutor.java:200)\r\n\tat org.openqa.selenium.remote.service.DriverCommandExecutor.execute(DriverCommandExecutor.java:175)\r\n\tat org.openqa.selenium.remote.RemoteWebDriver.execute(RemoteWebDriver.java:607)\r\n\tat org.openqa.selenium.remote.ElementLocation$ElementFinder$2.findElement(ElementLocation.java:165)\r\n\tat org.openqa.selenium.remote.ElementLocation.findElement(ElementLocation.java:59)\r\n\tat org.openqa.selenium.remote.RemoteWebDriver.findElement(RemoteWebDriver.java:364)\r\n\tat org.openqa.selenium.remote.RemoteWebDriver.findElement(RemoteWebDriver.java:358)\r\n\tat org.openqa.selenium.support.pagefactory.DefaultElementLocator.findElement(DefaultElementLocator.java:68)\r\n\tat org.openqa.selenium.support.pagefactory.internal.LocatingElementHandler.invoke(LocatingElementHandler.java:38)\r\n\tat jdk.proxy2/jdk.proxy2.$Proxy29.getText(Unknown Source)\r\n\tat com.nopcommerce.demo.utility.Utility.getTextFromElement(Utility.java:61)\r\n\tat com.nopcommerce.demo.pages.ComputersPage.getWelcomeText(ComputersPage.java:23)\r\n\tat com.nopcommerce.demo.steps.ComputerSteps.iShouldNavigateToComputerPageSuccessfullyAndVerifyTheText(ComputerSteps.java:22)\r\n\tat ✽.I should navigate to computer page successfully and verify the text \"Computers\"(file:///C:/Users/HP/IdeaProjects/nop-commerce-demo/src/test/resources/features/computerpage.feature:11)\r\n","name":"org.openqa.selenium.NoSuchElementException"}}],"media":[],"exceptions":[{"exception":{"extraInfo":{"Driver info":"org.openqa.selenium.chrome.ChromeDriver","Command":"[8ef39a391666fff59d272d885e216bf6, findElement {using\u003dxpath, value\u003d//h1[normalize-space()\u003d\u0027Computers\u0027]}]","Capabilities":"Capabilities {acceptInsecureCerts: false, browserName: chrome, browserVersion: 120.0.6099.72, chrome: {chromedriverVersion: 120.0.6099.71 (9729082fe617..., userDataDir: C:\\Users\\HP\\AppData\\Local\\T...}, fedcm:accounts: true, goog:chromeOptions: {debuggerAddress: localhost:55789}, networkConnectionEnabled: false, pageLoadStrategy: normal, platformName: windows, proxy: Proxy(), se:cdp: ws://localhost:55789/devtoo..., se:cdpVersion: 120.0.6099.72, setWindowRect: true, strictFileInteractability: false, timeouts: {implicit: 0, pageLoad: 300000, script: 30000}, unhandledPromptBehavior: dismiss and notify, webauthn:extension:credBlob: true, webauthn:extension:largeBlob: true, webauthn:extension:minPinLength: true, webauthn:extension:prf: true, webauthn:virtualAuthenticators: true}","Session ID":"8ef39a391666fff59d272d885e216bf6"},"detailMessage":"no such element: Unable to locate element: {\"method\":\"xpath\",\"selector\":\"//h1[normalize-space()\u003d\u0027Computers\u0027]\"}\n  (Session info: chrome\u003d120.0.6099.72)","stackTrace":[{"moduleName":"java.base","moduleVersion":"17.0.8","declaringClass":"jdk.internal.reflect.NativeConstructorAccessorImpl","methodName":"newInstance0","fileName":"NativeConstructorAccessorImpl.java","lineNumber":-2,"format":2},{"moduleName":"java.base","moduleVersion":"17.0.8","declaringClass":"jdk.internal.reflect.NativeConstructorAccessorImpl","methodName":"newInstance","fileName":"NativeConstructorAccessorImpl.java","lineNumber":77,"format":2},{"moduleName":"java.base","moduleVersion":"17.0.8","declaringClass":"jdk.internal.reflect.DelegatingConstructorAccessorImpl","methodName":"newInstance","fileName":"DelegatingConstructorAccessorImpl.java","lineNumber":45,"format":2},{"moduleName":"java.base","moduleVersion":"17.0.8","declaringClass":"java.lang.reflect.Constructor","methodName":"newInstanceWithCaller","fileName":"Constructor.java","lineNumber":499,"format":2},{"moduleName":"java.base","moduleVersion":"17.0.8","declaringClass":"java.lang.reflect.Constructor","methodName":"newInstance","fileName":"Constructor.java","lineNumber":480,"format":2},{"classLoaderName":"app","declaringClass":"org.openqa.selenium.remote.codec.w3c.W3CHttpResponseCodec","methodName":"createException","fileName":"W3CHttpResponseCodec.java","lineNumber":200,"format":1},{"classLoaderName":"app","declaringClass":"org.openqa.selenium.remote.codec.w3c.W3CHttpResponseCodec","methodName":"decode","fileName":"W3CHttpResponseCodec.java","lineNumber":133,"format":1},{"classLoaderName":"app","declaringClass":"org.openqa.selenium.remote.codec.w3c.W3CHttpResponseCodec","methodName":"decode","fileName":"W3CHttpResponseCodec.java","lineNumber":52,"format":1},{"classLoaderName":"app","declaringClass":"org.openqa.selenium.remote.HttpCommandExecutor","methodName":"execute","fileName":"HttpCommandExecutor.java","lineNumber":191,"format":1},{"classLoaderName":"app","declaringClass":"org.openqa.selenium.remote.service.DriverCommandExecutor","methodName":"invokeExecute","fileName":"DriverCommandExecutor.java","lineNumber":200,"format":1},{"classLoaderName":"app","declaringClass":"org.openqa.selenium.remote.service.DriverCommandExecutor","methodName":"execute","fileName":"DriverCommandExecutor.java","lineNumber":175,"format":1},{"classLoaderName":"app","declaringClass":"org.openqa.selenium.remote.RemoteWebDriver","methodName":"execute","fileName":"RemoteWebDriver.java","lineNumber":607,"format":1},{"classLoaderName":"app","declaringClass":"org.openqa.selenium.remote.ElementLocation$ElementFinder$2","methodName":"findElement","fileName":"ElementLocation.java","lineNumber":165,"format":1},{"classLoaderName":"app","declaringClass":"org.openqa.selenium.remote.ElementLocation","methodName":"findElement","fileName":"ElementLocation.java","lineNumber":59,"format":1},{"classLoaderName":"app","declaringClass":"org.openqa.selenium.remote.RemoteWebDriver","methodName":"findElement","fileName":"RemoteWebDriver.java","lineNumber":364,"format":1},{"classLoaderName":"app","declaringClass":"org.openqa.selenium.remote.RemoteWebDriver","methodName":"findElement","fileName":"RemoteWebDriver.java","lineNumber":358,"format":1},{"classLoaderName":"app","declaringClass":"org.openqa.selenium.support.pagefactory.DefaultElementLocator","methodName":"findElement","fileName":"DefaultElementLocator.java","lineNumber":68,"format":1},{"classLoaderName":"app","declaringClass":"org.openqa.selenium.support.pagefactory.internal.LocatingElementHandler","methodName":"invoke","fileName":"LocatingElementHandler.java","lineNumber":38,"format":1},{"classLoaderName":"app","moduleName":"jdk.proxy2","declaringClass":"jdk.proxy2.$Proxy29","methodName":"getText","lineNumber":-1,"format":1},{"classLoaderName":"app","declaringClass":"com.nopcommerce.demo.utility.Utility","methodName":"getTextFromElement","fileName":"Utility.java","lineNumber":61,"format":1},{"classLoaderName":"app","declaringClass":"com.nopcommerce.demo.pages.ComputersPage","methodName":"getWelcomeText","fileName":"ComputersPage.java","lineNumber":23,"format":1},{"classLoaderName":"app","declaringClass":"com.nopcommerce.demo.steps.ComputerSteps","methodName":"iShouldNavigateToComputerPageSuccessfullyAndVerifyTheText","fileName":"ComputerSteps.java","lineNumber":22,"format":1},{"declaringClass":"✽","methodName":"I should navigate to computer page successfully and verify the text \"Computers\"","fileName":"file:///C:/Users/HP/IdeaProjects/nop-commerce-demo/src/test/resources/features/computerpage.feature","lineNumber":11,"format":0}],"suppressedExceptions":[]},"stackTrace":"org.openqa.selenium.NoSuchElementException: no such element: Unable to locate element: {\"method\":\"xpath\",\"selector\":\"//h1[normalize-space()\u003d\u0027Computers\u0027]\"}\n  (Session info: chrome\u003d120.0.6099.72)\nFor documentation on this error, please visit: https://www.selenium.dev/documentation/webdriver/troubleshooting/errors#no-such-element-exception\nBuild info: version: \u00274.15.0\u0027, revision: \u00271d14b5521b\u0027\nSystem info: os.name: \u0027Windows 11\u0027, os.arch: \u0027amd64\u0027, os.version: \u002710.0\u0027, java.version: \u002717.0.8\u0027\nDriver info: org.openqa.selenium.chrome.ChromeDriver\nCommand: [8ef39a391666fff59d272d885e216bf6, findElement {using\u003dxpath, value\u003d//h1[normalize-space()\u003d\u0027Computers\u0027]}]\nCapabilities {acceptInsecureCerts: false, browserName: chrome, browserVersion: 120.0.6099.72, chrome: {chromedriverVersion: 120.0.6099.71 (9729082fe617..., userDataDir: C:\\Users\\HP\\AppData\\Local\\T...}, fedcm:accounts: true, goog:chromeOptions: {debuggerAddress: localhost:55789}, networkConnectionEnabled: false, pageLoadStrategy: normal, platformName: windows, proxy: Proxy(), se:cdp: ws://localhost:55789/devtoo..., se:cdpVersion: 120.0.6099.72, setWindowRect: true, strictFileInteractability: false, timeouts: {implicit: 0, pageLoad: 300000, script: 30000}, unhandledPromptBehavior: dismiss and notify, webauthn:extension:credBlob: true, webauthn:extension:largeBlob: true, webauthn:extension:minPinLength: true, webauthn:extension:prf: true, webauthn:virtualAuthenticators: true}\nSession ID: 8ef39a391666fff59d272d885e216bf6\r\n\tat java.base/jdk.internal.reflect.NativeConstructorAccessorImpl.newInstance0(Native Method)\r\n\tat java.base/jdk.internal.reflect.NativeConstructorAccessorImpl.newInstance(NativeConstructorAccessorImpl.java:77)\r\n\tat java.base/jdk.internal.reflect.DelegatingConstructorAccessorImpl.newInstance(DelegatingConstructorAccessorImpl.java:45)\r\n\tat java.base/java.lang.reflect.Constructor.newInstanceWithCaller(Constructor.java:499)\r\n\tat java.base/java.lang.reflect.Constructor.newInstance(Constructor.java:480)\r\n\tat org.openqa.selenium.remote.codec.w3c.W3CHttpResponseCodec.createException(W3CHttpResponseCodec.java:200)\r\n\tat org.openqa.selenium.remote.codec.w3c.W3CHttpResponseCodec.decode(W3CHttpResponseCodec.java:133)\r\n\tat org.openqa.selenium.remote.codec.w3c.W3CHttpResponseCodec.decode(W3CHttpResponseCodec.java:52)\r\n\tat org.openqa.selenium.remote.HttpCommandExecutor.execute(HttpCommandExecutor.java:191)\r\n\tat org.openqa.selenium.remote.service.DriverCommandExecutor.invokeExecute(DriverCommandExecutor.java:200)\r\n\tat org.openqa.selenium.remote.service.DriverCommandExecutor.execute(DriverCommandExecutor.java:175)\r\n\tat org.openqa.selenium.remote.RemoteWebDriver.execute(RemoteWebDriver.java:607)\r\n\tat org.openqa.selenium.remote.ElementLocation$ElementFinder$2.findElement(ElementLocation.java:165)\r\n\tat org.openqa.selenium.remote.ElementLocation.findElement(ElementLocation.java:59)\r\n\tat org.openqa.selenium.remote.RemoteWebDriver.findElement(RemoteWebDriver.java:364)\r\n\tat org.openqa.selenium.remote.RemoteWebDriver.findElement(RemoteWebDriver.java:358)\r\n\tat org.openqa.selenium.support.pagefactory.DefaultElementLocator.findElement(DefaultElementLocator.java:68)\r\n\tat org.openqa.selenium.support.pagefactory.internal.LocatingElementHandler.invoke(LocatingElementHandler.java:38)\r\n\tat jdk.proxy2/jdk.proxy2.$Proxy29.getText(Unknown Source)\r\n\tat com.nopcommerce.demo.utility.Utility.getTextFromElement(Utility.java:61)\r\n\tat com.nopcommerce.demo.pages.ComputersPage.getWelcomeText(ComputersPage.java:23)\r\n\tat com.nopcommerce.demo.steps.ComputerSteps.iShouldNavigateToComputerPageSuccessfullyAndVerifyTheText(ComputerSteps.java:22)\r\n\tat ✽.I should navigate to computer page successfully and verify the text \"Computers\"(file:///C:/Users/HP/IdeaProjects/nop-commerce-demo/src/test/resources/features/computerpage.feature:11)\r\n","name":"org.openqa.selenium.NoSuchElementException"}],"authorSet":[],"categorySet":[],"deviceSet":[],"generatedLog":[]},{"useNaturalConf":true,"startTime":"Dec 18, 2023, 10:45:03 AM","endTime":"Dec 18, 2023, 10:45:05 AM","status":"PASS","level":2,"isLeaf":true,"name":"com.nopcommerce.demo.steps.Hooks.tearDown(io.cucumber.java.Scenario)","description":"AFTER","bddType":"com.aventstack.extentreports.gherkin.model.Asterisk","infoMap":{},"children":[],"logs":[{"timestamp":"Dec 18, 2023, 10:45:04 AM","status":"INFO","details":"User should navigate to computer page successfully","seq":0,"infoMap":{},"media":{"path":"../screenshots/embedded1.png"}},{"timestamp":"Dec 18, 2023, 10:45:05 AM","status":"PASS","details":"","seq":1,"infoMap":{}}],"media":[],"exceptions":[],"authorSet":[],"categorySet":[],"deviceSet":[],"generatedLog":[]}],"logs":[],"media":[],"exceptions":[],"authorSet":[],"categorySet":[{"name":"@smoke"},{"name":"@regression"},{"name":"@author_Devansh_Rami"},{"name":"@sanity"}],"deviceSet":[],"generatedLog":[]},{"useNaturalConf":true,"startTime":"Dec 18, 2023, 10:45:05 AM","endTime":"Dec 18, 2023, 10:45:33 AM","status":"FAIL","level":1,"isLeaf":false,"name":"User should navigate to desktop page successfully","description":"","bddType":"com.aventstack.extentreports.gherkin.model.Scenario","infoMap":{},"children":[{"useNaturalConf":true,"startTime":"Dec 18, 2023, 10:45:10 AM","endTime":"Dec 18, 2023, 10:45:10 AM","status":"PASS","level":2,"isLeaf":true,"name":"Given I am on homepage","description":"com.nopcommerce.demo.steps.LoginSteps.iAmOnHomepage()","bddType":"com.aventstack.extentreports.gherkin.model.Given","infoMap":{},"children":[],"logs":[{"timestamp":"Dec 18, 2023, 10:45:10 AM","status":"PASS","details":"","seq":0,"infoMap":{}}],"media":[],"exceptions":[],"authorSet":[],"categorySet":[],"deviceSet":[],"generatedLog":[]},{"useNaturalConf":true,"startTime":"Dec 18, 2023, 10:45:10 AM","endTime":"Dec 18, 2023, 10:45:11 AM","status":"PASS","level":2,"isLeaf":true,"name":"When I click on computer menu","description":"com.nopcommerce.demo.steps.ComputerSteps.iClickOnComputerMenu()","bddType":"com.aventstack.extentreports.gherkin.model.When","infoMap":{},"children":[],"logs":[{"timestamp":"Dec 18, 2023, 10:45:11 AM","status":"PASS","details":"","seq":0,"infoMap":{}}],"media":[],"exceptions":[],"authorSet":[],"categorySet":[],"deviceSet":[],"generatedLog":[]},{"useNaturalConf":true,"startTime":"Dec 18, 2023, 10:45:11 AM","endTime":"Dec 18, 2023, 10:45:32 AM","status":"FAIL","level":2,"isLeaf":true,"name":"And I click on desktops link","description":"com.nopcommerce.demo.steps.ComputerSteps.iClickOnDesktopsLink()","bddType":"com.aventstack.extentreports.gherkin.model.And","infoMap":{},"children":[],"logs":[{"timestamp":"Dec 18, 2023, 10:45:32 AM","status":"FAIL","details":"","seq":0,"infoMap":{},"exception":{"exception":{"extraInfo":{"Driver info":"org.openqa.selenium.chrome.ChromeDriver","Command":"[2a31fc60fcb77d9c24baf7e6055e4f1e, findElement {using\u003dxpath, value\u003d//li[@class\u003d\u0027active last\u0027]//a[normalize-space()\u003d\u0027Desktops\u0027]}]","Capabilities":"Capabilities {acceptInsecureCerts: false, browserName: chrome, browserVersion: 120.0.6099.72, chrome: {chromedriverVersion: 120.0.6099.71 (9729082fe617..., userDataDir: C:\\Users\\HP\\AppData\\Local\\T...}, fedcm:accounts: true, goog:chromeOptions: {debuggerAddress: localhost:55811}, networkConnectionEnabled: false, pageLoadStrategy: normal, platformName: windows, proxy: Proxy(), se:cdp: ws://localhost:55811/devtoo..., se:cdpVersion: 120.0.6099.72, setWindowRect: true, strictFileInteractability: false, timeouts: {implicit: 0, pageLoad: 300000, script: 30000}, unhandledPromptBehavior: dismiss and notify, webauthn:extension:credBlob: true, webauthn:extension:largeBlob: true, webauthn:extension:minPinLength: true, webauthn:extension:prf: true, webauthn:virtualAuthenticators: true}","Session ID":"2a31fc60fcb77d9c24baf7e6055e4f1e"},"detailMessage":"no such element: Unable to locate element: {\"method\":\"xpath\",\"selector\":\"//li[@class\u003d\u0027active last\u0027]//a[normalize-space()\u003d\u0027Desktops\u0027]\"}\n  (Session info: chrome\u003d120.0.6099.72)","stackTrace":[{"moduleName":"java.base","moduleVersion":"17.0.8","declaringClass":"jdk.internal.reflect.NativeConstructorAccessorImpl","methodName":"newInstance0","fileName":"NativeConstructorAccessorImpl.java","lineNumber":-2,"format":2},{"moduleName":"java.base","moduleVersion":"17.0.8","declaringClass":"jdk.internal.reflect.NativeConstructorAccessorImpl","methodName":"newInstance","fileName":"NativeConstructorAccessorImpl.java","lineNumber":77,"format":2},{"moduleName":"java.base","moduleVersion":"17.0.8","declaringClass":"jdk.internal.reflect.DelegatingConstructorAccessorImpl","methodName":"newInstance","fileName":"DelegatingConstructorAccessorImpl.java","lineNumber":45,"format":2},{"moduleName":"java.base","moduleVersion":"17.0.8","declaringClass":"java.lang.reflect.Constructor","methodName":"newInstanceWithCaller","fileName":"Constructor.java","lineNumber":499,"format":2},{"moduleName":"java.base","moduleVersion":"17.0.8","declaringClass":"java.lang.reflect.Constructor","methodName":"newInstance","fileName":"Constructor.java","lineNumber":480,"format":2},{"classLoaderName":"app","declaringClass":"org.openqa.selenium.remote.codec.w3c.W3CHttpResponseCodec","methodName":"createException","fileName":"W3CHttpResponseCodec.java","lineNumber":200,"format":1},{"classLoaderName":"app","declaringClass":"org.openqa.selenium.remote.codec.w3c.W3CHttpResponseCodec","methodName":"decode","fileName":"W3CHttpResponseCodec.java","lineNumber":133,"format":1},{"classLoaderName":"app","declaringClass":"org.openqa.selenium.remote.codec.w3c.W3CHttpResponseCodec","methodName":"decode","fileName":"W3CHttpResponseCodec.java","lineNumber":52,"format":1},{"classLoaderName":"app","declaringClass":"org.openqa.selenium.remote.HttpCommandExecutor","methodName":"execute","fileName":"HttpCommandExecutor.java","lineNumber":191,"format":1},{"classLoaderName":"app","declaringClass":"org.openqa.selenium.remote.service.DriverCommandExecutor","methodName":"invokeExecute","fileName":"DriverCommandExecutor.java","lineNumber":200,"format":1},{"classLoaderName":"app","declaringClass":"org.openqa.selenium.remote.service.DriverCommandExecutor","methodName":"execute","fileName":"DriverCommandExecutor.java","lineNumber":175,"format":1},{"classLoaderName":"app","declaringClass":"org.openqa.selenium.remote.RemoteWebDriver","methodName":"execute","fileName":"RemoteWebDriver.java","lineNumber":607,"format":1},{"classLoaderName":"app","declaringClass":"org.openqa.selenium.remote.ElementLocation$ElementFinder$2","methodName":"findElement","fileName":"ElementLocation.java","lineNumber":165,"format":1},{"classLoaderName":"app","declaringClass":"org.openqa.selenium.remote.ElementLocation","methodName":"findElement","fileName":"ElementLocation.java","lineNumber":59,"format":1},{"classLoaderName":"app","declaringClass":"org.openqa.selenium.remote.RemoteWebDriver","methodName":"findElement","fileName":"RemoteWebDriver.java","lineNumber":364,"format":1},{"classLoaderName":"app","declaringClass":"org.openqa.selenium.remote.RemoteWebDriver","methodName":"findElement","fileName":"RemoteWebDriver.java","lineNumber":358,"format":1},{"classLoaderName":"app","declaringClass":"org.openqa.selenium.support.pagefactory.DefaultElementLocator","methodName":"findElement","fileName":"DefaultElementLocator.java","lineNumber":68,"format":1},{"classLoaderName":"app","declaringClass":"org.openqa.selenium.support.pagefactory.internal.LocatingElementHandler","methodName":"invoke","fileName":"LocatingElementHandler.java","lineNumber":38,"format":1},{"classLoaderName":"app","moduleName":"jdk.proxy2","declaringClass":"jdk.proxy2.$Proxy29","methodName":"click","lineNumber":-1,"format":1},{"classLoaderName":"app","declaringClass":"com.nopcommerce.demo.utility.Utility","methodName":"clickOnElement","fileName":"Utility.java","lineNumber":50,"format":1},{"classLoaderName":"app","declaringClass":"com.nopcommerce.demo.pages.ComputersPage","methodName":"clickOnDesktopsLink","fileName":"ComputersPage.java","lineNumber":27,"format":1},{"classLoaderName":"app","declaringClass":"com.nopcommerce.demo.steps.ComputerSteps","methodName":"iClickOnDesktopsLink","fileName":"ComputerSteps.java","lineNumber":27,"format":1},{"declaringClass":"✽","methodName":"I click on desktops link","fileName":"file:///C:/Users/HP/IdeaProjects/nop-commerce-demo/src/test/resources/features/computerpage.feature","lineNumber":17,"format":0}],"suppressedExceptions":[]},"stackTrace":"org.openqa.selenium.NoSuchElementException: no such element: Unable to locate element: {\"method\":\"xpath\",\"selector\":\"//li[@class\u003d\u0027active last\u0027]//a[normalize-space()\u003d\u0027Desktops\u0027]\"}\n  (Session info: chrome\u003d120.0.6099.72)\nFor documentation on this error, please visit: https://www.selenium.dev/documentation/webdriver/troubleshooting/errors#no-such-element-exception\nBuild info: version: \u00274.15.0\u0027, revision: \u00271d14b5521b\u0027\nSystem info: os.name: \u0027Windows 11\u0027, os.arch: \u0027amd64\u0027, os.version: \u002710.0\u0027, java.version: \u002717.0.8\u0027\nDriver info: org.openqa.selenium.chrome.ChromeDriver\nCommand: [2a31fc60fcb77d9c24baf7e6055e4f1e, findElement {using\u003dxpath, value\u003d//li[@class\u003d\u0027active last\u0027]//a[normalize-space()\u003d\u0027Desktops\u0027]}]\nCapabilities {acceptInsecureCerts: false, browserName: chrome, browserVersion: 120.0.6099.72, chrome: {chromedriverVersion: 120.0.6099.71 (9729082fe617..., userDataDir: C:\\Users\\HP\\AppData\\Local\\T...}, fedcm:accounts: true, goog:chromeOptions: {debuggerAddress: localhost:55811}, networkConnectionEnabled: false, pageLoadStrategy: normal, platformName: windows, proxy: Proxy(), se:cdp: ws://localhost:55811/devtoo..., se:cdpVersion: 120.0.6099.72, setWindowRect: true, strictFileInteractability: false, timeouts: {implicit: 0, pageLoad: 300000, script: 30000}, unhandledPromptBehavior: dismiss and notify, webauthn:extension:credBlob: true, webauthn:extension:largeBlob: true, webauthn:extension:minPinLength: true, webauthn:extension:prf: true, webauthn:virtualAuthenticators: true}\nSession ID: 2a31fc60fcb77d9c24baf7e6055e4f1e\r\n\tat java.base/jdk.internal.reflect.NativeConstructorAccessorImpl.newInstance0(Native Method)\r\n\tat java.base/jdk.internal.reflect.NativeConstructorAccessorImpl.newInstance(NativeConstructorAccessorImpl.java:77)\r\n\tat java.base/jdk.internal.reflect.DelegatingConstructorAccessorImpl.newInstance(DelegatingConstructorAccessorImpl.java:45)\r\n\tat java.base/java.lang.reflect.Constructor.newInstanceWithCaller(Constructor.java:499)\r\n\tat java.base/java.lang.reflect.Constructor.newInstance(Constructor.java:480)\r\n\tat org.openqa.selenium.remote.codec.w3c.W3CHttpResponseCodec.createException(W3CHttpResponseCodec.java:200)\r\n\tat org.openqa.selenium.remote.codec.w3c.W3CHttpResponseCodec.decode(W3CHttpResponseCodec.java:133)\r\n\tat org.openqa.selenium.remote.codec.w3c.W3CHttpResponseCodec.decode(W3CHttpResponseCodec.java:52)\r\n\tat org.openqa.selenium.remote.HttpCommandExecutor.execute(HttpCommandExecutor.java:191)\r\n\tat org.openqa.selenium.remote.service.DriverCommandExecutor.invokeExecute(DriverCommandExecutor.java:200)\r\n\tat org.openqa.selenium.remote.service.DriverCommandExecutor.execute(DriverCommandExecutor.java:175)\r\n\tat org.openqa.selenium.remote.RemoteWebDriver.execute(RemoteWebDriver.java:607)\r\n\tat org.openqa.selenium.remote.ElementLocation$ElementFinder$2.findElement(ElementLocation.java:165)\r\n\tat org.openqa.selenium.remote.ElementLocation.findElement(ElementLocation.java:59)\r\n\tat org.openqa.selenium.remote.RemoteWebDriver.findElement(RemoteWebDriver.java:364)\r\n\tat org.openqa.selenium.remote.RemoteWebDriver.findElement(RemoteWebDriver.java:358)\r\n\tat org.openqa.selenium.support.pagefactory.DefaultElementLocator.findElement(DefaultElementLocator.java:68)\r\n\tat org.openqa.selenium.support.pagefactory.internal.LocatingElementHandler.invoke(LocatingElementHandler.java:38)\r\n\tat jdk.proxy2/jdk.proxy2.$Proxy29.click(Unknown Source)\r\n\tat com.nopcommerce.demo.utility.Utility.clickOnElement(Utility.java:50)\r\n\tat com.nopcommerce.demo.pages.ComputersPage.clickOnDesktopsLink(ComputersPage.java:27)\r\n\tat com.nopcommerce.demo.steps.ComputerSteps.iClickOnDesktopsLink(ComputerSteps.java:27)\r\n\tat ✽.I click on desktops link(file:///C:/Users/HP/IdeaProjects/nop-commerce-demo/src/test/resources/features/computerpage.feature:17)\r\n","name":"org.openqa.selenium.NoSuchElementException"}}],"media":[],"exceptions":[{"exception":{"extraInfo":{"Driver info":"org.openqa.selenium.chrome.ChromeDriver","Command":"[2a31fc60fcb77d9c24baf7e6055e4f1e, findElement {using\u003dxpath, value\u003d//li[@class\u003d\u0027active last\u0027]//a[normalize-space()\u003d\u0027Desktops\u0027]}]","Capabilities":"Capabilities {acceptInsecureCerts: false, browserName: chrome, browserVersion: 120.0.6099.72, chrome: {chromedriverVersion: 120.0.6099.71 (9729082fe617..., userDataDir: C:\\Users\\HP\\AppData\\Local\\T...}, fedcm:accounts: true, goog:chromeOptions: {debuggerAddress: localhost:55811}, networkConnectionEnabled: false, pageLoadStrategy: normal, platformName: windows, proxy: Proxy(), se:cdp: ws://localhost:55811/devtoo..., se:cdpVersion: 120.0.6099.72, setWindowRect: true, strictFileInteractability: false, timeouts: {implicit: 0, pageLoad: 300000, script: 30000}, unhandledPromptBehavior: dismiss and notify, webauthn:extension:credBlob: true, webauthn:extension:largeBlob: true, webauthn:extension:minPinLength: true, webauthn:extension:prf: true, webauthn:virtualAuthenticators: true}","Session ID":"2a31fc60fcb77d9c24baf7e6055e4f1e"},"detailMessage":"no such element: Unable to locate element: {\"method\":\"xpath\",\"selector\":\"//li[@class\u003d\u0027active last\u0027]//a[normalize-space()\u003d\u0027Desktops\u0027]\"}\n  (Session info: chrome\u003d120.0.6099.72)","stackTrace":[{"moduleName":"java.base","moduleVersion":"17.0.8","declaringClass":"jdk.internal.reflect.NativeConstructorAccessorImpl","methodName":"newInstance0","fileName":"NativeConstructorAccessorImpl.java","lineNumber":-2,"format":2},{"moduleName":"java.base","moduleVersion":"17.0.8","declaringClass":"jdk.internal.reflect.NativeConstructorAccessorImpl","methodName":"newInstance","fileName":"NativeConstructorAccessorImpl.java","lineNumber":77,"format":2},{"moduleName":"java.base","moduleVersion":"17.0.8","declaringClass":"jdk.internal.reflect.DelegatingConstructorAccessorImpl","methodName":"newInstance","fileName":"DelegatingConstructorAccessorImpl.java","lineNumber":45,"format":2},{"moduleName":"java.base","moduleVersion":"17.0.8","declaringClass":"java.lang.reflect.Constructor","methodName":"newInstanceWithCaller","fileName":"Constructor.java","lineNumber":499,"format":2},{"moduleName":"java.base","moduleVersion":"17.0.8","declaringClass":"java.lang.reflect.Constructor","methodName":"newInstance","fileName":"Constructor.java","lineNumber":480,"format":2},{"classLoaderName":"app","declaringClass":"org.openqa.selenium.remote.codec.w3c.W3CHttpResponseCodec","methodName":"createException","fileName":"W3CHttpResponseCodec.java","lineNumber":200,"format":1},{"classLoaderName":"app","declaringClass":"org.openqa.selenium.remote.codec.w3c.W3CHttpResponseCodec","methodName":"decode","fileName":"W3CHttpResponseCodec.java","lineNumber":133,"format":1},{"classLoaderName":"app","declaringClass":"org.openqa.selenium.remote.codec.w3c.W3CHttpResponseCodec","methodName":"decode","fileName":"W3CHttpResponseCodec.java","lineNumber":52,"format":1},{"classLoaderName":"app","declaringClass":"org.openqa.selenium.remote.HttpCommandExecutor","methodName":"execute","fileName":"HttpCommandExecutor.java","lineNumber":191,"format":1},{"classLoaderName":"app","declaringClass":"org.openqa.selenium.remote.service.DriverCommandExecutor","methodName":"invokeExecute","fileName":"DriverCommandExecutor.java","lineNumber":200,"format":1},{"classLoaderName":"app","declaringClass":"org.openqa.selenium.remote.service.DriverCommandExecutor","methodName":"execute","fileName":"DriverCommandExecutor.java","lineNumber":175,"format":1},{"classLoaderName":"app","declaringClass":"org.openqa.selenium.remote.RemoteWebDriver","methodName":"execute","fileName":"RemoteWebDriver.java","lineNumber":607,"format":1},{"classLoaderName":"app","declaringClass":"org.openqa.selenium.remote.ElementLocation$ElementFinder$2","methodName":"findElement","fileName":"ElementLocation.java","lineNumber":165,"format":1},{"classLoaderName":"app","declaringClass":"org.openqa.selenium.remote.ElementLocation","methodName":"findElement","fileName":"ElementLocation.java","lineNumber":59,"format":1},{"classLoaderName":"app","declaringClass":"org.openqa.selenium.remote.RemoteWebDriver","methodName":"findElement","fileName":"RemoteWebDriver.java","lineNumber":364,"format":1},{"classLoaderName":"app","declaringClass":"org.openqa.selenium.remote.RemoteWebDriver","methodName":"findElement","fileName":"RemoteWebDriver.java","lineNumber":358,"format":1},{"classLoaderName":"app","declaringClass":"org.openqa.selenium.support.pagefactory.DefaultElementLocator","methodName":"findElement","fileName":"DefaultElementLocator.java","lineNumber":68,"format":1},{"classLoaderName":"app","declaringClass":"org.openqa.selenium.support.pagefactory.internal.LocatingElementHandler","methodName":"invoke","fileName":"LocatingElementHandler.java","lineNumber":38,"format":1},{"classLoaderName":"app","moduleName":"jdk.proxy2","declaringClass":"jdk.proxy2.$Proxy29","methodName":"click","lineNumber":-1,"format":1},{"classLoaderName":"app","declaringClass":"com.nopcommerce.demo.utility.Utility","methodName":"clickOnElement","fileName":"Utility.java","lineNumber":50,"format":1},{"classLoaderName":"app","declaringClass":"com.nopcommerce.demo.pages.ComputersPage","methodName":"clickOnDesktopsLink","fileName":"ComputersPage.java","lineNumber":27,"format":1},{"classLoaderName":"app","declaringClass":"com.nopcommerce.demo.steps.ComputerSteps","methodName":"iClickOnDesktopsLink","fileName":"ComputerSteps.java","lineNumber":27,"format":1},{"declaringClass":"✽","methodName":"I click on desktops link","fileName":"file:///C:/Users/HP/IdeaProjects/nop-commerce-demo/src/test/resources/features/computerpage.feature","lineNumber":17,"format":0}],"suppressedExceptions":[]},"stackTrace":"org.openqa.selenium.NoSuchElementException: no such element: Unable to locate element: {\"method\":\"xpath\",\"selector\":\"//li[@class\u003d\u0027active last\u0027]//a[normalize-space()\u003d\u0027Desktops\u0027]\"}\n  (Session info: chrome\u003d120.0.6099.72)\nFor documentation on this error, please visit: https://www.selenium.dev/documentation/webdriver/troubleshooting/errors#no-such-element-exception\nBuild info: version: \u00274.15.0\u0027, revision: \u00271d14b5521b\u0027\nSystem info: os.name: \u0027Windows 11\u0027, os.arch: \u0027amd64\u0027, os.version: \u002710.0\u0027, java.version: \u002717.0.8\u0027\nDriver info: org.openqa.selenium.chrome.ChromeDriver\nCommand: [2a31fc60fcb77d9c24baf7e6055e4f1e, findElement {using\u003dxpath, value\u003d//li[@class\u003d\u0027active last\u0027]//a[normalize-space()\u003d\u0027Desktops\u0027]}]\nCapabilities {acceptInsecureCerts: false, browserName: chrome, browserVersion: 120.0.6099.72, chrome: {chromedriverVersion: 120.0.6099.71 (9729082fe617..., userDataDir: C:\\Users\\HP\\AppData\\Local\\T...}, fedcm:accounts: true, goog:chromeOptions: {debuggerAddress: localhost:55811}, networkConnectionEnabled: false, pageLoadStrategy: normal, platformName: windows, proxy: Proxy(), se:cdp: ws://localhost:55811/devtoo..., se:cdpVersion: 120.0.6099.72, setWindowRect: true, strictFileInteractability: false, timeouts: {implicit: 0, pageLoad: 300000, script: 30000}, unhandledPromptBehavior: dismiss and notify, webauthn:extension:credBlob: true, webauthn:extension:largeBlob: true, webauthn:extension:minPinLength: true, webauthn:extension:prf: true, webauthn:virtualAuthenticators: true}\nSession ID: 2a31fc60fcb77d9c24baf7e6055e4f1e\r\n\tat java.base/jdk.internal.reflect.NativeConstructorAccessorImpl.newInstance0(Native Method)\r\n\tat java.base/jdk.internal.reflect.NativeConstructorAccessorImpl.newInstance(NativeConstructorAccessorImpl.java:77)\r\n\tat java.base/jdk.internal.reflect.DelegatingConstructorAccessorImpl.newInstance(DelegatingConstructorAccessorImpl.java:45)\r\n\tat java.base/java.lang.reflect.Constructor.newInstanceWithCaller(Constructor.java:499)\r\n\tat java.base/java.lang.reflect.Constructor.newInstance(Constructor.java:480)\r\n\tat org.openqa.selenium.remote.codec.w3c.W3CHttpResponseCodec.createException(W3CHttpResponseCodec.java:200)\r\n\tat org.openqa.selenium.remote.codec.w3c.W3CHttpResponseCodec.decode(W3CHttpResponseCodec.java:133)\r\n\tat org.openqa.selenium.remote.codec.w3c.W3CHttpResponseCodec.decode(W3CHttpResponseCodec.java:52)\r\n\tat org.openqa.selenium.remote.HttpCommandExecutor.execute(HttpCommandExecutor.java:191)\r\n\tat org.openqa.selenium.remote.service.DriverCommandExecutor.invokeExecute(DriverCommandExecutor.java:200)\r\n\tat org.openqa.selenium.remote.service.DriverCommandExecutor.execute(DriverCommandExecutor.java:175)\r\n\tat org.openqa.selenium.remote.RemoteWebDriver.execute(RemoteWebDriver.java:607)\r\n\tat org.openqa.selenium.remote.ElementLocation$ElementFinder$2.findElement(ElementLocation.java:165)\r\n\tat org.openqa.selenium.remote.ElementLocation.findElement(ElementLocation.java:59)\r\n\tat org.openqa.selenium.remote.RemoteWebDriver.findElement(RemoteWebDriver.java:364)\r\n\tat org.openqa.selenium.remote.RemoteWebDriver.findElement(RemoteWebDriver.java:358)\r\n\tat org.openqa.selenium.support.pagefactory.DefaultElementLocator.findElement(DefaultElementLocator.java:68)\r\n\tat org.openqa.selenium.support.pagefactory.internal.LocatingElementHandler.invoke(LocatingElementHandler.java:38)\r\n\tat jdk.proxy2/jdk.proxy2.$Proxy29.click(Unknown Source)\r\n\tat com.nopcommerce.demo.utility.Utility.clickOnElement(Utility.java:50)\r\n\tat com.nopcommerce.demo.pages.ComputersPage.clickOnDesktopsLink(ComputersPage.java:27)\r\n\tat com.nopcommerce.demo.steps.ComputerSteps.iClickOnDesktopsLink(ComputerSteps.java:27)\r\n\tat ✽.I click on desktops link(file:///C:/Users/HP/IdeaProjects/nop-commerce-demo/src/test/resources/features/computerpage.feature:17)\r\n","name":"org.openqa.selenium.NoSuchElementException"}],"authorSet":[],"categorySet":[],"deviceSet":[],"generatedLog":[]},{"useNaturalConf":true,"startTime":"Dec 18, 2023, 10:45:32 AM","endTime":"Dec 18, 2023, 10:45:32 AM","status":"SKIP","level":2,"isLeaf":true,"name":"Then I should navigate to desktops page successfully and verify the text \"Desktops\"","description":"com.nopcommerce.demo.steps.ComputerSteps.iShouldNavigateToDesktopsPageSuccessfullyAndVerifyTheText(java.lang.String)","bddType":"com.aventstack.extentreports.gherkin.model.Then","infoMap":{},"children":[],"logs":[{"timestamp":"Dec 18, 2023, 10:45:32 AM","status":"SKIP","details":"Step skipped","seq":0,"infoMap":{}}],"media":[],"exceptions":[],"authorSet":[],"categorySet":[],"deviceSet":[],"generatedLog":[]},{"useNaturalConf":true,"startTime":"Dec 18, 2023, 10:45:32 AM","endTime":"Dec 18, 2023, 10:45:33 AM","status":"PASS","level":2,"isLeaf":true,"name":"com.nopcommerce.demo.steps.Hooks.tearDown(io.cucumber.java.Scenario)","description":"AFTER","bddType":"com.aventstack.extentreports.gherkin.model.Asterisk","infoMap":{},"children":[],"logs":[{"timestamp":"Dec 18, 2023, 10:45:32 AM","status":"INFO","details":"User should navigate to desktop page successfully","seq":0,"infoMap":{},"media":{"path":"../screenshots/embedded2.png"}},{"timestamp":"Dec 18, 2023, 10:45:33 AM","status":"PASS","details":"","seq":1,"infoMap":{}}],"media":[],"exceptions":[],"authorSet":[],"categorySet":[],"deviceSet":[],"generatedLog":[]}],"logs":[],"media":[],"exceptions":[],"authorSet":[],"categorySet":[{"name":"@author_Devansh"},{"name":"@smoke"},{"name":"@regression"}],"deviceSet":[],"generatedLog":[]},{"useNaturalConf":true,"startTime":"Dec 18, 2023, 10:45:33 AM","endTime":"Dec 18, 2023, 10:45:50 AM","status":"FAIL","level":1,"isLeaf":false,"name":"User should build own computer and add them to cart successfully","description":"\u003cbr\u003e\u003cbr\u003e\u003ctable class\u003d\u0027markup-table table \u0027\u003e\u003ctr\u003e\u003ctd\u003eprocessor\u003c/td\u003e\u003ctd\u003eram\u003c/td\u003e\u003ctd\u003ehdd\u003c/td\u003e\u003ctd\u003eos\u003c/td\u003e\u003ctd\u003esoftware\u003c/td\u003e\u003c/tr\u003e\u003ctr\u003e\u003ctd\u003e2.2 GHz Intel Pentium Dual-Core E2200\u003c/td\u003e\u003ctd\u003e2 GB\u003c/td\u003e\u003ctd\u003e320 GB\u003c/td\u003e\u003ctd\u003eVista Home [+$50.00]\u003c/td\u003e\u003ctd\u003eMicrosoft Office [+$50.00]\u003c/td\u003e\u003c/tr\u003e\u003c/table\u003e","bddType":"com.aventstack.extentreports.gherkin.model.ScenarioOutline","infoMap":{},"children":[{"useNaturalConf":true,"startTime":"Dec 18, 2023, 10:45:33 AM","endTime":"Dec 18, 2023, 10:45:50 AM","status":"FAIL","level":2,"isLeaf":false,"name":"User should build own computer and add them to cart successfully","description":"","bddType":"com.aventstack.extentreports.gherkin.model.Scenario","infoMap":{},"children":[{"useNaturalConf":true,"startTime":"Dec 18, 2023, 10:45:39 AM","endTime":"Dec 18, 2023, 10:45:39 AM","status":"PASS","level":3,"isLeaf":true,"name":"Given I am on homepage","description":"com.nopcommerce.demo.steps.LoginSteps.iAmOnHomepage()","bddType":"com.aventstack.extentreports.gherkin.model.Given","infoMap":{},"children":[],"logs":[{"timestamp":"Dec 18, 2023, 10:45:39 AM","status":"PASS","details":"","seq":0,"infoMap":{}}],"media":[],"exceptions":[],"authorSet":[],"categorySet":[],"deviceSet":[],"generatedLog":[]},{"useNaturalConf":true,"startTime":"Dec 18, 2023, 10:45:39 AM","endTime":"Dec 18, 2023, 10:45:40 AM","status":"PASS","level":3,"isLeaf":true,"name":"When I click on computer menu","description":"com.nopcommerce.demo.steps.ComputerSteps.iClickOnComputerMenu()","bddType":"com.aventstack.extentreports.gherkin.model.When","infoMap":{},"children":[],"logs":[{"timestamp":"Dec 18, 2023, 10:45:40 AM","status":"PASS","details":"","seq":0,"infoMap":{}}],"media":[],"exceptions":[],"authorSet":[],"categorySet":[],"deviceSet":[],"generatedLog":[]},{"useNaturalConf":true,"startTime":"Dec 18, 2023, 10:45:40 AM","endTime":"Dec 18, 2023, 10:45:50 AM","status":"FAIL","level":3,"isLeaf":true,"name":"And I click on desktops link","description":"com.nopcommerce.demo.steps.ComputerSteps.iClickOnDesktopsLink()","bddType":"com.aventstack.extentreports.gherkin.model.And","infoMap":{},"children":[],"logs":[{"timestamp":"Dec 18, 2023, 10:45:50 AM","status":"FAIL","details":"","seq":0,"infoMap":{},"exception":{"exception":{"extraInfo":{"Driver info":"driver.version: RemoteWebDriver"},"detailMessage":"Unable to find element with locator By.xpath: //li[@class\u003d\u0027active last\u0027]//a[normalize-space()\u003d\u0027Desktops\u0027]","stackTrace":[{"classLoaderName":"app","declaringClass":"org.openqa.selenium.remote.ElementLocation$ElementFinder$2","methodName":"findElement","fileName":"ElementLocation.java","lineNumber":168,"format":1},{"classLoaderName":"app","declaringClass":"org.openqa.selenium.remote.ElementLocation","methodName":"findElement","fileName":"ElementLocation.java","lineNumber":59,"format":1},{"classLoaderName":"app","declaringClass":"org.openqa.selenium.remote.RemoteWebDriver","methodName":"findElement","fileName":"RemoteWebDriver.java","lineNumber":364,"format":1},{"classLoaderName":"app","declaringClass":"org.openqa.selenium.remote.RemoteWebDriver","methodName":"findElement","fileName":"RemoteWebDriver.java","lineNumber":358,"format":1},{"classLoaderName":"app","declaringClass":"org.openqa.selenium.support.pagefactory.DefaultElementLocator","methodName":"findElement","fileName":"DefaultElementLocator.java","lineNumber":68,"format":1},{"classLoaderName":"app","declaringClass":"org.openqa.selenium.support.pagefactory.internal.LocatingElementHandler","methodName":"invoke","fileName":"LocatingElementHandler.java","lineNumber":38,"format":1},{"classLoaderName":"app","moduleName":"jdk.proxy2","declaringClass":"jdk.proxy2.$Proxy29","methodName":"click","lineNumber":-1,"format":1},{"classLoaderName":"app","declaringClass":"com.nopcommerce.demo.utility.Utility","methodName":"clickOnElement","fileName":"Utility.java","lineNumber":50,"format":1},{"classLoaderName":"app","declaringClass":"com.nopcommerce.demo.pages.ComputersPage","methodName":"clickOnDesktopsLink","fileName":"ComputersPage.java","lineNumber":27,"format":1},{"classLoaderName":"app","declaringClass":"com.nopcommerce.demo.steps.ComputerSteps","methodName":"iClickOnDesktopsLink","fileName":"ComputerSteps.java","lineNumber":27,"format":1},{"declaringClass":"✽","methodName":"I click on desktops link","fileName":"file:///C:/Users/HP/IdeaProjects/nop-commerce-demo/src/test/resources/features/computerpage.feature","lineNumber":24,"format":0}],"suppressedExceptions":[]},"stackTrace":"org.openqa.selenium.NoSuchElementException: Unable to find element with locator By.xpath: //li[@class\u003d\u0027active last\u0027]//a[normalize-space()\u003d\u0027Desktops\u0027]\nFor documentation on this error, please visit: https://www.selenium.dev/documentation/webdriver/troubleshooting/errors#no-such-element-exception\nBuild info: version: \u00274.15.0\u0027, revision: \u00271d14b5521b\u0027\nSystem info: os.name: \u0027Windows 11\u0027, os.arch: \u0027amd64\u0027, os.version: \u002710.0\u0027, java.version: \u002717.0.8\u0027\nDriver info: driver.version: RemoteWebDriver\r\n\tat org.openqa.selenium.remote.ElementLocation$ElementFinder$2.findElement(ElementLocation.java:168)\r\n\tat org.openqa.selenium.remote.ElementLocation.findElement(ElementLocation.java:59)\r\n\tat org.openqa.selenium.remote.RemoteWebDriver.findElement(RemoteWebDriver.java:364)\r\n\tat org.openqa.selenium.remote.RemoteWebDriver.findElement(RemoteWebDriver.java:358)\r\n\tat org.openqa.selenium.support.pagefactory.DefaultElementLocator.findElement(DefaultElementLocator.java:68)\r\n\tat org.openqa.selenium.support.pagefactory.internal.LocatingElementHandler.invoke(LocatingElementHandler.java:38)\r\n\tat jdk.proxy2/jdk.proxy2.$Proxy29.click(Unknown Source)\r\n\tat com.nopcommerce.demo.utility.Utility.clickOnElement(Utility.java:50)\r\n\tat com.nopcommerce.demo.pages.ComputersPage.clickOnDesktopsLink(ComputersPage.java:27)\r\n\tat com.nopcommerce.demo.steps.ComputerSteps.iClickOnDesktopsLink(ComputerSteps.java:27)\r\n\tat ✽.I click on desktops link(file:///C:/Users/HP/IdeaProjects/nop-commerce-demo/src/test/resources/features/computerpage.feature:24)\r\n","name":"org.openqa.selenium.NoSuchElementException"}}],"media":[],"exceptions":[{"exception":{"extraInfo":{"Driver info":"driver.version: RemoteWebDriver"},"detailMessage":"Unable to find element with locator By.xpath: //li[@class\u003d\u0027active last\u0027]//a[normalize-space()\u003d\u0027Desktops\u0027]","stackTrace":[{"classLoaderName":"app","declaringClass":"org.openqa.selenium.remote.ElementLocation$ElementFinder$2","methodName":"findElement","fileName":"ElementLocation.java","lineNumber":168,"format":1},{"classLoaderName":"app","declaringClass":"org.openqa.selenium.remote.ElementLocation","methodName":"findElement","fileName":"ElementLocation.java","lineNumber":59,"format":1},{"classLoaderName":"app","declaringClass":"org.openqa.selenium.remote.RemoteWebDriver","methodName":"findElement","fileName":"RemoteWebDriver.java","lineNumber":364,"format":1},{"classLoaderName":"app","declaringClass":"org.openqa.selenium.remote.RemoteWebDriver","methodName":"findElement","fileName":"RemoteWebDriver.java","lineNumber":358,"format":1},{"classLoaderName":"app","declaringClass":"org.openqa.selenium.support.pagefactory.DefaultElementLocator","methodName":"findElement","fileName":"DefaultElementLocator.java","lineNumber":68,"format":1},{"classLoaderName":"app","declaringClass":"org.openqa.selenium.support.pagefactory.internal.LocatingElementHandler","methodName":"invoke","fileName":"LocatingElementHandler.java","lineNumber":38,"format":1},{"classLoaderName":"app","moduleName":"jdk.proxy2","declaringClass":"jdk.proxy2.$Proxy29","methodName":"click","lineNumber":-1,"format":1},{"classLoaderName":"app","declaringClass":"com.nopcommerce.demo.utility.Utility","methodName":"clickOnElement","fileName":"Utility.java","lineNumber":50,"format":1},{"classLoaderName":"app","declaringClass":"com.nopcommerce.demo.pages.ComputersPage","methodName":"clickOnDesktopsLink","fileName":"ComputersPage.java","lineNumber":27,"format":1},{"classLoaderName":"app","declaringClass":"com.nopcommerce.demo.steps.ComputerSteps","methodName":"iClickOnDesktopsLink","fileName":"ComputerSteps.java","lineNumber":27,"format":1},{"declaringClass":"✽","methodName":"I click on desktops link","fileName":"file:///C:/Users/HP/IdeaProjects/nop-commerce-demo/src/test/resources/features/computerpage.feature","lineNumber":24,"format":0}],"suppressedExceptions":[]},"stackTrace":"org.openqa.selenium.NoSuchElementException: Unable to find element with locator By.xpath: //li[@class\u003d\u0027active last\u0027]//a[normalize-space()\u003d\u0027Desktops\u0027]\nFor documentation on this error, please visit: https://www.selenium.dev/documentation/webdriver/troubleshooting/errors#no-such-element-exception\nBuild info: version: \u00274.15.0\u0027, revision: \u00271d14b5521b\u0027\nSystem info: os.name: \u0027Windows 11\u0027, os.arch: \u0027amd64\u0027, os.version: \u002710.0\u0027, java.version: \u002717.0.8\u0027\nDriver info: driver.version: RemoteWebDriver\r\n\tat org.openqa.selenium.remote.ElementLocation$ElementFinder$2.findElement(ElementLocation.java:168)\r\n\tat org.openqa.selenium.remote.ElementLocation.findElement(ElementLocation.java:59)\r\n\tat org.openqa.selenium.remote.RemoteWebDriver.findElement(RemoteWebDriver.java:364)\r\n\tat org.openqa.selenium.remote.RemoteWebDriver.findElement(RemoteWebDriver.java:358)\r\n\tat org.openqa.selenium.support.pagefactory.DefaultElementLocator.findElement(DefaultElementLocator.java:68)\r\n\tat org.openqa.selenium.support.pagefactory.internal.LocatingElementHandler.invoke(LocatingElementHandler.java:38)\r\n\tat jdk.proxy2/jdk.proxy2.$Proxy29.click(Unknown Source)\r\n\tat com.nopcommerce.demo.utility.Utility.clickOnElement(Utility.java:50)\r\n\tat com.nopcommerce.demo.pages.ComputersPage.clickOnDesktopsLink(ComputersPage.java:27)\r\n\tat com.nopcommerce.demo.steps.ComputerSteps.iClickOnDesktopsLink(ComputerSteps.java:27)\r\n\tat ✽.I click on desktops link(file:///C:/Users/HP/IdeaProjects/nop-commerce-demo/src/test/resources/features/computerpage.feature:24)\r\n","name":"org.openqa.selenium.NoSuchElementException"}],"authorSet":[],"categorySet":[],"deviceSet":[],"generatedLog":[]},{"useNaturalConf":true,"startTime":"Dec 18, 2023, 10:45:50 AM","endTime":"Dec 18, 2023, 10:45:50 AM","status":"SKIP","level":3,"isLeaf":true,"name":"And I click on build your own computer","description":"com.nopcommerce.demo.steps.ComputerSteps.iClickOnBuildYourOwnComputer()","bddType":"com.aventstack.extentreports.gherkin.model.And","infoMap":{},"children":[],"logs":[{"timestamp":"Dec 18, 2023, 10:45:50 AM","status":"SKIP","details":"Step skipped","seq":0,"infoMap":{}}],"media":[],"exceptions":[],"authorSet":[],"categorySet":[],"deviceSet":[],"generatedLog":[]},{"useNaturalConf":true,"startTime":"Dec 18, 2023, 10:45:50 AM","endTime":"Dec 18, 2023, 10:45:50 AM","status":"SKIP","level":3,"isLeaf":true,"name":"And I select processor \"2.2 GHz Intel Pentium Dual-Core E2200\"","description":"com.nopcommerce.demo.steps.ComputerSteps.iSelectProcessor(java.lang.String)","bddType":"com.aventstack.extentreports.gherkin.model.And","infoMap":{},"children":[],"logs":[{"timestamp":"Dec 18, 2023, 10:45:50 AM","status":"SKIP","details":"Step skipped","seq":0,"infoMap":{}}],"media":[],"exceptions":[],"authorSet":[],"categorySet":[],"deviceSet":[],"generatedLog":[]},{"useNaturalConf":true,"startTime":"Dec 18, 2023, 10:45:50 AM","endTime":"Dec 18, 2023, 10:45:50 AM","status":"SKIP","level":3,"isLeaf":true,"name":"And I select RAM \"2 GB\"","description":"com.nopcommerce.demo.steps.ComputerSteps.iSelectRAM(java.lang.String)","bddType":"com.aventstack.extentreports.gherkin.model.And","infoMap":{},"children":[],"logs":[{"timestamp":"Dec 18, 2023, 10:45:50 AM","status":"SKIP","details":"Step skipped","seq":0,"infoMap":{}}],"media":[],"exceptions":[],"authorSet":[],"categorySet":[],"deviceSet":[],"generatedLog":[]},{"useNaturalConf":true,"startTime":"Dec 18, 2023, 10:45:50 AM","endTime":"Dec 18, 2023, 10:45:50 AM","status":"SKIP","level":3,"isLeaf":true,"name":"And I select HDD \"320 GB\"","description":"com.nopcommerce.demo.steps.ComputerSteps.iSelectHDD(java.lang.String)","bddType":"com.aventstack.extentreports.gherkin.model.And","infoMap":{},"children":[],"logs":[{"timestamp":"Dec 18, 2023, 10:45:50 AM","status":"SKIP","details":"Step skipped","seq":0,"infoMap":{}}],"media":[],"exceptions":[],"authorSet":[],"categorySet":[],"deviceSet":[],"generatedLog":[]},{"useNaturalConf":true,"startTime":"Dec 18, 2023, 10:45:50 AM","endTime":"Dec 18, 2023, 10:45:50 AM","status":"SKIP","level":3,"isLeaf":true,"name":"And I select OS \"Vista Home [+$50.00]\"","description":"com.nopcommerce.demo.steps.ComputerSteps.iSelectOS(java.lang.String)","bddType":"com.aventstack.extentreports.gherkin.model.And","infoMap":{},"children":[],"logs":[{"timestamp":"Dec 18, 2023, 10:45:50 AM","status":"SKIP","details":"Step skipped","seq":0,"infoMap":{}}],"media":[],"exceptions":[],"authorSet":[],"categorySet":[],"deviceSet":[],"generatedLog":[]},{"useNaturalConf":true,"startTime":"Dec 18, 2023, 10:45:50 AM","endTime":"Dec 18, 2023, 10:45:50 AM","status":"SKIP","level":3,"isLeaf":true,"name":"And I select software \"Microsoft Office [+$50.00]\"","description":"com.nopcommerce.demo.steps.ComputerSteps.iSelectSoftware(java.lang.String)","bddType":"com.aventstack.extentreports.gherkin.model.And","infoMap":{},"children":[],"logs":[{"timestamp":"Dec 18, 2023, 10:45:50 AM","status":"SKIP","details":"Step skipped","seq":0,"infoMap":{}}],"media":[],"exceptions":[],"authorSet":[],"categorySet":[],"deviceSet":[],"generatedLog":[]},{"useNaturalConf":true,"startTime":"Dec 18, 2023, 10:45:50 AM","endTime":"Dec 18, 2023, 10:45:50 AM","status":"SKIP","level":3,"isLeaf":true,"name":"And I click on add to cart button","description":"com.nopcommerce.demo.steps.ComputerSteps.iClickOnAddToCartButton()","bddType":"com.aventstack.extentreports.gherkin.model.And","infoMap":{},"children":[],"logs":[{"timestamp":"Dec 18, 2023, 10:45:50 AM","status":"SKIP","details":"Step skipped","seq":0,"infoMap":{}}],"media":[],"exceptions":[],"authorSet":[],"categorySet":[],"deviceSet":[],"generatedLog":[]},{"useNaturalConf":true,"startTime":"Dec 18, 2023, 10:45:50 AM","endTime":"Dec 18, 2023, 10:45:50 AM","status":"SKIP","level":3,"isLeaf":true,"name":"Then I should get product added successfully message \"The product has been added to your shopping cart\"","description":"com.nopcommerce.demo.steps.ComputerSteps.iShouldGetProductAddedSuccessfullyMessage(java.lang.String)","bddType":"com.aventstack.extentreports.gherkin.model.Then","infoMap":{},"children":[],"logs":[{"timestamp":"Dec 18, 2023, 10:45:50 AM","status":"SKIP","details":"Step skipped","seq":0,"infoMap":{}}],"media":[],"exceptions":[],"authorSet":[],"categorySet":[],"deviceSet":[],"generatedLog":[]},{"useNaturalConf":true,"startTime":"Dec 18, 2023, 10:45:50 AM","endTime":"Dec 18, 2023, 10:45:50 AM","status":"FAIL","level":3,"isLeaf":true,"name":"com.nopcommerce.demo.steps.Hooks.tearDown(io.cucumber.java.Scenario)","description":"AFTER","bddType":"com.aventstack.extentreports.gherkin.model.Asterisk","infoMap":{},"children":[],"logs":[{"timestamp":"Dec 18, 2023, 10:45:50 AM","status":"FAIL","details":"","seq":0,"infoMap":{},"exception":{"exception":{"extraInfo":{"Driver info":"org.openqa.selenium.chrome.ChromeDriver","Command":"[52a61b94606ee9b73fb84ee3e279be1d, screenshot {}]","Capabilities":"Capabilities {acceptInsecureCerts: false, browserName: chrome, browserVersion: 120.0.6099.72, chrome: {chromedriverVersion: 120.0.6099.71 (9729082fe617..., userDataDir: C:\\Users\\HP\\AppData\\Local\\T...}, fedcm:accounts: true, goog:chromeOptions: {debuggerAddress: localhost:55832}, networkConnectionEnabled: false, pageLoadStrategy: normal, platformName: windows, proxy: Proxy(), se:cdp: ws://localhost:55832/devtoo..., se:cdpVersion: 120.0.6099.72, setWindowRect: true, strictFileInteractability: false, timeouts: {implicit: 0, pageLoad: 300000, script: 30000}, unhandledPromptBehavior: dismiss and notify, webauthn:extension:credBlob: true, webauthn:extension:largeBlob: true, webauthn:extension:minPinLength: true, webauthn:extension:prf: true, webauthn:virtualAuthenticators: true}","Session ID":"52a61b94606ee9b73fb84ee3e279be1d"},"detailMessage":"no such window: target window already closed\nfrom unknown error: web view not found\n  (Session info: chrome\u003d120.0.6099.72)","stackTrace":[{"moduleName":"java.base","moduleVersion":"17.0.8","declaringClass":"jdk.internal.reflect.NativeConstructorAccessorImpl","methodName":"newInstance0","fileName":"NativeConstructorAccessorImpl.java","lineNumber":-2,"format":2},{"moduleName":"java.base","moduleVersion":"17.0.8","declaringClass":"jdk.internal.reflect.NativeConstructorAccessorImpl","methodName":"newInstance","fileName":"NativeConstructorAccessorImpl.java","lineNumber":77,"format":2},{"moduleName":"java.base","moduleVersion":"17.0.8","declaringClass":"jdk.internal.reflect.DelegatingConstructorAccessorImpl","methodName":"newInstance","fileName":"DelegatingConstructorAccessorImpl.java","lineNumber":45,"format":2},{"moduleName":"java.base","moduleVersion":"17.0.8","declaringClass":"java.lang.reflect.Constructor","methodName":"newInstanceWithCaller","fileName":"Constructor.java","lineNumber":499,"format":2},{"moduleName":"java.base","moduleVersion":"17.0.8","declaringClass":"java.lang.reflect.Constructor","methodName":"newInstance","fileName":"Constructor.java","lineNumber":480,"format":2},{"classLoaderName":"app","declaringClass":"org.openqa.selenium.remote.codec.w3c.W3CHttpResponseCodec","methodName":"createException","fileName":"W3CHttpResponseCodec.java","lineNumber":200,"format":1},{"classLoaderName":"app","declaringClass":"org.openqa.selenium.remote.codec.w3c.W3CHttpResponseCodec","methodName":"decode","fileName":"W3CHttpResponseCodec.java","lineNumber":133,"format":1},{"classLoaderName":"app","declaringClass":"org.openqa.selenium.remote.codec.w3c.W3CHttpResponseCodec","methodName":"decode","fileName":"W3CHttpResponseCodec.java","lineNumber":52,"format":1},{"classLoaderName":"app","declaringClass":"org.openqa.selenium.remote.HttpCommandExecutor","methodName":"execute","fileName":"HttpCommandExecutor.java","lineNumber":191,"format":1},{"classLoaderName":"app","declaringClass":"org.openqa.selenium.remote.service.DriverCommandExecutor","methodName":"invokeExecute","fileName":"DriverCommandExecutor.java","lineNumber":200,"format":1},{"classLoaderName":"app","declaringClass":"org.openqa.selenium.remote.service.DriverCommandExecutor","methodName":"execute","fileName":"DriverCommandExecutor.java","lineNumber":175,"format":1},{"classLoaderName":"app","declaringClass":"org.openqa.selenium.remote.RemoteWebDriver","methodName":"execute","fileName":"RemoteWebDriver.java","lineNumber":607,"format":1},{"classLoaderName":"app","declaringClass":"org.openqa.selenium.remote.RemoteWebDriver","methodName":"execute","fileName":"RemoteWebDriver.java","lineNumber":680,"format":1},{"classLoaderName":"app","declaringClass":"org.openqa.selenium.remote.RemoteWebDriver","methodName":"execute","fileName":"RemoteWebDriver.java","lineNumber":684,"format":1},{"classLoaderName":"app","declaringClass":"org.openqa.selenium.remote.RemoteWebDriver","methodName":"getScreenshotAs","fileName":"RemoteWebDriver.java","lineNumber":330,"format":1},{"classLoaderName":"app","declaringClass":"com.nopcommerce.demo.utility.Utility","methodName":"getScreenShot","fileName":"Utility.java","lineNumber":351,"format":1},{"classLoaderName":"app","declaringClass":"com.nopcommerce.demo.steps.Hooks","methodName":"tearDown","fileName":"Hooks.java","lineNumber":17,"format":1}],"suppressedExceptions":[]},"stackTrace":"org.openqa.selenium.NoSuchWindowException: no such window: target window already closed\nfrom unknown error: web view not found\n  (Session info: chrome\u003d120.0.6099.72)\nBuild info: version: \u00274.15.0\u0027, revision: \u00271d14b5521b\u0027\nSystem info: os.name: \u0027Windows 11\u0027, os.arch: \u0027amd64\u0027, os.version: \u002710.0\u0027, java.version: \u002717.0.8\u0027\nDriver info: org.openqa.selenium.chrome.ChromeDriver\nCommand: [52a61b94606ee9b73fb84ee3e279be1d, screenshot {}]\nCapabilities {acceptInsecureCerts: false, browserName: chrome, browserVersion: 120.0.6099.72, chrome: {chromedriverVersion: 120.0.6099.71 (9729082fe617..., userDataDir: C:\\Users\\HP\\AppData\\Local\\T...}, fedcm:accounts: true, goog:chromeOptions: {debuggerAddress: localhost:55832}, networkConnectionEnabled: false, pageLoadStrategy: normal, platformName: windows, proxy: Proxy(), se:cdp: ws://localhost:55832/devtoo..., se:cdpVersion: 120.0.6099.72, setWindowRect: true, strictFileInteractability: false, timeouts: {implicit: 0, pageLoad: 300000, script: 30000}, unhandledPromptBehavior: dismiss and notify, webauthn:extension:credBlob: true, webauthn:extension:largeBlob: true, webauthn:extension:minPinLength: true, webauthn:extension:prf: true, webauthn:virtualAuthenticators: true}\nSession ID: 52a61b94606ee9b73fb84ee3e279be1d\r\n\tat java.base/jdk.internal.reflect.NativeConstructorAccessorImpl.newInstance0(Native Method)\r\n\tat java.base/jdk.internal.reflect.NativeConstructorAccessorImpl.newInstance(NativeConstructorAccessorImpl.java:77)\r\n\tat java.base/jdk.internal.reflect.DelegatingConstructorAccessorImpl.newInstance(DelegatingConstructorAccessorImpl.java:45)\r\n\tat java.base/java.lang.reflect.Constructor.newInstanceWithCaller(Constructor.java:499)\r\n\tat java.base/java.lang.reflect.Constructor.newInstance(Constructor.java:480)\r\n\tat org.openqa.selenium.remote.codec.w3c.W3CHttpResponseCodec.createException(W3CHttpResponseCodec.java:200)\r\n\tat org.openqa.selenium.remote.codec.w3c.W3CHttpResponseCodec.decode(W3CHttpResponseCodec.java:133)\r\n\tat org.openqa.selenium.remote.codec.w3c.W3CHttpResponseCodec.decode(W3CHttpResponseCodec.java:52)\r\n\tat org.openqa.selenium.remote.HttpCommandExecutor.execute(HttpCommandExecutor.java:191)\r\n\tat org.openqa.selenium.remote.service.DriverCommandExecutor.invokeExecute(DriverCommandExecutor.java:200)\r\n\tat org.openqa.selenium.remote.service.DriverCommandExecutor.execute(DriverCommandExecutor.java:175)\r\n\tat org.openqa.selenium.remote.RemoteWebDriver.execute(RemoteWebDriver.java:607)\r\n\tat org.openqa.selenium.remote.RemoteWebDriver.execute(RemoteWebDriver.java:680)\r\n\tat org.openqa.selenium.remote.RemoteWebDriver.execute(RemoteWebDriver.java:684)\r\n\tat org.openqa.selenium.remote.RemoteWebDriver.getScreenshotAs(RemoteWebDriver.java:330)\r\n\tat com.nopcommerce.demo.utility.Utility.getScreenShot(Utility.java:351)\r\n\tat com.nopcommerce.demo.steps.Hooks.tearDown(Hooks.java:17)\r\n","name":"org.openqa.selenium.NoSuchWindowException"}}],"media":[],"exceptions":[{"exception":{"extraInfo":{"Driver info":"org.openqa.selenium.chrome.ChromeDriver","Command":"[52a61b94606ee9b73fb84ee3e279be1d, screenshot {}]","Capabilities":"Capabilities {acceptInsecureCerts: false, browserName: chrome, browserVersion: 120.0.6099.72, chrome: {chromedriverVersion: 120.0.6099.71 (9729082fe617..., userDataDir: C:\\Users\\HP\\AppData\\Local\\T...}, fedcm:accounts: true, goog:chromeOptions: {debuggerAddress: localhost:55832}, networkConnectionEnabled: false, pageLoadStrategy: normal, platformName: windows, proxy: Proxy(), se:cdp: ws://localhost:55832/devtoo..., se:cdpVersion: 120.0.6099.72, setWindowRect: true, strictFileInteractability: false, timeouts: {implicit: 0, pageLoad: 300000, script: 30000}, unhandledPromptBehavior: dismiss and notify, webauthn:extension:credBlob: true, webauthn:extension:largeBlob: true, webauthn:extension:minPinLength: true, webauthn:extension:prf: true, webauthn:virtualAuthenticators: true}","Session ID":"52a61b94606ee9b73fb84ee3e279be1d"},"detailMessage":"no such window: target window already closed\nfrom unknown error: web view not found\n  (Session info: chrome\u003d120.0.6099.72)","stackTrace":[{"moduleName":"java.base","moduleVersion":"17.0.8","declaringClass":"jdk.internal.reflect.NativeConstructorAccessorImpl","methodName":"newInstance0","fileName":"NativeConstructorAccessorImpl.java","lineNumber":-2,"format":2},{"moduleName":"java.base","moduleVersion":"17.0.8","declaringClass":"jdk.internal.reflect.NativeConstructorAccessorImpl","methodName":"newInstance","fileName":"NativeConstructorAccessorImpl.java","lineNumber":77,"format":2},{"moduleName":"java.base","moduleVersion":"17.0.8","declaringClass":"jdk.internal.reflect.DelegatingConstructorAccessorImpl","methodName":"newInstance","fileName":"DelegatingConstructorAccessorImpl.java","lineNumber":45,"format":2},{"moduleName":"java.base","moduleVersion":"17.0.8","declaringClass":"java.lang.reflect.Constructor","methodName":"newInstanceWithCaller","fileName":"Constructor.java","lineNumber":499,"format":2},{"moduleName":"java.base","moduleVersion":"17.0.8","declaringClass":"java.lang.reflect.Constructor","methodName":"newInstance","fileName":"Constructor.java","lineNumber":480,"format":2},{"classLoaderName":"app","declaringClass":"org.openqa.selenium.remote.codec.w3c.W3CHttpResponseCodec","methodName":"createException","fileName":"W3CHttpResponseCodec.java","lineNumber":200,"format":1},{"classLoaderName":"app","declaringClass":"org.openqa.selenium.remote.codec.w3c.W3CHttpResponseCodec","methodName":"decode","fileName":"W3CHttpResponseCodec.java","lineNumber":133,"format":1},{"classLoaderName":"app","declaringClass":"org.openqa.selenium.remote.codec.w3c.W3CHttpResponseCodec","methodName":"decode","fileName":"W3CHttpResponseCodec.java","lineNumber":52,"format":1},{"classLoaderName":"app","declaringClass":"org.openqa.selenium.remote.HttpCommandExecutor","methodName":"execute","fileName":"HttpCommandExecutor.java","lineNumber":191,"format":1},{"classLoaderName":"app","declaringClass":"org.openqa.selenium.remote.service.DriverCommandExecutor","methodName":"invokeExecute","fileName":"DriverCommandExecutor.java","lineNumber":200,"format":1},{"classLoaderName":"app","declaringClass":"org.openqa.selenium.remote.service.DriverCommandExecutor","methodName":"execute","fileName":"DriverCommandExecutor.java","lineNumber":175,"format":1},{"classLoaderName":"app","declaringClass":"org.openqa.selenium.remote.RemoteWebDriver","methodName":"execute","fileName":"RemoteWebDriver.java","lineNumber":607,"format":1},{"classLoaderName":"app","declaringClass":"org.openqa.selenium.remote.RemoteWebDriver","methodName":"execute","fileName":"RemoteWebDriver.java","lineNumber":680,"format":1},{"classLoaderName":"app","declaringClass":"org.openqa.selenium.remote.RemoteWebDriver","methodName":"execute","fileName":"RemoteWebDriver.java","lineNumber":684,"format":1},{"classLoaderName":"app","declaringClass":"org.openqa.selenium.remote.RemoteWebDriver","methodName":"getScreenshotAs","fileName":"RemoteWebDriver.java","lineNumber":330,"format":1},{"classLoaderName":"app","declaringClass":"com.nopcommerce.demo.utility.Utility","methodName":"getScreenShot","fileName":"Utility.java","lineNumber":351,"format":1},{"classLoaderName":"app","declaringClass":"com.nopcommerce.demo.steps.Hooks","methodName":"tearDown","fileName":"Hooks.java","lineNumber":17,"format":1}],"suppressedExceptions":[]},"stackTrace":"org.openqa.selenium.NoSuchWindowException: no such window: target window already closed\nfrom unknown error: web view not found\n  (Session info: chrome\u003d120.0.6099.72)\nBuild info: version: \u00274.15.0\u0027, revision: \u00271d14b5521b\u0027\nSystem info: os.name: \u0027Windows 11\u0027, os.arch: \u0027amd64\u0027, os.version: \u002710.0\u0027, java.version: \u002717.0.8\u0027\nDriver info: org.openqa.selenium.chrome.ChromeDriver\nCommand: [52a61b94606ee9b73fb84ee3e279be1d, screenshot {}]\nCapabilities {acceptInsecureCerts: false, browserName: chrome, browserVersion: 120.0.6099.72, chrome: {chromedriverVersion: 120.0.6099.71 (9729082fe617..., userDataDir: C:\\Users\\HP\\AppData\\Local\\T...}, fedcm:accounts: true, goog:chromeOptions: {debuggerAddress: localhost:55832}, networkConnectionEnabled: false, pageLoadStrategy: normal, platformName: windows, proxy: Proxy(), se:cdp: ws://localhost:55832/devtoo..., se:cdpVersion: 120.0.6099.72, setWindowRect: true, strictFileInteractability: false, timeouts: {implicit: 0, pageLoad: 300000, script: 30000}, unhandledPromptBehavior: dismiss and notify, webauthn:extension:credBlob: true, webauthn:extension:largeBlob: true, webauthn:extension:minPinLength: true, webauthn:extension:prf: true, webauthn:virtualAuthenticators: true}\nSession ID: 52a61b94606ee9b73fb84ee3e279be1d\r\n\tat java.base/jdk.internal.reflect.NativeConstructorAccessorImpl.newInstance0(Native Method)\r\n\tat java.base/jdk.internal.reflect.NativeConstructorAccessorImpl.newInstance(NativeConstructorAccessorImpl.java:77)\r\n\tat java.base/jdk.internal.reflect.DelegatingConstructorAccessorImpl.newInstance(DelegatingConstructorAccessorImpl.java:45)\r\n\tat java.base/java.lang.reflect.Constructor.newInstanceWithCaller(Constructor.java:499)\r\n\tat java.base/java.lang.reflect.Constructor.newInstance(Constructor.java:480)\r\n\tat org.openqa.selenium.remote.codec.w3c.W3CHttpResponseCodec.createException(W3CHttpResponseCodec.java:200)\r\n\tat org.openqa.selenium.remote.codec.w3c.W3CHttpResponseCodec.decode(W3CHttpResponseCodec.java:133)\r\n\tat org.openqa.selenium.remote.codec.w3c.W3CHttpResponseCodec.decode(W3CHttpResponseCodec.java:52)\r\n\tat org.openqa.selenium.remote.HttpCommandExecutor.execute(HttpCommandExecutor.java:191)\r\n\tat org.openqa.selenium.remote.service.DriverCommandExecutor.invokeExecute(DriverCommandExecutor.java:200)\r\n\tat org.openqa.selenium.remote.service.DriverCommandExecutor.execute(DriverCommandExecutor.java:175)\r\n\tat org.openqa.selenium.remote.RemoteWebDriver.execute(RemoteWebDriver.java:607)\r\n\tat org.openqa.selenium.remote.RemoteWebDriver.execute(RemoteWebDriver.java:680)\r\n\tat org.openqa.selenium.remote.RemoteWebDriver.execute(RemoteWebDriver.java:684)\r\n\tat org.openqa.selenium.remote.RemoteWebDriver.getScreenshotAs(RemoteWebDriver.java:330)\r\n\tat com.nopcommerce.demo.utility.Utility.getScreenShot(Utility.java:351)\r\n\tat com.nopcommerce.demo.steps.Hooks.tearDown(Hooks.java:17)\r\n","name":"org.openqa.selenium.NoSuchWindowException"}],"authorSet":[],"categorySet":[],"deviceSet":[],"generatedLog":[]}],"logs":[],"media":[],"exceptions":[],"authorSet":[],"categorySet":[{"name":"@author_Rami"},{"name":"@regression"}],"deviceSet":[],"generatedLog":[]}],"logs":[],"media":[],"exceptions":[],"authorSet":[],"categorySet":[],"deviceSet":[],"generatedLog":[]}],"logs":[],"media":[],"exceptions":[],"authorSet":[],"categorySet":[],"deviceSet":[],"generatedLog":[]},{"useNaturalConf":true,"startTime":"Dec 18, 2023, 10:45:50 AM","endTime":"Dec 18, 2023, 10:46:49 AM","status":"FAIL","level":0,"isLeaf":false,"name":"Login Feature","description":"  In Order to perform successful login\n  As a User\n  I have to enter correct username and password","bddType":"com.aventstack.extentreports.gherkin.model.Feature","infoMap":{},"children":[{"useNaturalConf":true,"startTime":"Dec 18, 2023, 10:45:50 AM","endTime":"Dec 18, 2023, 10:45:58 AM","status":"PASS","level":1,"isLeaf":false,"name":"User should navigate to login page successfully","description":"","bddType":"com.aventstack.extentreports.gherkin.model.Scenario","infoMap":{},"children":[{"useNaturalConf":true,"startTime":"Dec 18, 2023, 10:45:56 AM","endTime":"Dec 18, 2023, 10:45:56 AM","status":"PASS","level":2,"isLeaf":true,"name":"Given I am on homepage","description":"com.nopcommerce.demo.steps.LoginSteps.iAmOnHomepage()","bddType":"com.aventstack.extentreports.gherkin.model.Given","infoMap":{},"children":[],"logs":[{"timestamp":"Dec 18, 2023, 10:45:56 AM","status":"PASS","details":"","seq":0,"infoMap":{}}],"media":[],"exceptions":[],"authorSet":[],"categorySet":[],"deviceSet":[],"generatedLog":[]},{"useNaturalConf":true,"startTime":"Dec 18, 2023, 10:45:56 AM","endTime":"Dec 18, 2023, 10:45:57 AM","status":"PASS","level":2,"isLeaf":true,"name":"When I click on login link","description":"com.nopcommerce.demo.steps.LoginSteps.iClickOnLoginLink()","bddType":"com.aventstack.extentreports.gherkin.model.When","infoMap":{},"children":[],"logs":[{"timestamp":"Dec 18, 2023, 10:45:57 AM","status":"PASS","details":"","seq":0,"infoMap":{}}],"media":[],"exceptions":[],"authorSet":[],"categorySet":[],"deviceSet":[],"generatedLog":[]},{"useNaturalConf":true,"startTime":"Dec 18, 2023, 10:45:57 AM","endTime":"Dec 18, 2023, 10:45:58 AM","status":"PASS","level":2,"isLeaf":true,"name":"Then I should navigate to login page successfully and verify the message \"Welcome, Please Sign In!\"","description":"com.nopcommerce.demo.steps.LoginSteps.iShouldNavigateToLoginPageSuccessfullyAndVerifyTheMessage(java.lang.String)","bddType":"com.aventstack.extentreports.gherkin.model.Then","infoMap":{},"children":[],"logs":[{"timestamp":"Dec 18, 2023, 10:45:58 AM","status":"PASS","details":"","seq":0,"infoMap":{}}],"media":[],"exceptions":[],"authorSet":[],"categorySet":[],"deviceSet":[],"generatedLog":[]}],"logs":[],"media":[],"exceptions":[],"authorSet":[],"categorySet":[{"name":"@smoke"},{"name":"@regression"},{"name":"@author_Devansh_Rami"},{"name":"@sanity"}],"deviceSet":[],"generatedLog":[]},{"useNaturalConf":true,"startTime":"Dec 18, 2023, 10:45:58 AM","endTime":"Dec 18, 2023, 10:46:10 AM","status":"PASS","level":1,"isLeaf":false,"name":"Verify the error message with invalid credentials","description":"","bddType":"com.aventstack.extentreports.gherkin.model.Scenario","infoMap":{},"children":[{"useNaturalConf":true,"startTime":"Dec 18, 2023, 10:46:04 AM","endTime":"Dec 18, 2023, 10:46:04 AM","status":"PASS","level":2,"isLeaf":true,"name":"Given I am on homepage","description":"com.nopcommerce.demo.steps.LoginSteps.iAmOnHomepage()","bddType":"com.aventstack.extentreports.gherkin.model.Given","infoMap":{},"children":[],"logs":[{"timestamp":"Dec 18, 2023, 10:46:04 AM","status":"PASS","details":"","seq":0,"infoMap":{}}],"media":[],"exceptions":[],"authorSet":[],"categorySet":[],"deviceSet":[],"generatedLog":[]},{"useNaturalConf":true,"startTime":"Dec 18, 2023, 10:46:04 AM","endTime":"Dec 18, 2023, 10:46:05 AM","status":"PASS","level":2,"isLeaf":true,"name":"When I click on login link","description":"com.nopcommerce.demo.steps.LoginSteps.iClickOnLoginLink()","bddType":"com.aventstack.extentreports.gherkin.model.When","infoMap":{},"children":[],"logs":[{"timestamp":"Dec 18, 2023, 10:46:05 AM","status":"PASS","details":"","seq":0,"infoMap":{}}],"media":[],"exceptions":[],"authorSet":[],"categorySet":[],"deviceSet":[],"generatedLog":[]},{"useNaturalConf":true,"startTime":"Dec 18, 2023, 10:46:05 AM","endTime":"Dec 18, 2023, 10:46:07 AM","status":"PASS","level":2,"isLeaf":true,"name":"And I enter email \"abcd123@gmail.com\"","description":"com.nopcommerce.demo.steps.LoginSteps.iEnterEmail(java.lang.String)","bddType":"com.aventstack.extentreports.gherkin.model.And","infoMap":{},"children":[],"logs":[{"timestamp":"Dec 18, 2023, 10:46:07 AM","status":"PASS","details":"","seq":0,"infoMap":{}}],"media":[],"exceptions":[],"authorSet":[],"categorySet":[],"deviceSet":[],"generatedLog":[]},{"useNaturalConf":true,"startTime":"Dec 18, 2023, 10:46:07 AM","endTime":"Dec 18, 2023, 10:46:07 AM","status":"PASS","level":2,"isLeaf":true,"name":"And I enter password \"abcd123\"","description":"com.nopcommerce.demo.steps.LoginSteps.iEnterPassword(java.lang.String)","bddType":"com.aventstack.extentreports.gherkin.model.And","infoMap":{},"children":[],"logs":[{"timestamp":"Dec 18, 2023, 10:46:07 AM","status":"PASS","details":"","seq":0,"infoMap":{}}],"media":[],"exceptions":[],"authorSet":[],"categorySet":[],"deviceSet":[],"generatedLog":[]},{"useNaturalConf":true,"startTime":"Dec 18, 2023, 10:46:07 AM","endTime":"Dec 18, 2023, 10:46:09 AM","status":"PASS","level":2,"isLeaf":true,"name":"And I click on login button","description":"com.nopcommerce.demo.steps.LoginSteps.iClickOnLoginButton()","bddType":"com.aventstack.extentreports.gherkin.model.And","infoMap":{},"children":[],"logs":[{"timestamp":"Dec 18, 2023, 10:46:09 AM","status":"PASS","details":"","seq":0,"infoMap":{}}],"media":[],"exceptions":[],"authorSet":[],"categorySet":[],"deviceSet":[],"generatedLog":[]},{"useNaturalConf":true,"startTime":"Dec 18, 2023, 10:46:09 AM","endTime":"Dec 18, 2023, 10:46:09 AM","status":"PASS","level":2,"isLeaf":true,"name":"Then I should see the error message \"Login was unsuccessful\"","description":"com.nopcommerce.demo.steps.LoginSteps.iShouldSeeTheErrorMessage(java.lang.String)","bddType":"com.aventstack.extentreports.gherkin.model.Then","infoMap":{},"children":[],"logs":[{"timestamp":"Dec 18, 2023, 10:46:09 AM","status":"PASS","details":"","seq":0,"infoMap":{}}],"media":[],"exceptions":[],"authorSet":[],"categorySet":[],"deviceSet":[],"generatedLog":[]}],"logs":[],"media":[],"exceptions":[],"authorSet":[],"categorySet":[{"name":"@smoke"},{"name":"@regression"},{"name":"@author_"},{"name":"@author_Devansh_Rami"}],"deviceSet":[],"generatedLog":[]},{"useNaturalConf":true,"startTime":"Dec 18, 2023, 10:46:10 AM","endTime":"Dec 18, 2023, 10:46:33 AM","status":"FAIL","level":1,"isLeaf":false,"name":"User should login successfully with valid credentials","description":"","bddType":"com.aventstack.extentreports.gherkin.model.Scenario","infoMap":{},"children":[{"useNaturalConf":true,"startTime":"Dec 18, 2023, 10:46:15 AM","endTime":"Dec 18, 2023, 10:46:15 AM","status":"PASS","level":2,"isLeaf":true,"name":"Given I am on homepage","description":"com.nopcommerce.demo.steps.LoginSteps.iAmOnHomepage()","bddType":"com.aventstack.extentreports.gherkin.model.Given","infoMap":{},"children":[],"logs":[{"timestamp":"Dec 18, 2023, 10:46:15 AM","status":"PASS","details":"","seq":0,"infoMap":{}}],"media":[],"exceptions":[],"authorSet":[],"categorySet":[],"deviceSet":[],"generatedLog":[]},{"useNaturalConf":true,"startTime":"Dec 18, 2023, 10:46:15 AM","endTime":"Dec 18, 2023, 10:46:17 AM","status":"PASS","level":2,"isLeaf":true,"name":"When I click on login link","description":"com.nopcommerce.demo.steps.LoginSteps.iClickOnLoginLink()","bddType":"com.aventstack.extentreports.gherkin.model.When","infoMap":{},"children":[],"logs":[{"timestamp":"Dec 18, 2023, 10:46:17 AM","status":"PASS","details":"","seq":0,"infoMap":{}}],"media":[],"exceptions":[],"authorSet":[],"categorySet":[],"deviceSet":[],"generatedLog":[]},{"useNaturalConf":true,"startTime":"Dec 18, 2023, 10:46:17 AM","endTime":"Dec 18, 2023, 10:46:17 AM","status":"PASS","level":2,"isLeaf":true,"name":"And I enter email \"abcdxyz123@gmail.com\"","description":"com.nopcommerce.demo.steps.LoginSteps.iEnterEmail(java.lang.String)","bddType":"com.aventstack.extentreports.gherkin.model.And","infoMap":{},"children":[],"logs":[{"timestamp":"Dec 18, 2023, 10:46:17 AM","status":"PASS","details":"","seq":0,"infoMap":{}}],"media":[],"exceptions":[],"authorSet":[],"categorySet":[],"deviceSet":[],"generatedLog":[]},{"useNaturalConf":true,"startTime":"Dec 18, 2023, 10:46:17 AM","endTime":"Dec 18, 2023, 10:46:17 AM","status":"PASS","level":2,"isLeaf":true,"name":"And I enter password \"abcd@123\"","description":"com.nopcommerce.demo.steps.LoginSteps.iEnterPassword(java.lang.String)","bddType":"com.aventstack.extentreports.gherkin.model.And","infoMap":{},"children":[],"logs":[{"timestamp":"Dec 18, 2023, 10:46:17 AM","status":"PASS","details":"","seq":0,"infoMap":{}}],"media":[],"exceptions":[],"authorSet":[],"categorySet":[],"deviceSet":[],"generatedLog":[]},{"useNaturalConf":true,"startTime":"Dec 18, 2023, 10:46:17 AM","endTime":"Dec 18, 2023, 10:46:18 AM","status":"PASS","level":2,"isLeaf":true,"name":"And I click on login button","description":"com.nopcommerce.demo.steps.LoginSteps.iClickOnLoginButton()","bddType":"com.aventstack.extentreports.gherkin.model.And","infoMap":{},"children":[],"logs":[{"timestamp":"Dec 18, 2023, 10:46:18 AM","status":"PASS","details":"","seq":0,"infoMap":{}}],"media":[],"exceptions":[],"authorSet":[],"categorySet":[],"deviceSet":[],"generatedLog":[]},{"useNaturalConf":true,"startTime":"Dec 18, 2023, 10:46:18 AM","endTime":"Dec 18, 2023, 10:46:33 AM","status":"FAIL","level":2,"isLeaf":true,"name":"Then I should login successfully and verify the logout link","description":"com.nopcommerce.demo.steps.LoginSteps.iShouldLoginSuccessfullyAndVerifyTheLogoutLink()","bddType":"com.aventstack.extentreports.gherkin.model.Then","infoMap":{},"children":[],"logs":[{"timestamp":"Dec 18, 2023, 10:46:33 AM","status":"FAIL","details":"","seq":0,"infoMap":{},"exception":{"exception":{"extraInfo":{"Driver info":"driver.version: RemoteWebDriver"},"detailMessage":"Unable to find element with locator By.xpath: //a[normalize-space()\u003d\u0027Log out\u0027]","stackTrace":[{"classLoaderName":"app","declaringClass":"org.openqa.selenium.remote.ElementLocation$ElementFinder$2","methodName":"findElement","fileName":"ElementLocation.java","lineNumber":168,"format":1},{"classLoaderName":"app","declaringClass":"org.openqa.selenium.remote.ElementLocation","methodName":"findElement","fileName":"ElementLocation.java","lineNumber":59,"format":1},{"classLoaderName":"app","declaringClass":"org.openqa.selenium.remote.RemoteWebDriver","methodName":"findElement","fileName":"RemoteWebDriver.java","lineNumber":364,"format":1},{"classLoaderName":"app","declaringClass":"org.openqa.selenium.remote.RemoteWebDriver","methodName":"findElement","fileName":"RemoteWebDriver.java","lineNumber":358,"format":1},{"classLoaderName":"app","declaringClass":"org.openqa.selenium.support.pagefactory.DefaultElementLocator","methodName":"findElement","fileName":"DefaultElementLocator.java","lineNumber":68,"format":1},{"classLoaderName":"app","declaringClass":"org.openqa.selenium.support.pagefactory.internal.LocatingElementHandler","methodName":"invoke","fileName":"LocatingElementHandler.java","lineNumber":38,"format":1},{"classLoaderName":"app","moduleName":"jdk.proxy2","declaringClass":"jdk.proxy2.$Proxy29","methodName":"isDisplayed","lineNumber":-1,"format":1},{"classLoaderName":"app","declaringClass":"com.nopcommerce.demo.utility.Utility","methodName":"verifyThatElementIsDisplayed","fileName":"Utility.java","lineNumber":282,"format":1},{"classLoaderName":"app","declaringClass":"com.nopcommerce.demo.pages.HomePage","methodName":"isLogoutLinkAvailable","fileName":"HomePage.java","lineNumber":135,"format":1},{"classLoaderName":"app","declaringClass":"com.nopcommerce.demo.steps.LoginSteps","methodName":"iShouldLoginSuccessfullyAndVerifyTheLogoutLink","fileName":"LoginSteps.java","lineNumber":49,"format":1},{"declaringClass":"✽","methodName":"I should login successfully and verify the logout link","fileName":"file:///C:/Users/HP/IdeaProjects/nop-commerce-demo/src/test/resources/features/loginpage.feature","lineNumber":30,"format":0}],"suppressedExceptions":[]},"stackTrace":"org.openqa.selenium.NoSuchElementException: Unable to find element with locator By.xpath: //a[normalize-space()\u003d\u0027Log out\u0027]\nFor documentation on this error, please visit: https://www.selenium.dev/documentation/webdriver/troubleshooting/errors#no-such-element-exception\nBuild info: version: \u00274.15.0\u0027, revision: \u00271d14b5521b\u0027\nSystem info: os.name: \u0027Windows 11\u0027, os.arch: \u0027amd64\u0027, os.version: \u002710.0\u0027, java.version: \u002717.0.8\u0027\nDriver info: driver.version: RemoteWebDriver\r\n\tat org.openqa.selenium.remote.ElementLocation$ElementFinder$2.findElement(ElementLocation.java:168)\r\n\tat org.openqa.selenium.remote.ElementLocation.findElement(ElementLocation.java:59)\r\n\tat org.openqa.selenium.remote.RemoteWebDriver.findElement(RemoteWebDriver.java:364)\r\n\tat org.openqa.selenium.remote.RemoteWebDriver.findElement(RemoteWebDriver.java:358)\r\n\tat org.openqa.selenium.support.pagefactory.DefaultElementLocator.findElement(DefaultElementLocator.java:68)\r\n\tat org.openqa.selenium.support.pagefactory.internal.LocatingElementHandler.invoke(LocatingElementHandler.java:38)\r\n\tat jdk.proxy2/jdk.proxy2.$Proxy29.isDisplayed(Unknown Source)\r\n\tat com.nopcommerce.demo.utility.Utility.verifyThatElementIsDisplayed(Utility.java:282)\r\n\tat com.nopcommerce.demo.pages.HomePage.isLogoutLinkAvailable(HomePage.java:135)\r\n\tat com.nopcommerce.demo.steps.LoginSteps.iShouldLoginSuccessfullyAndVerifyTheLogoutLink(LoginSteps.java:49)\r\n\tat ✽.I should login successfully and verify the logout link(file:///C:/Users/HP/IdeaProjects/nop-commerce-demo/src/test/resources/features/loginpage.feature:30)\r\n","name":"org.openqa.selenium.NoSuchElementException"}}],"media":[],"exceptions":[{"exception":{"extraInfo":{"Driver info":"driver.version: RemoteWebDriver"},"detailMessage":"Unable to find element with locator By.xpath: //a[normalize-space()\u003d\u0027Log out\u0027]","stackTrace":[{"classLoaderName":"app","declaringClass":"org.openqa.selenium.remote.ElementLocation$ElementFinder$2","methodName":"findElement","fileName":"ElementLocation.java","lineNumber":168,"format":1},{"classLoaderName":"app","declaringClass":"org.openqa.selenium.remote.ElementLocation","methodName":"findElement","fileName":"ElementLocation.java","lineNumber":59,"format":1},{"classLoaderName":"app","declaringClass":"org.openqa.selenium.remote.RemoteWebDriver","methodName":"findElement","fileName":"RemoteWebDriver.java","lineNumber":364,"format":1},{"classLoaderName":"app","declaringClass":"org.openqa.selenium.remote.RemoteWebDriver","methodName":"findElement","fileName":"RemoteWebDriver.java","lineNumber":358,"format":1},{"classLoaderName":"app","declaringClass":"org.openqa.selenium.support.pagefactory.DefaultElementLocator","methodName":"findElement","fileName":"DefaultElementLocator.java","lineNumber":68,"format":1},{"classLoaderName":"app","declaringClass":"org.openqa.selenium.support.pagefactory.internal.LocatingElementHandler","methodName":"invoke","fileName":"LocatingElementHandler.java","lineNumber":38,"format":1},{"classLoaderName":"app","moduleName":"jdk.proxy2","declaringClass":"jdk.proxy2.$Proxy29","methodName":"isDisplayed","lineNumber":-1,"format":1},{"classLoaderName":"app","declaringClass":"com.nopcommerce.demo.utility.Utility","methodName":"verifyThatElementIsDisplayed","fileName":"Utility.java","lineNumber":282,"format":1},{"classLoaderName":"app","declaringClass":"com.nopcommerce.demo.pages.HomePage","methodName":"isLogoutLinkAvailable","fileName":"HomePage.java","lineNumber":135,"format":1},{"classLoaderName":"app","declaringClass":"com.nopcommerce.demo.steps.LoginSteps","methodName":"iShouldLoginSuccessfullyAndVerifyTheLogoutLink","fileName":"LoginSteps.java","lineNumber":49,"format":1},{"declaringClass":"✽","methodName":"I should login successfully and verify the logout link","fileName":"file:///C:/Users/HP/IdeaProjects/nop-commerce-demo/src/test/resources/features/loginpage.feature","lineNumber":30,"format":0}],"suppressedExceptions":[]},"stackTrace":"org.openqa.selenium.NoSuchElementException: Unable to find element with locator By.xpath: //a[normalize-space()\u003d\u0027Log out\u0027]\nFor documentation on this error, please visit: https://www.selenium.dev/documentation/webdriver/troubleshooting/errors#no-such-element-exception\nBuild info: version: \u00274.15.0\u0027, revision: \u00271d14b5521b\u0027\nSystem info: os.name: \u0027Windows 11\u0027, os.arch: \u0027amd64\u0027, os.version: \u002710.0\u0027, java.version: \u002717.0.8\u0027\nDriver info: driver.version: RemoteWebDriver\r\n\tat org.openqa.selenium.remote.ElementLocation$ElementFinder$2.findElement(ElementLocation.java:168)\r\n\tat org.openqa.selenium.remote.ElementLocation.findElement(ElementLocation.java:59)\r\n\tat org.openqa.selenium.remote.RemoteWebDriver.findElement(RemoteWebDriver.java:364)\r\n\tat org.openqa.selenium.remote.RemoteWebDriver.findElement(RemoteWebDriver.java:358)\r\n\tat org.openqa.selenium.support.pagefactory.DefaultElementLocator.findElement(DefaultElementLocator.java:68)\r\n\tat org.openqa.selenium.support.pagefactory.internal.LocatingElementHandler.invoke(LocatingElementHandler.java:38)\r\n\tat jdk.proxy2/jdk.proxy2.$Proxy29.isDisplayed(Unknown Source)\r\n\tat com.nopcommerce.demo.utility.Utility.verifyThatElementIsDisplayed(Utility.java:282)\r\n\tat com.nopcommerce.demo.pages.HomePage.isLogoutLinkAvailable(HomePage.java:135)\r\n\tat com.nopcommerce.demo.steps.LoginSteps.iShouldLoginSuccessfullyAndVerifyTheLogoutLink(LoginSteps.java:49)\r\n\tat ✽.I should login successfully and verify the logout link(file:///C:/Users/HP/IdeaProjects/nop-commerce-demo/src/test/resources/features/loginpage.feature:30)\r\n","name":"org.openqa.selenium.NoSuchElementException"}],"authorSet":[],"categorySet":[],"deviceSet":[],"generatedLog":[]},{"useNaturalConf":true,"startTime":"Dec 18, 2023, 10:46:33 AM","endTime":"Dec 18, 2023, 10:46:33 AM","status":"FAIL","level":2,"isLeaf":true,"name":"com.nopcommerce.demo.steps.Hooks.tearDown(io.cucumber.java.Scenario)","description":"AFTER","bddType":"com.aventstack.extentreports.gherkin.model.Asterisk","infoMap":{},"children":[],"logs":[{"timestamp":"Dec 18, 2023, 10:46:33 AM","status":"FAIL","details":"","seq":0,"infoMap":{},"exception":{"exception":{"extraInfo":{"Driver info":"org.openqa.selenium.chrome.ChromeDriver","Command":"[065b46dba90543e8d48982e4ce0c9dd6, screenshot {}]","Capabilities":"Capabilities {acceptInsecureCerts: false, browserName: chrome, browserVersion: 120.0.6099.72, chrome: {chromedriverVersion: 120.0.6099.71 (9729082fe617..., userDataDir: C:\\Users\\HP\\AppData\\Local\\T...}, fedcm:accounts: true, goog:chromeOptions: {debuggerAddress: localhost:55890}, networkConnectionEnabled: false, pageLoadStrategy: normal, platformName: windows, proxy: Proxy(), se:cdp: ws://localhost:55890/devtoo..., se:cdpVersion: 120.0.6099.72, setWindowRect: true, strictFileInteractability: false, timeouts: {implicit: 0, pageLoad: 300000, script: 30000}, unhandledPromptBehavior: dismiss and notify, webauthn:extension:credBlob: true, webauthn:extension:largeBlob: true, webauthn:extension:minPinLength: true, webauthn:extension:prf: true, webauthn:virtualAuthenticators: true}","Session ID":"065b46dba90543e8d48982e4ce0c9dd6"},"detailMessage":"no such window: target window already closed\nfrom unknown error: web view not found\n  (Session info: chrome\u003d120.0.6099.72)","stackTrace":[{"moduleName":"java.base","moduleVersion":"17.0.8","declaringClass":"jdk.internal.reflect.NativeConstructorAccessorImpl","methodName":"newInstance0","fileName":"NativeConstructorAccessorImpl.java","lineNumber":-2,"format":2},{"moduleName":"java.base","moduleVersion":"17.0.8","declaringClass":"jdk.internal.reflect.NativeConstructorAccessorImpl","methodName":"newInstance","fileName":"NativeConstructorAccessorImpl.java","lineNumber":77,"format":2},{"moduleName":"java.base","moduleVersion":"17.0.8","declaringClass":"jdk.internal.reflect.DelegatingConstructorAccessorImpl","methodName":"newInstance","fileName":"DelegatingConstructorAccessorImpl.java","lineNumber":45,"format":2},{"moduleName":"java.base","moduleVersion":"17.0.8","declaringClass":"java.lang.reflect.Constructor","methodName":"newInstanceWithCaller","fileName":"Constructor.java","lineNumber":499,"format":2},{"moduleName":"java.base","moduleVersion":"17.0.8","declaringClass":"java.lang.reflect.Constructor","methodName":"newInstance","fileName":"Constructor.java","lineNumber":480,"format":2},{"classLoaderName":"app","declaringClass":"org.openqa.selenium.remote.codec.w3c.W3CHttpResponseCodec","methodName":"createException","fileName":"W3CHttpResponseCodec.java","lineNumber":200,"format":1},{"classLoaderName":"app","declaringClass":"org.openqa.selenium.remote.codec.w3c.W3CHttpResponseCodec","methodName":"decode","fileName":"W3CHttpResponseCodec.java","lineNumber":133,"format":1},{"classLoaderName":"app","declaringClass":"org.openqa.selenium.remote.codec.w3c.W3CHttpResponseCodec","methodName":"decode","fileName":"W3CHttpResponseCodec.java","lineNumber":52,"format":1},{"classLoaderName":"app","declaringClass":"org.openqa.selenium.remote.HttpCommandExecutor","methodName":"execute","fileName":"HttpCommandExecutor.java","lineNumber":191,"format":1},{"classLoaderName":"app","declaringClass":"org.openqa.selenium.remote.service.DriverCommandExecutor","methodName":"invokeExecute","fileName":"DriverCommandExecutor.java","lineNumber":200,"format":1},{"classLoaderName":"app","declaringClass":"org.openqa.selenium.remote.service.DriverCommandExecutor","methodName":"execute","fileName":"DriverCommandExecutor.java","lineNumber":175,"format":1},{"classLoaderName":"app","declaringClass":"org.openqa.selenium.remote.RemoteWebDriver","methodName":"execute","fileName":"RemoteWebDriver.java","lineNumber":607,"format":1},{"classLoaderName":"app","declaringClass":"org.openqa.selenium.remote.RemoteWebDriver","methodName":"execute","fileName":"RemoteWebDriver.java","lineNumber":680,"format":1},{"classLoaderName":"app","declaringClass":"org.openqa.selenium.remote.RemoteWebDriver","methodName":"execute","fileName":"RemoteWebDriver.java","lineNumber":684,"format":1},{"classLoaderName":"app","declaringClass":"org.openqa.selenium.remote.RemoteWebDriver","methodName":"getScreenshotAs","fileName":"RemoteWebDriver.java","lineNumber":330,"format":1},{"classLoaderName":"app","declaringClass":"com.nopcommerce.demo.utility.Utility","methodName":"getScreenShot","fileName":"Utility.java","lineNumber":351,"format":1},{"classLoaderName":"app","declaringClass":"com.nopcommerce.demo.steps.Hooks","methodName":"tearDown","fileName":"Hooks.java","lineNumber":17,"format":1}],"suppressedExceptions":[]},"stackTrace":"org.openqa.selenium.NoSuchWindowException: no such window: target window already closed\nfrom unknown error: web view not found\n  (Session info: chrome\u003d120.0.6099.72)\nBuild info: version: \u00274.15.0\u0027, revision: \u00271d14b5521b\u0027\nSystem info: os.name: \u0027Windows 11\u0027, os.arch: \u0027amd64\u0027, os.version: \u002710.0\u0027, java.version: \u002717.0.8\u0027\nDriver info: org.openqa.selenium.chrome.ChromeDriver\nCommand: [065b46dba90543e8d48982e4ce0c9dd6, screenshot {}]\nCapabilities {acceptInsecureCerts: false, browserName: chrome, browserVersion: 120.0.6099.72, chrome: {chromedriverVersion: 120.0.6099.71 (9729082fe617..., userDataDir: C:\\Users\\HP\\AppData\\Local\\T...}, fedcm:accounts: true, goog:chromeOptions: {debuggerAddress: localhost:55890}, networkConnectionEnabled: false, pageLoadStrategy: normal, platformName: windows, proxy: Proxy(), se:cdp: ws://localhost:55890/devtoo..., se:cdpVersion: 120.0.6099.72, setWindowRect: true, strictFileInteractability: false, timeouts: {implicit: 0, pageLoad: 300000, script: 30000}, unhandledPromptBehavior: dismiss and notify, webauthn:extension:credBlob: true, webauthn:extension:largeBlob: true, webauthn:extension:minPinLength: true, webauthn:extension:prf: true, webauthn:virtualAuthenticators: true}\nSession ID: 065b46dba90543e8d48982e4ce0c9dd6\r\n\tat java.base/jdk.internal.reflect.NativeConstructorAccessorImpl.newInstance0(Native Method)\r\n\tat java.base/jdk.internal.reflect.NativeConstructorAccessorImpl.newInstance(NativeConstructorAccessorImpl.java:77)\r\n\tat java.base/jdk.internal.reflect.DelegatingConstructorAccessorImpl.newInstance(DelegatingConstructorAccessorImpl.java:45)\r\n\tat java.base/java.lang.reflect.Constructor.newInstanceWithCaller(Constructor.java:499)\r\n\tat java.base/java.lang.reflect.Constructor.newInstance(Constructor.java:480)\r\n\tat org.openqa.selenium.remote.codec.w3c.W3CHttpResponseCodec.createException(W3CHttpResponseCodec.java:200)\r\n\tat org.openqa.selenium.remote.codec.w3c.W3CHttpResponseCodec.decode(W3CHttpResponseCodec.java:133)\r\n\tat org.openqa.selenium.remote.codec.w3c.W3CHttpResponseCodec.decode(W3CHttpResponseCodec.java:52)\r\n\tat org.openqa.selenium.remote.HttpCommandExecutor.execute(HttpCommandExecutor.java:191)\r\n\tat org.openqa.selenium.remote.service.DriverCommandExecutor.invokeExecute(DriverCommandExecutor.java:200)\r\n\tat org.openqa.selenium.remote.service.DriverCommandExecutor.execute(DriverCommandExecutor.java:175)\r\n\tat org.openqa.selenium.remote.RemoteWebDriver.execute(RemoteWebDriver.java:607)\r\n\tat org.openqa.selenium.remote.RemoteWebDriver.execute(RemoteWebDriver.java:680)\r\n\tat org.openqa.selenium.remote.RemoteWebDriver.execute(RemoteWebDriver.java:684)\r\n\tat org.openqa.selenium.remote.RemoteWebDriver.getScreenshotAs(RemoteWebDriver.java:330)\r\n\tat com.nopcommerce.demo.utility.Utility.getScreenShot(Utility.java:351)\r\n\tat com.nopcommerce.demo.steps.Hooks.tearDown(Hooks.java:17)\r\n","name":"org.openqa.selenium.NoSuchWindowException"}}],"media":[],"exceptions":[{"exception":{"extraInfo":{"Driver info":"org.openqa.selenium.chrome.ChromeDriver","Command":"[065b46dba90543e8d48982e4ce0c9dd6, screenshot {}]","Capabilities":"Capabilities {acceptInsecureCerts: false, browserName: chrome, browserVersion: 120.0.6099.72, chrome: {chromedriverVersion: 120.0.6099.71 (9729082fe617..., userDataDir: C:\\Users\\HP\\AppData\\Local\\T...}, fedcm:accounts: true, goog:chromeOptions: {debuggerAddress: localhost:55890}, networkConnectionEnabled: false, pageLoadStrategy: normal, platformName: windows, proxy: Proxy(), se:cdp: ws://localhost:55890/devtoo..., se:cdpVersion: 120.0.6099.72, setWindowRect: true, strictFileInteractability: false, timeouts: {implicit: 0, pageLoad: 300000, script: 30000}, unhandledPromptBehavior: dismiss and notify, webauthn:extension:credBlob: true, webauthn:extension:largeBlob: true, webauthn:extension:minPinLength: true, webauthn:extension:prf: true, webauthn:virtualAuthenticators: true}","Session ID":"065b46dba90543e8d48982e4ce0c9dd6"},"detailMessage":"no such window: target window already closed\nfrom unknown error: web view not found\n  (Session info: chrome\u003d120.0.6099.72)","stackTrace":[{"moduleName":"java.base","moduleVersion":"17.0.8","declaringClass":"jdk.internal.reflect.NativeConstructorAccessorImpl","methodName":"newInstance0","fileName":"NativeConstructorAccessorImpl.java","lineNumber":-2,"format":2},{"moduleName":"java.base","moduleVersion":"17.0.8","declaringClass":"jdk.internal.reflect.NativeConstructorAccessorImpl","methodName":"newInstance","fileName":"NativeConstructorAccessorImpl.java","lineNumber":77,"format":2},{"moduleName":"java.base","moduleVersion":"17.0.8","declaringClass":"jdk.internal.reflect.DelegatingConstructorAccessorImpl","methodName":"newInstance","fileName":"DelegatingConstructorAccessorImpl.java","lineNumber":45,"format":2},{"moduleName":"java.base","moduleVersion":"17.0.8","declaringClass":"java.lang.reflect.Constructor","methodName":"newInstanceWithCaller","fileName":"Constructor.java","lineNumber":499,"format":2},{"moduleName":"java.base","moduleVersion":"17.0.8","declaringClass":"java.lang.reflect.Constructor","methodName":"newInstance","fileName":"Constructor.java","lineNumber":480,"format":2},{"classLoaderName":"app","declaringClass":"org.openqa.selenium.remote.codec.w3c.W3CHttpResponseCodec","methodName":"createException","fileName":"W3CHttpResponseCodec.java","lineNumber":200,"format":1},{"classLoaderName":"app","declaringClass":"org.openqa.selenium.remote.codec.w3c.W3CHttpResponseCodec","methodName":"decode","fileName":"W3CHttpResponseCodec.java","lineNumber":133,"format":1},{"classLoaderName":"app","declaringClass":"org.openqa.selenium.remote.codec.w3c.W3CHttpResponseCodec","methodName":"decode","fileName":"W3CHttpResponseCodec.java","lineNumber":52,"format":1},{"classLoaderName":"app","declaringClass":"org.openqa.selenium.remote.HttpCommandExecutor","methodName":"execute","fileName":"HttpCommandExecutor.java","lineNumber":191,"format":1},{"classLoaderName":"app","declaringClass":"org.openqa.selenium.remote.service.DriverCommandExecutor","methodName":"invokeExecute","fileName":"DriverCommandExecutor.java","lineNumber":200,"format":1},{"classLoaderName":"app","declaringClass":"org.openqa.selenium.remote.service.DriverCommandExecutor","methodName":"execute","fileName":"DriverCommandExecutor.java","lineNumber":175,"format":1},{"classLoaderName":"app","declaringClass":"org.openqa.selenium.remote.RemoteWebDriver","methodName":"execute","fileName":"RemoteWebDriver.java","lineNumber":607,"format":1},{"classLoaderName":"app","declaringClass":"org.openqa.selenium.remote.RemoteWebDriver","methodName":"execute","fileName":"RemoteWebDriver.java","lineNumber":680,"format":1},{"classLoaderName":"app","declaringClass":"org.openqa.selenium.remote.RemoteWebDriver","methodName":"execute","fileName":"RemoteWebDriver.java","lineNumber":684,"format":1},{"classLoaderName":"app","declaringClass":"org.openqa.selenium.remote.RemoteWebDriver","methodName":"getScreenshotAs","fileName":"RemoteWebDriver.java","lineNumber":330,"format":1},{"classLoaderName":"app","declaringClass":"com.nopcommerce.demo.utility.Utility","methodName":"getScreenShot","fileName":"Utility.java","lineNumber":351,"format":1},{"classLoaderName":"app","declaringClass":"com.nopcommerce.demo.steps.Hooks","methodName":"tearDown","fileName":"Hooks.java","lineNumber":17,"format":1}],"suppressedExceptions":[]},"stackTrace":"org.openqa.selenium.NoSuchWindowException: no such window: target window already closed\nfrom unknown error: web view not found\n  (Session info: chrome\u003d120.0.6099.72)\nBuild info: version: \u00274.15.0\u0027, revision: \u00271d14b5521b\u0027\nSystem info: os.name: \u0027Windows 11\u0027, os.arch: \u0027amd64\u0027, os.version: \u002710.0\u0027, java.version: \u002717.0.8\u0027\nDriver info: org.openqa.selenium.chrome.ChromeDriver\nCommand: [065b46dba90543e8d48982e4ce0c9dd6, screenshot {}]\nCapabilities {acceptInsecureCerts: false, browserName: chrome, browserVersion: 120.0.6099.72, chrome: {chromedriverVersion: 120.0.6099.71 (9729082fe617..., userDataDir: C:\\Users\\HP\\AppData\\Local\\T...}, fedcm:accounts: true, goog:chromeOptions: {debuggerAddress: localhost:55890}, networkConnectionEnabled: false, pageLoadStrategy: normal, platformName: windows, proxy: Proxy(), se:cdp: ws://localhost:55890/devtoo..., se:cdpVersion: 120.0.6099.72, setWindowRect: true, strictFileInteractability: false, timeouts: {implicit: 0, pageLoad: 300000, script: 30000}, unhandledPromptBehavior: dismiss and notify, webauthn:extension:credBlob: true, webauthn:extension:largeBlob: true, webauthn:extension:minPinLength: true, webauthn:extension:prf: true, webauthn:virtualAuthenticators: true}\nSession ID: 065b46dba90543e8d48982e4ce0c9dd6\r\n\tat java.base/jdk.internal.reflect.NativeConstructorAccessorImpl.newInstance0(Native Method)\r\n\tat java.base/jdk.internal.reflect.NativeConstructorAccessorImpl.newInstance(NativeConstructorAccessorImpl.java:77)\r\n\tat java.base/jdk.internal.reflect.DelegatingConstructorAccessorImpl.newInstance(DelegatingConstructorAccessorImpl.java:45)\r\n\tat java.base/java.lang.reflect.Constructor.newInstanceWithCaller(Constructor.java:499)\r\n\tat java.base/java.lang.reflect.Constructor.newInstance(Constructor.java:480)\r\n\tat org.openqa.selenium.remote.codec.w3c.W3CHttpResponseCodec.createException(W3CHttpResponseCodec.java:200)\r\n\tat org.openqa.selenium.remote.codec.w3c.W3CHttpResponseCodec.decode(W3CHttpResponseCodec.java:133)\r\n\tat org.openqa.selenium.remote.codec.w3c.W3CHttpResponseCodec.decode(W3CHttpResponseCodec.java:52)\r\n\tat org.openqa.selenium.remote.HttpCommandExecutor.execute(HttpCommandExecutor.java:191)\r\n\tat org.openqa.selenium.remote.service.DriverCommandExecutor.invokeExecute(DriverCommandExecutor.java:200)\r\n\tat org.openqa.selenium.remote.service.DriverCommandExecutor.execute(DriverCommandExecutor.java:175)\r\n\tat org.openqa.selenium.remote.RemoteWebDriver.execute(RemoteWebDriver.java:607)\r\n\tat org.openqa.selenium.remote.RemoteWebDriver.execute(RemoteWebDriver.java:680)\r\n\tat org.openqa.selenium.remote.RemoteWebDriver.execute(RemoteWebDriver.java:684)\r\n\tat org.openqa.selenium.remote.RemoteWebDriver.getScreenshotAs(RemoteWebDriver.java:330)\r\n\tat com.nopcommerce.demo.utility.Utility.getScreenShot(Utility.java:351)\r\n\tat com.nopcommerce.demo.steps.Hooks.tearDown(Hooks.java:17)\r\n","name":"org.openqa.selenium.NoSuchWindowException"}],"authorSet":[],"categorySet":[],"deviceSet":[],"generatedLog":[]}],"logs":[],"media":[],"exceptions":[],"authorSet":[],"categorySet":[{"name":"@regression"},{"name":"@author_Devansh_Rami"},{"name":"@sanity"}],"deviceSet":[],"generatedLog":[]},{"useNaturalConf":true,"startTime":"Dec 18, 2023, 10:46:33 AM","endTime":"Dec 18, 2023, 10:46:49 AM","status":"FAIL","level":1,"isLeaf":false,"name":"User should logout successfully","description":"","bddType":"com.aventstack.extentreports.gherkin.model.Scenario","infoMap":{},"children":[{"useNaturalConf":true,"startTime":"Dec 18, 2023, 10:46:40 AM","endTime":"Dec 18, 2023, 10:46:40 AM","status":"PASS","level":2,"isLeaf":true,"name":"Given I am on homepage","description":"com.nopcommerce.demo.steps.LoginSteps.iAmOnHomepage()","bddType":"com.aventstack.extentreports.gherkin.model.Given","infoMap":{},"children":[],"logs":[{"timestamp":"Dec 18, 2023, 10:46:40 AM","status":"PASS","details":"","seq":0,"infoMap":{}}],"media":[],"exceptions":[],"authorSet":[],"categorySet":[],"deviceSet":[],"generatedLog":[]},{"useNaturalConf":true,"startTime":"Dec 18, 2023, 10:46:40 AM","endTime":"Dec 18, 2023, 10:46:41 AM","status":"PASS","level":2,"isLeaf":true,"name":"When I click on login link","description":"com.nopcommerce.demo.steps.LoginSteps.iClickOnLoginLink()","bddType":"com.aventstack.extentreports.gherkin.model.When","infoMap":{},"children":[],"logs":[{"timestamp":"Dec 18, 2023, 10:46:41 AM","status":"PASS","details":"","seq":0,"infoMap":{}}],"media":[],"exceptions":[],"authorSet":[],"categorySet":[],"deviceSet":[],"generatedLog":[]},{"useNaturalConf":true,"startTime":"Dec 18, 2023, 10:46:41 AM","endTime":"Dec 18, 2023, 10:46:41 AM","status":"PASS","level":2,"isLeaf":true,"name":"And I enter email \"abcdxyz123@gmail.com\"","description":"com.nopcommerce.demo.steps.LoginSteps.iEnterEmail(java.lang.String)","bddType":"com.aventstack.extentreports.gherkin.model.And","infoMap":{},"children":[],"logs":[{"timestamp":"Dec 18, 2023, 10:46:41 AM","status":"PASS","details":"","seq":0,"infoMap":{}}],"media":[],"exceptions":[],"authorSet":[],"categorySet":[],"deviceSet":[],"generatedLog":[]},{"useNaturalConf":true,"startTime":"Dec 18, 2023, 10:46:41 AM","endTime":"Dec 18, 2023, 10:46:42 AM","status":"PASS","level":2,"isLeaf":true,"name":"And I enter password \"abcd@123\"","description":"com.nopcommerce.demo.steps.LoginSteps.iEnterPassword(java.lang.String)","bddType":"com.aventstack.extentreports.gherkin.model.And","infoMap":{},"children":[],"logs":[{"timestamp":"Dec 18, 2023, 10:46:42 AM","status":"PASS","details":"","seq":0,"infoMap":{}}],"media":[],"exceptions":[],"authorSet":[],"categorySet":[],"deviceSet":[],"generatedLog":[]},{"useNaturalConf":true,"startTime":"Dec 18, 2023, 10:46:42 AM","endTime":"Dec 18, 2023, 10:46:43 AM","status":"PASS","level":2,"isLeaf":true,"name":"And I click on login button","description":"com.nopcommerce.demo.steps.LoginSteps.iClickOnLoginButton()","bddType":"com.aventstack.extentreports.gherkin.model.And","infoMap":{},"children":[],"logs":[{"timestamp":"Dec 18, 2023, 10:46:43 AM","status":"PASS","details":"","seq":0,"infoMap":{}}],"media":[],"exceptions":[],"authorSet":[],"categorySet":[],"deviceSet":[],"generatedLog":[]},{"useNaturalConf":true,"startTime":"Dec 18, 2023, 10:46:43 AM","endTime":"Dec 18, 2023, 10:46:49 AM","status":"FAIL","level":2,"isLeaf":true,"name":"And I click on logout link","description":"com.nopcommerce.demo.steps.LoginSteps.iClickOnLogoutLink()","bddType":"com.aventstack.extentreports.gherkin.model.And","infoMap":{},"children":[],"logs":[{"timestamp":"Dec 18, 2023, 10:46:49 AM","status":"FAIL","details":"","seq":0,"infoMap":{},"exception":{"exception":{"extraInfo":{"Driver info":"driver.version: RemoteWebDriver"},"detailMessage":"Unable to find element with locator By.xpath: //a[normalize-space()\u003d\u0027Log out\u0027]","stackTrace":[{"classLoaderName":"app","declaringClass":"org.openqa.selenium.remote.ElementLocation$ElementFinder$2","methodName":"findElement","fileName":"ElementLocation.java","lineNumber":168,"format":1},{"classLoaderName":"app","declaringClass":"org.openqa.selenium.remote.ElementLocation","methodName":"findElement","fileName":"ElementLocation.java","lineNumber":59,"format":1},{"classLoaderName":"app","declaringClass":"org.openqa.selenium.remote.RemoteWebDriver","methodName":"findElement","fileName":"RemoteWebDriver.java","lineNumber":364,"format":1},{"classLoaderName":"app","declaringClass":"org.openqa.selenium.remote.RemoteWebDriver","methodName":"findElement","fileName":"RemoteWebDriver.java","lineNumber":358,"format":1},{"classLoaderName":"app","declaringClass":"org.openqa.selenium.support.pagefactory.DefaultElementLocator","methodName":"findElement","fileName":"DefaultElementLocator.java","lineNumber":68,"format":1},{"classLoaderName":"app","declaringClass":"org.openqa.selenium.support.pagefactory.internal.LocatingElementHandler","methodName":"invoke","fileName":"LocatingElementHandler.java","lineNumber":38,"format":1},{"classLoaderName":"app","moduleName":"jdk.proxy2","declaringClass":"jdk.proxy2.$Proxy29","methodName":"click","lineNumber":-1,"format":1},{"classLoaderName":"app","declaringClass":"com.nopcommerce.demo.utility.Utility","methodName":"clickOnElement","fileName":"Utility.java","lineNumber":50,"format":1},{"classLoaderName":"app","declaringClass":"com.nopcommerce.demo.pages.HomePage","methodName":"clickOnLogout","fileName":"HomePage.java","lineNumber":122,"format":1},{"classLoaderName":"app","declaringClass":"com.nopcommerce.demo.steps.LoginSteps","methodName":"iClickOnLogoutLink","fileName":"LoginSteps.java","lineNumber":54,"format":1},{"declaringClass":"✽","methodName":"I click on logout link","fileName":"file:///C:/Users/HP/IdeaProjects/nop-commerce-demo/src/test/resources/features/loginpage.feature","lineNumber":39,"format":0}],"suppressedExceptions":[]},"stackTrace":"org.openqa.selenium.NoSuchElementException: Unable to find element with locator By.xpath: //a[normalize-space()\u003d\u0027Log out\u0027]\nFor documentation on this error, please visit: https://www.selenium.dev/documentation/webdriver/troubleshooting/errors#no-such-element-exception\nBuild info: version: \u00274.15.0\u0027, revision: \u00271d14b5521b\u0027\nSystem info: os.name: \u0027Windows 11\u0027, os.arch: \u0027amd64\u0027, os.version: \u002710.0\u0027, java.version: \u002717.0.8\u0027\nDriver info: driver.version: RemoteWebDriver\r\n\tat org.openqa.selenium.remote.ElementLocation$ElementFinder$2.findElement(ElementLocation.java:168)\r\n\tat org.openqa.selenium.remote.ElementLocation.findElement(ElementLocation.java:59)\r\n\tat org.openqa.selenium.remote.RemoteWebDriver.findElement(RemoteWebDriver.java:364)\r\n\tat org.openqa.selenium.remote.RemoteWebDriver.findElement(RemoteWebDriver.java:358)\r\n\tat org.openqa.selenium.support.pagefactory.DefaultElementLocator.findElement(DefaultElementLocator.java:68)\r\n\tat org.openqa.selenium.support.pagefactory.internal.LocatingElementHandler.invoke(LocatingElementHandler.java:38)\r\n\tat jdk.proxy2/jdk.proxy2.$Proxy29.click(Unknown Source)\r\n\tat com.nopcommerce.demo.utility.Utility.clickOnElement(Utility.java:50)\r\n\tat com.nopcommerce.demo.pages.HomePage.clickOnLogout(HomePage.java:122)\r\n\tat com.nopcommerce.demo.steps.LoginSteps.iClickOnLogoutLink(LoginSteps.java:54)\r\n\tat ✽.I click on logout link(file:///C:/Users/HP/IdeaProjects/nop-commerce-demo/src/test/resources/features/loginpage.feature:39)\r\n","name":"org.openqa.selenium.NoSuchElementException"}}],"media":[],"exceptions":[{"exception":{"extraInfo":{"Driver info":"driver.version: RemoteWebDriver"},"detailMessage":"Unable to find element with locator By.xpath: //a[normalize-space()\u003d\u0027Log out\u0027]","stackTrace":[{"classLoaderName":"app","declaringClass":"org.openqa.selenium.remote.ElementLocation$ElementFinder$2","methodName":"findElement","fileName":"ElementLocation.java","lineNumber":168,"format":1},{"classLoaderName":"app","declaringClass":"org.openqa.selenium.remote.ElementLocation","methodName":"findElement","fileName":"ElementLocation.java","lineNumber":59,"format":1},{"classLoaderName":"app","declaringClass":"org.openqa.selenium.remote.RemoteWebDriver","methodName":"findElement","fileName":"RemoteWebDriver.java","lineNumber":364,"format":1},{"classLoaderName":"app","declaringClass":"org.openqa.selenium.remote.RemoteWebDriver","methodName":"findElement","fileName":"RemoteWebDriver.java","lineNumber":358,"format":1},{"classLoaderName":"app","declaringClass":"org.openqa.selenium.support.pagefactory.DefaultElementLocator","methodName":"findElement","fileName":"DefaultElementLocator.java","lineNumber":68,"format":1},{"classLoaderName":"app","declaringClass":"org.openqa.selenium.support.pagefactory.internal.LocatingElementHandler","methodName":"invoke","fileName":"LocatingElementHandler.java","lineNumber":38,"format":1},{"classLoaderName":"app","moduleName":"jdk.proxy2","declaringClass":"jdk.proxy2.$Proxy29","methodName":"click","lineNumber":-1,"format":1},{"classLoaderName":"app","declaringClass":"com.nopcommerce.demo.utility.Utility","methodName":"clickOnElement","fileName":"Utility.java","lineNumber":50,"format":1},{"classLoaderName":"app","declaringClass":"com.nopcommerce.demo.pages.HomePage","methodName":"clickOnLogout","fileName":"HomePage.java","lineNumber":122,"format":1},{"classLoaderName":"app","declaringClass":"com.nopcommerce.demo.steps.LoginSteps","methodName":"iClickOnLogoutLink","fileName":"LoginSteps.java","lineNumber":54,"format":1},{"declaringClass":"✽","methodName":"I click on logout link","fileName":"file:///C:/Users/HP/IdeaProjects/nop-commerce-demo/src/test/resources/features/loginpage.feature","lineNumber":39,"format":0}],"suppressedExceptions":[]},"stackTrace":"org.openqa.selenium.NoSuchElementException: Unable to find element with locator By.xpath: //a[normalize-space()\u003d\u0027Log out\u0027]\nFor documentation on this error, please visit: https://www.selenium.dev/documentation/webdriver/troubleshooting/errors#no-such-element-exception\nBuild info: version: \u00274.15.0\u0027, revision: \u00271d14b5521b\u0027\nSystem info: os.name: \u0027Windows 11\u0027, os.arch: \u0027amd64\u0027, os.version: \u002710.0\u0027, java.version: \u002717.0.8\u0027\nDriver info: driver.version: RemoteWebDriver\r\n\tat org.openqa.selenium.remote.ElementLocation$ElementFinder$2.findElement(ElementLocation.java:168)\r\n\tat org.openqa.selenium.remote.ElementLocation.findElement(ElementLocation.java:59)\r\n\tat org.openqa.selenium.remote.RemoteWebDriver.findElement(RemoteWebDriver.java:364)\r\n\tat org.openqa.selenium.remote.RemoteWebDriver.findElement(RemoteWebDriver.java:358)\r\n\tat org.openqa.selenium.support.pagefactory.DefaultElementLocator.findElement(DefaultElementLocator.java:68)\r\n\tat org.openqa.selenium.support.pagefactory.internal.LocatingElementHandler.invoke(LocatingElementHandler.java:38)\r\n\tat jdk.proxy2/jdk.proxy2.$Proxy29.click(Unknown Source)\r\n\tat com.nopcommerce.demo.utility.Utility.clickOnElement(Utility.java:50)\r\n\tat com.nopcommerce.demo.pages.HomePage.clickOnLogout(HomePage.java:122)\r\n\tat com.nopcommerce.demo.steps.LoginSteps.iClickOnLogoutLink(LoginSteps.java:54)\r\n\tat ✽.I click on logout link(file:///C:/Users/HP/IdeaProjects/nop-commerce-demo/src/test/resources/features/loginpage.feature:39)\r\n","name":"org.openqa.selenium.NoSuchElementException"}],"authorSet":[],"categorySet":[],"deviceSet":[],"generatedLog":[]},{"useNaturalConf":true,"startTime":"Dec 18, 2023, 10:46:49 AM","endTime":"Dec 18, 2023, 10:46:49 AM","status":"SKIP","level":2,"isLeaf":true,"name":"Then I should logout successfully and verify the login link","description":"com.nopcommerce.demo.steps.LoginSteps.iShouldLogoutSuccessfullyAndVerifyTheLoginLink()","bddType":"com.aventstack.extentreports.gherkin.model.Then","infoMap":{},"children":[],"logs":[{"timestamp":"Dec 18, 2023, 10:46:49 AM","status":"SKIP","details":"Step skipped","seq":0,"infoMap":{}}],"media":[],"exceptions":[],"authorSet":[],"categorySet":[],"deviceSet":[],"generatedLog":[]},{"useNaturalConf":true,"startTime":"Dec 18, 2023, 10:46:49 AM","endTime":"Dec 18, 2023, 10:46:49 AM","status":"FAIL","level":2,"isLeaf":true,"name":"com.nopcommerce.demo.steps.Hooks.tearDown(io.cucumber.java.Scenario)","description":"AFTER","bddType":"com.aventstack.extentreports.gherkin.model.Asterisk","infoMap":{},"children":[],"logs":[{"timestamp":"Dec 18, 2023, 10:46:49 AM","status":"FAIL","details":"","seq":0,"infoMap":{},"exception":{"exception":{"extraInfo":{"Driver info":"org.openqa.selenium.chrome.ChromeDriver","Command":"[fa1b4784757c1b41d34b507543a34f13, screenshot {}]","Capabilities":"Capabilities {acceptInsecureCerts: false, browserName: chrome, browserVersion: 120.0.6099.72, chrome: {chromedriverVersion: 120.0.6099.71 (9729082fe617..., userDataDir: C:\\Users\\HP\\AppData\\Local\\T...}, fedcm:accounts: true, goog:chromeOptions: {debuggerAddress: localhost:55909}, networkConnectionEnabled: false, pageLoadStrategy: normal, platformName: windows, proxy: Proxy(), se:cdp: ws://localhost:55909/devtoo..., se:cdpVersion: 120.0.6099.72, setWindowRect: true, strictFileInteractability: false, timeouts: {implicit: 0, pageLoad: 300000, script: 30000}, unhandledPromptBehavior: dismiss and notify, webauthn:extension:credBlob: true, webauthn:extension:largeBlob: true, webauthn:extension:minPinLength: true, webauthn:extension:prf: true, webauthn:virtualAuthenticators: true}","Session ID":"fa1b4784757c1b41d34b507543a34f13"},"detailMessage":"no such window: target window already closed\nfrom unknown error: web view not found\n  (Session info: chrome\u003d120.0.6099.72)","stackTrace":[{"moduleName":"java.base","moduleVersion":"17.0.8","declaringClass":"jdk.internal.reflect.NativeConstructorAccessorImpl","methodName":"newInstance0","fileName":"NativeConstructorAccessorImpl.java","lineNumber":-2,"format":2},{"moduleName":"java.base","moduleVersion":"17.0.8","declaringClass":"jdk.internal.reflect.NativeConstructorAccessorImpl","methodName":"newInstance","fileName":"NativeConstructorAccessorImpl.java","lineNumber":77,"format":2},{"moduleName":"java.base","moduleVersion":"17.0.8","declaringClass":"jdk.internal.reflect.DelegatingConstructorAccessorImpl","methodName":"newInstance","fileName":"DelegatingConstructorAccessorImpl.java","lineNumber":45,"format":2},{"moduleName":"java.base","moduleVersion":"17.0.8","declaringClass":"java.lang.reflect.Constructor","methodName":"newInstanceWithCaller","fileName":"Constructor.java","lineNumber":499,"format":2},{"moduleName":"java.base","moduleVersion":"17.0.8","declaringClass":"java.lang.reflect.Constructor","methodName":"newInstance","fileName":"Constructor.java","lineNumber":480,"format":2},{"classLoaderName":"app","declaringClass":"org.openqa.selenium.remote.codec.w3c.W3CHttpResponseCodec","methodName":"createException","fileName":"W3CHttpResponseCodec.java","lineNumber":200,"format":1},{"classLoaderName":"app","declaringClass":"org.openqa.selenium.remote.codec.w3c.W3CHttpResponseCodec","methodName":"decode","fileName":"W3CHttpResponseCodec.java","lineNumber":133,"format":1},{"classLoaderName":"app","declaringClass":"org.openqa.selenium.remote.codec.w3c.W3CHttpResponseCodec","methodName":"decode","fileName":"W3CHttpResponseCodec.java","lineNumber":52,"format":1},{"classLoaderName":"app","declaringClass":"org.openqa.selenium.remote.HttpCommandExecutor","methodName":"execute","fileName":"HttpCommandExecutor.java","lineNumber":191,"format":1},{"classLoaderName":"app","declaringClass":"org.openqa.selenium.remote.service.DriverCommandExecutor","methodName":"invokeExecute","fileName":"DriverCommandExecutor.java","lineNumber":200,"format":1},{"classLoaderName":"app","declaringClass":"org.openqa.selenium.remote.service.DriverCommandExecutor","methodName":"execute","fileName":"DriverCommandExecutor.java","lineNumber":175,"format":1},{"classLoaderName":"app","declaringClass":"org.openqa.selenium.remote.RemoteWebDriver","methodName":"execute","fileName":"RemoteWebDriver.java","lineNumber":607,"format":1},{"classLoaderName":"app","declaringClass":"org.openqa.selenium.remote.RemoteWebDriver","methodName":"execute","fileName":"RemoteWebDriver.java","lineNumber":680,"format":1},{"classLoaderName":"app","declaringClass":"org.openqa.selenium.remote.RemoteWebDriver","methodName":"execute","fileName":"RemoteWebDriver.java","lineNumber":684,"format":1},{"classLoaderName":"app","declaringClass":"org.openqa.selenium.remote.RemoteWebDriver","methodName":"getScreenshotAs","fileName":"RemoteWebDriver.java","lineNumber":330,"format":1},{"classLoaderName":"app","declaringClass":"com.nopcommerce.demo.utility.Utility","methodName":"getScreenShot","fileName":"Utility.java","lineNumber":351,"format":1},{"classLoaderName":"app","declaringClass":"com.nopcommerce.demo.steps.Hooks","methodName":"tearDown","fileName":"Hooks.java","lineNumber":17,"format":1}],"suppressedExceptions":[]},"stackTrace":"org.openqa.selenium.NoSuchWindowException: no such window: target window already closed\nfrom unknown error: web view not found\n  (Session info: chrome\u003d120.0.6099.72)\nBuild info: version: \u00274.15.0\u0027, revision: \u00271d14b5521b\u0027\nSystem info: os.name: \u0027Windows 11\u0027, os.arch: \u0027amd64\u0027, os.version: \u002710.0\u0027, java.version: \u002717.0.8\u0027\nDriver info: org.openqa.selenium.chrome.ChromeDriver\nCommand: [fa1b4784757c1b41d34b507543a34f13, screenshot {}]\nCapabilities {acceptInsecureCerts: false, browserName: chrome, browserVersion: 120.0.6099.72, chrome: {chromedriverVersion: 120.0.6099.71 (9729082fe617..., userDataDir: C:\\Users\\HP\\AppData\\Local\\T...}, fedcm:accounts: true, goog:chromeOptions: {debuggerAddress: localhost:55909}, networkConnectionEnabled: false, pageLoadStrategy: normal, platformName: windows, proxy: Proxy(), se:cdp: ws://localhost:55909/devtoo..., se:cdpVersion: 120.0.6099.72, setWindowRect: true, strictFileInteractability: false, timeouts: {implicit: 0, pageLoad: 300000, script: 30000}, unhandledPromptBehavior: dismiss and notify, webauthn:extension:credBlob: true, webauthn:extension:largeBlob: true, webauthn:extension:minPinLength: true, webauthn:extension:prf: true, webauthn:virtualAuthenticators: true}\nSession ID: fa1b4784757c1b41d34b507543a34f13\r\n\tat java.base/jdk.internal.reflect.NativeConstructorAccessorImpl.newInstance0(Native Method)\r\n\tat java.base/jdk.internal.reflect.NativeConstructorAccessorImpl.newInstance(NativeConstructorAccessorImpl.java:77)\r\n\tat java.base/jdk.internal.reflect.DelegatingConstructorAccessorImpl.newInstance(DelegatingConstructorAccessorImpl.java:45)\r\n\tat java.base/java.lang.reflect.Constructor.newInstanceWithCaller(Constructor.java:499)\r\n\tat java.base/java.lang.reflect.Constructor.newInstance(Constructor.java:480)\r\n\tat org.openqa.selenium.remote.codec.w3c.W3CHttpResponseCodec.createException(W3CHttpResponseCodec.java:200)\r\n\tat org.openqa.selenium.remote.codec.w3c.W3CHttpResponseCodec.decode(W3CHttpResponseCodec.java:133)\r\n\tat org.openqa.selenium.remote.codec.w3c.W3CHttpResponseCodec.decode(W3CHttpResponseCodec.java:52)\r\n\tat org.openqa.selenium.remote.HttpCommandExecutor.execute(HttpCommandExecutor.java:191)\r\n\tat org.openqa.selenium.remote.service.DriverCommandExecutor.invokeExecute(DriverCommandExecutor.java:200)\r\n\tat org.openqa.selenium.remote.service.DriverCommandExecutor.execute(DriverCommandExecutor.java:175)\r\n\tat org.openqa.selenium.remote.RemoteWebDriver.execute(RemoteWebDriver.java:607)\r\n\tat org.openqa.selenium.remote.RemoteWebDriver.execute(RemoteWebDriver.java:680)\r\n\tat org.openqa.selenium.remote.RemoteWebDriver.execute(RemoteWebDriver.java:684)\r\n\tat org.openqa.selenium.remote.RemoteWebDriver.getScreenshotAs(RemoteWebDriver.java:330)\r\n\tat com.nopcommerce.demo.utility.Utility.getScreenShot(Utility.java:351)\r\n\tat com.nopcommerce.demo.steps.Hooks.tearDown(Hooks.java:17)\r\n","name":"org.openqa.selenium.NoSuchWindowException"}}],"media":[],"exceptions":[{"exception":{"extraInfo":{"Driver info":"org.openqa.selenium.chrome.ChromeDriver","Command":"[fa1b4784757c1b41d34b507543a34f13, screenshot {}]","Capabilities":"Capabilities {acceptInsecureCerts: false, browserName: chrome, browserVersion: 120.0.6099.72, chrome: {chromedriverVersion: 120.0.6099.71 (9729082fe617..., userDataDir: C:\\Users\\HP\\AppData\\Local\\T...}, fedcm:accounts: true, goog:chromeOptions: {debuggerAddress: localhost:55909}, networkConnectionEnabled: false, pageLoadStrategy: normal, platformName: windows, proxy: Proxy(), se:cdp: ws://localhost:55909/devtoo..., se:cdpVersion: 120.0.6099.72, setWindowRect: true, strictFileInteractability: false, timeouts: {implicit: 0, pageLoad: 300000, script: 30000}, unhandledPromptBehavior: dismiss and notify, webauthn:extension:credBlob: true, webauthn:extension:largeBlob: true, webauthn:extension:minPinLength: true, webauthn:extension:prf: true, webauthn:virtualAuthenticators: true}","Session ID":"fa1b4784757c1b41d34b507543a34f13"},"detailMessage":"no such window: target window already closed\nfrom unknown error: web view not found\n  (Session info: chrome\u003d120.0.6099.72)","stackTrace":[{"moduleName":"java.base","moduleVersion":"17.0.8","declaringClass":"jdk.internal.reflect.NativeConstructorAccessorImpl","methodName":"newInstance0","fileName":"NativeConstructorAccessorImpl.java","lineNumber":-2,"format":2},{"moduleName":"java.base","moduleVersion":"17.0.8","declaringClass":"jdk.internal.reflect.NativeConstructorAccessorImpl","methodName":"newInstance","fileName":"NativeConstructorAccessorImpl.java","lineNumber":77,"format":2},{"moduleName":"java.base","moduleVersion":"17.0.8","declaringClass":"jdk.internal.reflect.DelegatingConstructorAccessorImpl","methodName":"newInstance","fileName":"DelegatingConstructorAccessorImpl.java","lineNumber":45,"format":2},{"moduleName":"java.base","moduleVersion":"17.0.8","declaringClass":"java.lang.reflect.Constructor","methodName":"newInstanceWithCaller","fileName":"Constructor.java","lineNumber":499,"format":2},{"moduleName":"java.base","moduleVersion":"17.0.8","declaringClass":"java.lang.reflect.Constructor","methodName":"newInstance","fileName":"Constructor.java","lineNumber":480,"format":2},{"classLoaderName":"app","declaringClass":"org.openqa.selenium.remote.codec.w3c.W3CHttpResponseCodec","methodName":"createException","fileName":"W3CHttpResponseCodec.java","lineNumber":200,"format":1},{"classLoaderName":"app","declaringClass":"org.openqa.selenium.remote.codec.w3c.W3CHttpResponseCodec","methodName":"decode","fileName":"W3CHttpResponseCodec.java","lineNumber":133,"format":1},{"classLoaderName":"app","declaringClass":"org.openqa.selenium.remote.codec.w3c.W3CHttpResponseCodec","methodName":"decode","fileName":"W3CHttpResponseCodec.java","lineNumber":52,"format":1},{"classLoaderName":"app","declaringClass":"org.openqa.selenium.remote.HttpCommandExecutor","methodName":"execute","fileName":"HttpCommandExecutor.java","lineNumber":191,"format":1},{"classLoaderName":"app","declaringClass":"org.openqa.selenium.remote.service.DriverCommandExecutor","methodName":"invokeExecute","fileName":"DriverCommandExecutor.java","lineNumber":200,"format":1},{"classLoaderName":"app","declaringClass":"org.openqa.selenium.remote.service.DriverCommandExecutor","methodName":"execute","fileName":"DriverCommandExecutor.java","lineNumber":175,"format":1},{"classLoaderName":"app","declaringClass":"org.openqa.selenium.remote.RemoteWebDriver","methodName":"execute","fileName":"RemoteWebDriver.java","lineNumber":607,"format":1},{"classLoaderName":"app","declaringClass":"org.openqa.selenium.remote.RemoteWebDriver","methodName":"execute","fileName":"RemoteWebDriver.java","lineNumber":680,"format":1},{"classLoaderName":"app","declaringClass":"org.openqa.selenium.remote.RemoteWebDriver","methodName":"execute","fileName":"RemoteWebDriver.java","lineNumber":684,"format":1},{"classLoaderName":"app","declaringClass":"org.openqa.selenium.remote.RemoteWebDriver","methodName":"getScreenshotAs","fileName":"RemoteWebDriver.java","lineNumber":330,"format":1},{"classLoaderName":"app","declaringClass":"com.nopcommerce.demo.utility.Utility","methodName":"getScreenShot","fileName":"Utility.java","lineNumber":351,"format":1},{"classLoaderName":"app","declaringClass":"com.nopcommerce.demo.steps.Hooks","methodName":"tearDown","fileName":"Hooks.java","lineNumber":17,"format":1}],"suppressedExceptions":[]},"stackTrace":"org.openqa.selenium.NoSuchWindowException: no such window: target window already closed\nfrom unknown error: web view not found\n  (Session info: chrome\u003d120.0.6099.72)\nBuild info: version: \u00274.15.0\u0027, revision: \u00271d14b5521b\u0027\nSystem info: os.name: \u0027Windows 11\u0027, os.arch: \u0027amd64\u0027, os.version: \u002710.0\u0027, java.version: \u002717.0.8\u0027\nDriver info: org.openqa.selenium.chrome.ChromeDriver\nCommand: [fa1b4784757c1b41d34b507543a34f13, screenshot {}]\nCapabilities {acceptInsecureCerts: false, browserName: chrome, browserVersion: 120.0.6099.72, chrome: {chromedriverVersion: 120.0.6099.71 (9729082fe617..., userDataDir: C:\\Users\\HP\\AppData\\Local\\T...}, fedcm:accounts: true, goog:chromeOptions: {debuggerAddress: localhost:55909}, networkConnectionEnabled: false, pageLoadStrategy: normal, platformName: windows, proxy: Proxy(), se:cdp: ws://localhost:55909/devtoo..., se:cdpVersion: 120.0.6099.72, setWindowRect: true, strictFileInteractability: false, timeouts: {implicit: 0, pageLoad: 300000, script: 30000}, unhandledPromptBehavior: dismiss and notify, webauthn:extension:credBlob: true, webauthn:extension:largeBlob: true, webauthn:extension:minPinLength: true, webauthn:extension:prf: true, webauthn:virtualAuthenticators: true}\nSession ID: fa1b4784757c1b41d34b507543a34f13\r\n\tat java.base/jdk.internal.reflect.NativeConstructorAccessorImpl.newInstance0(Native Method)\r\n\tat java.base/jdk.internal.reflect.NativeConstructorAccessorImpl.newInstance(NativeConstructorAccessorImpl.java:77)\r\n\tat java.base/jdk.internal.reflect.DelegatingConstructorAccessorImpl.newInstance(DelegatingConstructorAccessorImpl.java:45)\r\n\tat java.base/java.lang.reflect.Constructor.newInstanceWithCaller(Constructor.java:499)\r\n\tat java.base/java.lang.reflect.Constructor.newInstance(Constructor.java:480)\r\n\tat org.openqa.selenium.remote.codec.w3c.W3CHttpResponseCodec.createException(W3CHttpResponseCodec.java:200)\r\n\tat org.openqa.selenium.remote.codec.w3c.W3CHttpResponseCodec.decode(W3CHttpResponseCodec.java:133)\r\n\tat org.openqa.selenium.remote.codec.w3c.W3CHttpResponseCodec.decode(W3CHttpResponseCodec.java:52)\r\n\tat org.openqa.selenium.remote.HttpCommandExecutor.execute(HttpCommandExecutor.java:191)\r\n\tat org.openqa.selenium.remote.service.DriverCommandExecutor.invokeExecute(DriverCommandExecutor.java:200)\r\n\tat org.openqa.selenium.remote.service.DriverCommandExecutor.execute(DriverCommandExecutor.java:175)\r\n\tat org.openqa.selenium.remote.RemoteWebDriver.execute(RemoteWebDriver.java:607)\r\n\tat org.openqa.selenium.remote.RemoteWebDriver.execute(RemoteWebDriver.java:680)\r\n\tat org.openqa.selenium.remote.RemoteWebDriver.execute(RemoteWebDriver.java:684)\r\n\tat org.openqa.selenium.remote.RemoteWebDriver.getScreenshotAs(RemoteWebDriver.java:330)\r\n\tat com.nopcommerce.demo.utility.Utility.getScreenShot(Utility.java:351)\r\n\tat com.nopcommerce.demo.steps.Hooks.tearDown(Hooks.java:17)\r\n","name":"org.openqa.selenium.NoSuchWindowException"}],"authorSet":[],"categorySet":[],"deviceSet":[],"generatedLog":[]}],"logs":[],"media":[],"exceptions":[],"authorSet":[],"categorySet":[{"name":"@regression"},{"name":"@author_Devansh_Rami"}],"deviceSet":[],"generatedLog":[]}],"logs":[],"media":[],"exceptions":[],"authorSet":[],"categorySet":[],"deviceSet":[],"generatedLog":[]},{"useNaturalConf":true,"startTime":"Dec 18, 2023, 10:46:50 AM","endTime":"Dec 18, 2023, 10:47:18 AM","status":"FAIL","level":0,"isLeaf":false,"name":"This feature file is for registration","description":"","bddType":"com.aventstack.extentreports.gherkin.model.Feature","infoMap":{},"children":[{"useNaturalConf":true,"startTime":"Dec 18, 2023, 10:46:50 AM","endTime":"Dec 18, 2023, 10:46:58 AM","status":"FAIL","level":1,"isLeaf":false,"name":"Verify user should navigate to register page successfully","description":"","bddType":"com.aventstack.extentreports.gherkin.model.Scenario","infoMap":{},"children":[{"useNaturalConf":true,"startTime":"Dec 18, 2023, 10:46:57 AM","endTime":"Dec 18, 2023, 10:46:57 AM","status":"PASS","level":2,"isLeaf":true,"name":"Given I am on homepage","description":"com.nopcommerce.demo.steps.LoginSteps.iAmOnHomepage()","bddType":"com.aventstack.extentreports.gherkin.model.Given","infoMap":{},"children":[],"logs":[{"timestamp":"Dec 18, 2023, 10:46:57 AM","status":"PASS","details":"","seq":0,"infoMap":{}}],"media":[],"exceptions":[],"authorSet":[],"categorySet":[],"deviceSet":[],"generatedLog":[]},{"useNaturalConf":true,"startTime":"Dec 18, 2023, 10:46:57 AM","endTime":"Dec 18, 2023, 10:46:58 AM","status":"PASS","level":2,"isLeaf":true,"name":"When I click on register link","description":"com.nopcommerce.demo.steps.RegisterSteps.iClickOnRegisterLink()","bddType":"com.aventstack.extentreports.gherkin.model.When","infoMap":{},"children":[],"logs":[{"timestamp":"Dec 18, 2023, 10:46:58 AM","status":"PASS","details":"","seq":0,"infoMap":{}}],"media":[],"exceptions":[],"authorSet":[],"categorySet":[],"deviceSet":[],"generatedLog":[]},{"useNaturalConf":true,"startTime":"Dec 18, 2023, 10:46:58 AM","endTime":"Dec 18, 2023, 10:46:58 AM","status":"FAIL","level":2,"isLeaf":true,"name":"Then I verify register text","description":"com.nopcommerce.demo.steps.RegisterSteps.iVerifyRegisterText(java.lang.String)","bddType":"com.aventstack.extentreports.gherkin.model.Then","infoMap":{},"children":[],"logs":[{"timestamp":"Dec 18, 2023, 10:46:58 AM","status":"FAIL","details":"","seq":0,"infoMap":{},"exception":{"exception":{"detailMessage":"Step [I verify register text] is defined with 1 parameters at \u0027com.nopcommerce.demo.steps.RegisterSteps.iVerifyRegisterText(java.lang.String)\u0027.\nHowever, the gherkin step has 0 arguments.\nStep text: I verify register text","stackTrace":[{"classLoaderName":"app","declaringClass":"io.cucumber.core.runner.PickleStepDefinitionMatch","methodName":"arityMismatch","fileName":"PickleStepDefinitionMatch.java","lineNumber":83,"format":1},{"classLoaderName":"app","declaringClass":"io.cucumber.core.runner.PickleStepDefinitionMatch","methodName":"runStep","fileName":"PickleStepDefinitionMatch.java","lineNumber":42,"format":1},{"classLoaderName":"app","declaringClass":"io.cucumber.core.runner.ExecutionMode$1","methodName":"execute","fileName":"ExecutionMode.java","lineNumber":10,"format":1},{"classLoaderName":"app","declaringClass":"io.cucumber.core.runner.TestStep","methodName":"executeStep","fileName":"TestStep.java","lineNumber":84,"format":1},{"classLoaderName":"app","declaringClass":"io.cucumber.core.runner.TestStep","methodName":"run","fileName":"TestStep.java","lineNumber":56,"format":1},{"classLoaderName":"app","declaringClass":"io.cucumber.core.runner.PickleStepTestStep","methodName":"run","fileName":"PickleStepTestStep.java","lineNumber":51,"format":1},{"classLoaderName":"app","declaringClass":"io.cucumber.core.runner.TestCase","methodName":"run","fileName":"TestCase.java","lineNumber":84,"format":1},{"classLoaderName":"app","declaringClass":"io.cucumber.core.runner.Runner","methodName":"runPickle","fileName":"Runner.java","lineNumber":75,"format":1},{"classLoaderName":"app","declaringClass":"io.cucumber.testng.TestNGCucumberRunner","methodName":"lambda$runScenario$1","fileName":"TestNGCucumberRunner.java","lineNumber":132,"format":1},{"classLoaderName":"app","declaringClass":"io.cucumber.core.runtime.CucumberExecutionContext","methodName":"lambda$runTestCase$5","fileName":"CucumberExecutionContext.java","lineNumber":137,"format":1},{"classLoaderName":"app","declaringClass":"io.cucumber.core.runtime.RethrowingThrowableCollector","methodName":"executeAndThrow","fileName":"RethrowingThrowableCollector.java","lineNumber":23,"format":1},{"classLoaderName":"app","declaringClass":"io.cucumber.core.runtime.CucumberExecutionContext","methodName":"runTestCase","fileName":"CucumberExecutionContext.java","lineNumber":137,"format":1},{"classLoaderName":"app","declaringClass":"io.cucumber.testng.TestNGCucumberRunner","methodName":"runScenario","fileName":"TestNGCucumberRunner.java","lineNumber":129,"format":1},{"classLoaderName":"app","declaringClass":"io.cucumber.testng.AbstractTestNGCucumberTests","methodName":"runScenario","fileName":"AbstractTestNGCucumberTests.java","lineNumber":35,"format":1},{"moduleName":"java.base","moduleVersion":"17.0.8","declaringClass":"jdk.internal.reflect.NativeMethodAccessorImpl","methodName":"invoke0","fileName":"NativeMethodAccessorImpl.java","lineNumber":-2,"format":2},{"moduleName":"java.base","moduleVersion":"17.0.8","declaringClass":"jdk.internal.reflect.NativeMethodAccessorImpl","methodName":"invoke","fileName":"NativeMethodAccessorImpl.java","lineNumber":77,"format":2},{"moduleName":"java.base","moduleVersion":"17.0.8","declaringClass":"jdk.internal.reflect.DelegatingMethodAccessorImpl","methodName":"invoke","fileName":"DelegatingMethodAccessorImpl.java","lineNumber":43,"format":2},{"moduleName":"java.base","moduleVersion":"17.0.8","declaringClass":"java.lang.reflect.Method","methodName":"invoke","fileName":"Method.java","lineNumber":568,"format":2},{"classLoaderName":"app","declaringClass":"org.testng.internal.invokers.MethodInvocationHelper","methodName":"invokeMethod","fileName":"MethodInvocationHelper.java","lineNumber":139,"format":1},{"classLoaderName":"app","declaringClass":"org.testng.internal.invokers.TestInvoker","methodName":"invokeMethod","fileName":"TestInvoker.java","lineNumber":664,"format":1},{"classLoaderName":"app","declaringClass":"org.testng.internal.invokers.TestInvoker","methodName":"invokeTestMethod","fileName":"TestInvoker.java","lineNumber":227,"format":1},{"classLoaderName":"app","declaringClass":"org.testng.internal.invokers.MethodRunner","methodName":"runInSequence","fileName":"MethodRunner.java","lineNumber":50,"format":1},{"classLoaderName":"app","declaringClass":"org.testng.internal.invokers.TestInvoker$MethodInvocationAgent","methodName":"invoke","fileName":"TestInvoker.java","lineNumber":957,"format":1},{"classLoaderName":"app","declaringClass":"org.testng.internal.invokers.TestInvoker","methodName":"invokeTestMethods","fileName":"TestInvoker.java","lineNumber":200,"format":1},{"classLoaderName":"app","declaringClass":"org.testng.internal.invokers.TestMethodWorker","methodName":"invokeTestMethods","fileName":"TestMethodWorker.java","lineNumber":148,"format":1},{"classLoaderName":"app","declaringClass":"org.testng.internal.invokers.TestMethodWorker","methodName":"run","fileName":"TestMethodWorker.java","lineNumber":128,"format":1},{"moduleName":"java.base","moduleVersion":"17.0.8","declaringClass":"java.util.ArrayList","methodName":"forEach","fileName":"ArrayList.java","lineNumber":1511,"format":2},{"classLoaderName":"app","declaringClass":"org.testng.TestRunner","methodName":"privateRun","fileName":"TestRunner.java","lineNumber":848,"format":1},{"classLoaderName":"app","declaringClass":"org.testng.TestRunner","methodName":"run","fileName":"TestRunner.java","lineNumber":621,"format":1},{"classLoaderName":"app","declaringClass":"org.testng.SuiteRunner","methodName":"runTest","fileName":"SuiteRunner.java","lineNumber":443,"format":1},{"classLoaderName":"app","declaringClass":"org.testng.SuiteRunner","methodName":"runSequentially","fileName":"SuiteRunner.java","lineNumber":437,"format":1},{"classLoaderName":"app","declaringClass":"org.testng.SuiteRunner","methodName":"privateRun","fileName":"SuiteRunner.java","lineNumber":397,"format":1},{"classLoaderName":"app","declaringClass":"org.testng.SuiteRunner","methodName":"run","fileName":"SuiteRunner.java","lineNumber":336,"format":1},{"classLoaderName":"app","declaringClass":"org.testng.SuiteRunnerWorker","methodName":"runSuite","fileName":"SuiteRunnerWorker.java","lineNumber":52,"format":1},{"classLoaderName":"app","declaringClass":"org.testng.SuiteRunnerWorker","methodName":"run","fileName":"SuiteRunnerWorker.java","lineNumber":95,"format":1},{"classLoaderName":"app","declaringClass":"org.testng.TestNG","methodName":"runSuitesSequentially","fileName":"TestNG.java","lineNumber":1280,"format":1},{"classLoaderName":"app","declaringClass":"org.testng.TestNG","methodName":"runSuitesLocally","fileName":"TestNG.java","lineNumber":1200,"format":1},{"classLoaderName":"app","declaringClass":"org.testng.TestNG","methodName":"runSuites","fileName":"TestNG.java","lineNumber":1114,"format":1},{"classLoaderName":"app","declaringClass":"org.testng.TestNG","methodName":"run","fileName":"TestNG.java","lineNumber":1082,"format":1},{"classLoaderName":"app","declaringClass":"com.intellij.rt.testng.IDEARemoteTestNG","methodName":"run","fileName":"IDEARemoteTestNG.java","lineNumber":66,"format":1},{"classLoaderName":"app","declaringClass":"com.intellij.rt.testng.RemoteTestNGStarter","methodName":"main","fileName":"RemoteTestNGStarter.java","lineNumber":105,"format":1}],"suppressedExceptions":[]},"stackTrace":"io.cucumber.core.exception.CucumberException: Step [I verify register text] is defined with 1 parameters at \u0027com.nopcommerce.demo.steps.RegisterSteps.iVerifyRegisterText(java.lang.String)\u0027.\nHowever, the gherkin step has 0 arguments.\nStep text: I verify register text\r\n\tat io.cucumber.core.runner.PickleStepDefinitionMatch.arityMismatch(PickleStepDefinitionMatch.java:83)\r\n\tat io.cucumber.core.runner.PickleStepDefinitionMatch.runStep(PickleStepDefinitionMatch.java:42)\r\n\tat io.cucumber.core.runner.ExecutionMode$1.execute(ExecutionMode.java:10)\r\n\tat io.cucumber.core.runner.TestStep.executeStep(TestStep.java:84)\r\n\tat io.cucumber.core.runner.TestStep.run(TestStep.java:56)\r\n\tat io.cucumber.core.runner.PickleStepTestStep.run(PickleStepTestStep.java:51)\r\n\tat io.cucumber.core.runner.TestCase.run(TestCase.java:84)\r\n\tat io.cucumber.core.runner.Runner.runPickle(Runner.java:75)\r\n\tat io.cucumber.testng.TestNGCucumberRunner.lambda$runScenario$1(TestNGCucumberRunner.java:132)\r\n\tat io.cucumber.core.runtime.CucumberExecutionContext.lambda$runTestCase$5(CucumberExecutionContext.java:137)\r\n\tat io.cucumber.core.runtime.RethrowingThrowableCollector.executeAndThrow(RethrowingThrowableCollector.java:23)\r\n\tat io.cucumber.core.runtime.CucumberExecutionContext.runTestCase(CucumberExecutionContext.java:137)\r\n\tat io.cucumber.testng.TestNGCucumberRunner.runScenario(TestNGCucumberRunner.java:129)\r\n\tat io.cucumber.testng.AbstractTestNGCucumberTests.runScenario(AbstractTestNGCucumberTests.java:35)\r\n\tat java.base/jdk.internal.reflect.NativeMethodAccessorImpl.invoke0(Native Method)\r\n\tat java.base/jdk.internal.reflect.NativeMethodAccessorImpl.invoke(NativeMethodAccessorImpl.java:77)\r\n\tat java.base/jdk.internal.reflect.DelegatingMethodAccessorImpl.invoke(DelegatingMethodAccessorImpl.java:43)\r\n\tat java.base/java.lang.reflect.Method.invoke(Method.java:568)\r\n\tat org.testng.internal.invokers.MethodInvocationHelper.invokeMethod(MethodInvocationHelper.java:139)\r\n\tat org.testng.internal.invokers.TestInvoker.invokeMethod(TestInvoker.java:664)\r\n\tat org.testng.internal.invokers.TestInvoker.invokeTestMethod(TestInvoker.java:227)\r\n\tat org.testng.internal.invokers.MethodRunner.runInSequence(MethodRunner.java:50)\r\n\tat org.testng.internal.invokers.TestInvoker$MethodInvocationAgent.invoke(TestInvoker.java:957)\r\n\tat org.testng.internal.invokers.TestInvoker.invokeTestMethods(TestInvoker.java:200)\r\n\tat org.testng.internal.invokers.TestMethodWorker.invokeTestMethods(TestMethodWorker.java:148)\r\n\tat org.testng.internal.invokers.TestMethodWorker.run(TestMethodWorker.java:128)\r\n\tat java.base/java.util.ArrayList.forEach(ArrayList.java:1511)\r\n\tat org.testng.TestRunner.privateRun(TestRunner.java:848)\r\n\tat org.testng.TestRunner.run(TestRunner.java:621)\r\n\tat org.testng.SuiteRunner.runTest(SuiteRunner.java:443)\r\n\tat org.testng.SuiteRunner.runSequentially(SuiteRunner.java:437)\r\n\tat org.testng.SuiteRunner.privateRun(SuiteRunner.java:397)\r\n\tat org.testng.SuiteRunner.run(SuiteRunner.java:336)\r\n\tat org.testng.SuiteRunnerWorker.runSuite(SuiteRunnerWorker.java:52)\r\n\tat org.testng.SuiteRunnerWorker.run(SuiteRunnerWorker.java:95)\r\n\tat org.testng.TestNG.runSuitesSequentially(TestNG.java:1280)\r\n\tat org.testng.TestNG.runSuitesLocally(TestNG.java:1200)\r\n\tat org.testng.TestNG.runSuites(TestNG.java:1114)\r\n\tat org.testng.TestNG.run(TestNG.java:1082)\r\n\tat com.intellij.rt.testng.IDEARemoteTestNG.run(IDEARemoteTestNG.java:66)\r\n\tat com.intellij.rt.testng.RemoteTestNGStarter.main(RemoteTestNGStarter.java:105)\r\n","name":"io.cucumber.core.exception.CucumberException"}}],"media":[],"exceptions":[{"exception":{"detailMessage":"Step [I verify register text] is defined with 1 parameters at \u0027com.nopcommerce.demo.steps.RegisterSteps.iVerifyRegisterText(java.lang.String)\u0027.\nHowever, the gherkin step has 0 arguments.\nStep text: I verify register text","stackTrace":[{"classLoaderName":"app","declaringClass":"io.cucumber.core.runner.PickleStepDefinitionMatch","methodName":"arityMismatch","fileName":"PickleStepDefinitionMatch.java","lineNumber":83,"format":1},{"classLoaderName":"app","declaringClass":"io.cucumber.core.runner.PickleStepDefinitionMatch","methodName":"runStep","fileName":"PickleStepDefinitionMatch.java","lineNumber":42,"format":1},{"classLoaderName":"app","declaringClass":"io.cucumber.core.runner.ExecutionMode$1","methodName":"execute","fileName":"ExecutionMode.java","lineNumber":10,"format":1},{"classLoaderName":"app","declaringClass":"io.cucumber.core.runner.TestStep","methodName":"executeStep","fileName":"TestStep.java","lineNumber":84,"format":1},{"classLoaderName":"app","declaringClass":"io.cucumber.core.runner.TestStep","methodName":"run","fileName":"TestStep.java","lineNumber":56,"format":1},{"classLoaderName":"app","declaringClass":"io.cucumber.core.runner.PickleStepTestStep","methodName":"run","fileName":"PickleStepTestStep.java","lineNumber":51,"format":1},{"classLoaderName":"app","declaringClass":"io.cucumber.core.runner.TestCase","methodName":"run","fileName":"TestCase.java","lineNumber":84,"format":1},{"classLoaderName":"app","declaringClass":"io.cucumber.core.runner.Runner","methodName":"runPickle","fileName":"Runner.java","lineNumber":75,"format":1},{"classLoaderName":"app","declaringClass":"io.cucumber.testng.TestNGCucumberRunner","methodName":"lambda$runScenario$1","fileName":"TestNGCucumberRunner.java","lineNumber":132,"format":1},{"classLoaderName":"app","declaringClass":"io.cucumber.core.runtime.CucumberExecutionContext","methodName":"lambda$runTestCase$5","fileName":"CucumberExecutionContext.java","lineNumber":137,"format":1},{"classLoaderName":"app","declaringClass":"io.cucumber.core.runtime.RethrowingThrowableCollector","methodName":"executeAndThrow","fileName":"RethrowingThrowableCollector.java","lineNumber":23,"format":1},{"classLoaderName":"app","declaringClass":"io.cucumber.core.runtime.CucumberExecutionContext","methodName":"runTestCase","fileName":"CucumberExecutionContext.java","lineNumber":137,"format":1},{"classLoaderName":"app","declaringClass":"io.cucumber.testng.TestNGCucumberRunner","methodName":"runScenario","fileName":"TestNGCucumberRunner.java","lineNumber":129,"format":1},{"classLoaderName":"app","declaringClass":"io.cucumber.testng.AbstractTestNGCucumberTests","methodName":"runScenario","fileName":"AbstractTestNGCucumberTests.java","lineNumber":35,"format":1},{"moduleName":"java.base","moduleVersion":"17.0.8","declaringClass":"jdk.internal.reflect.NativeMethodAccessorImpl","methodName":"invoke0","fileName":"NativeMethodAccessorImpl.java","lineNumber":-2,"format":2},{"moduleName":"java.base","moduleVersion":"17.0.8","declaringClass":"jdk.internal.reflect.NativeMethodAccessorImpl","methodName":"invoke","fileName":"NativeMethodAccessorImpl.java","lineNumber":77,"format":2},{"moduleName":"java.base","moduleVersion":"17.0.8","declaringClass":"jdk.internal.reflect.DelegatingMethodAccessorImpl","methodName":"invoke","fileName":"DelegatingMethodAccessorImpl.java","lineNumber":43,"format":2},{"moduleName":"java.base","moduleVersion":"17.0.8","declaringClass":"java.lang.reflect.Method","methodName":"invoke","fileName":"Method.java","lineNumber":568,"format":2},{"classLoaderName":"app","declaringClass":"org.testng.internal.invokers.MethodInvocationHelper","methodName":"invokeMethod","fileName":"MethodInvocationHelper.java","lineNumber":139,"format":1},{"classLoaderName":"app","declaringClass":"org.testng.internal.invokers.TestInvoker","methodName":"invokeMethod","fileName":"TestInvoker.java","lineNumber":664,"format":1},{"classLoaderName":"app","declaringClass":"org.testng.internal.invokers.TestInvoker","methodName":"invokeTestMethod","fileName":"TestInvoker.java","lineNumber":227,"format":1},{"classLoaderName":"app","declaringClass":"org.testng.internal.invokers.MethodRunner","methodName":"runInSequence","fileName":"MethodRunner.java","lineNumber":50,"format":1},{"classLoaderName":"app","declaringClass":"org.testng.internal.invokers.TestInvoker$MethodInvocationAgent","methodName":"invoke","fileName":"TestInvoker.java","lineNumber":957,"format":1},{"classLoaderName":"app","declaringClass":"org.testng.internal.invokers.TestInvoker","methodName":"invokeTestMethods","fileName":"TestInvoker.java","lineNumber":200,"format":1},{"classLoaderName":"app","declaringClass":"org.testng.internal.invokers.TestMethodWorker","methodName":"invokeTestMethods","fileName":"TestMethodWorker.java","lineNumber":148,"format":1},{"classLoaderName":"app","declaringClass":"org.testng.internal.invokers.TestMethodWorker","methodName":"run","fileName":"TestMethodWorker.java","lineNumber":128,"format":1},{"moduleName":"java.base","moduleVersion":"17.0.8","declaringClass":"java.util.ArrayList","methodName":"forEach","fileName":"ArrayList.java","lineNumber":1511,"format":2},{"classLoaderName":"app","declaringClass":"org.testng.TestRunner","methodName":"privateRun","fileName":"TestRunner.java","lineNumber":848,"format":1},{"classLoaderName":"app","declaringClass":"org.testng.TestRunner","methodName":"run","fileName":"TestRunner.java","lineNumber":621,"format":1},{"classLoaderName":"app","declaringClass":"org.testng.SuiteRunner","methodName":"runTest","fileName":"SuiteRunner.java","lineNumber":443,"format":1},{"classLoaderName":"app","declaringClass":"org.testng.SuiteRunner","methodName":"runSequentially","fileName":"SuiteRunner.java","lineNumber":437,"format":1},{"classLoaderName":"app","declaringClass":"org.testng.SuiteRunner","methodName":"privateRun","fileName":"SuiteRunner.java","lineNumber":397,"format":1},{"classLoaderName":"app","declaringClass":"org.testng.SuiteRunner","methodName":"run","fileName":"SuiteRunner.java","lineNumber":336,"format":1},{"classLoaderName":"app","declaringClass":"org.testng.SuiteRunnerWorker","methodName":"runSuite","fileName":"SuiteRunnerWorker.java","lineNumber":52,"format":1},{"classLoaderName":"app","declaringClass":"org.testng.SuiteRunnerWorker","methodName":"run","fileName":"SuiteRunnerWorker.java","lineNumber":95,"format":1},{"classLoaderName":"app","declaringClass":"org.testng.TestNG","methodName":"runSuitesSequentially","fileName":"TestNG.java","lineNumber":1280,"format":1},{"classLoaderName":"app","declaringClass":"org.testng.TestNG","methodName":"runSuitesLocally","fileName":"TestNG.java","lineNumber":1200,"format":1},{"classLoaderName":"app","declaringClass":"org.testng.TestNG","methodName":"runSuites","fileName":"TestNG.java","lineNumber":1114,"format":1},{"classLoaderName":"app","declaringClass":"org.testng.TestNG","methodName":"run","fileName":"TestNG.java","lineNumber":1082,"format":1},{"classLoaderName":"app","declaringClass":"com.intellij.rt.testng.IDEARemoteTestNG","methodName":"run","fileName":"IDEARemoteTestNG.java","lineNumber":66,"format":1},{"classLoaderName":"app","declaringClass":"com.intellij.rt.testng.RemoteTestNGStarter","methodName":"main","fileName":"RemoteTestNGStarter.java","lineNumber":105,"format":1}],"suppressedExceptions":[]},"stackTrace":"io.cucumber.core.exception.CucumberException: Step [I verify register text] is defined with 1 parameters at \u0027com.nopcommerce.demo.steps.RegisterSteps.iVerifyRegisterText(java.lang.String)\u0027.\nHowever, the gherkin step has 0 arguments.\nStep text: I verify register text\r\n\tat io.cucumber.core.runner.PickleStepDefinitionMatch.arityMismatch(PickleStepDefinitionMatch.java:83)\r\n\tat io.cucumber.core.runner.PickleStepDefinitionMatch.runStep(PickleStepDefinitionMatch.java:42)\r\n\tat io.cucumber.core.runner.ExecutionMode$1.execute(ExecutionMode.java:10)\r\n\tat io.cucumber.core.runner.TestStep.executeStep(TestStep.java:84)\r\n\tat io.cucumber.core.runner.TestStep.run(TestStep.java:56)\r\n\tat io.cucumber.core.runner.PickleStepTestStep.run(PickleStepTestStep.java:51)\r\n\tat io.cucumber.core.runner.TestCase.run(TestCase.java:84)\r\n\tat io.cucumber.core.runner.Runner.runPickle(Runner.java:75)\r\n\tat io.cucumber.testng.TestNGCucumberRunner.lambda$runScenario$1(TestNGCucumberRunner.java:132)\r\n\tat io.cucumber.core.runtime.CucumberExecutionContext.lambda$runTestCase$5(CucumberExecutionContext.java:137)\r\n\tat io.cucumber.core.runtime.RethrowingThrowableCollector.executeAndThrow(RethrowingThrowableCollector.java:23)\r\n\tat io.cucumber.core.runtime.CucumberExecutionContext.runTestCase(CucumberExecutionContext.java:137)\r\n\tat io.cucumber.testng.TestNGCucumberRunner.runScenario(TestNGCucumberRunner.java:129)\r\n\tat io.cucumber.testng.AbstractTestNGCucumberTests.runScenario(AbstractTestNGCucumberTests.java:35)\r\n\tat java.base/jdk.internal.reflect.NativeMethodAccessorImpl.invoke0(Native Method)\r\n\tat java.base/jdk.internal.reflect.NativeMethodAccessorImpl.invoke(NativeMethodAccessorImpl.java:77)\r\n\tat java.base/jdk.internal.reflect.DelegatingMethodAccessorImpl.invoke(DelegatingMethodAccessorImpl.java:43)\r\n\tat java.base/java.lang.reflect.Method.invoke(Method.java:568)\r\n\tat org.testng.internal.invokers.MethodInvocationHelper.invokeMethod(MethodInvocationHelper.java:139)\r\n\tat org.testng.internal.invokers.TestInvoker.invokeMethod(TestInvoker.java:664)\r\n\tat org.testng.internal.invokers.TestInvoker.invokeTestMethod(TestInvoker.java:227)\r\n\tat org.testng.internal.invokers.MethodRunner.runInSequence(MethodRunner.java:50)\r\n\tat org.testng.internal.invokers.TestInvoker$MethodInvocationAgent.invoke(TestInvoker.java:957)\r\n\tat org.testng.internal.invokers.TestInvoker.invokeTestMethods(TestInvoker.java:200)\r\n\tat org.testng.internal.invokers.TestMethodWorker.invokeTestMethods(TestMethodWorker.java:148)\r\n\tat org.testng.internal.invokers.TestMethodWorker.run(TestMethodWorker.java:128)\r\n\tat java.base/java.util.ArrayList.forEach(ArrayList.java:1511)\r\n\tat org.testng.TestRunner.privateRun(TestRunner.java:848)\r\n\tat org.testng.TestRunner.run(TestRunner.java:621)\r\n\tat org.testng.SuiteRunner.runTest(SuiteRunner.java:443)\r\n\tat org.testng.SuiteRunner.runSequentially(SuiteRunner.java:437)\r\n\tat org.testng.SuiteRunner.privateRun(SuiteRunner.java:397)\r\n\tat org.testng.SuiteRunner.run(SuiteRunner.java:336)\r\n\tat org.testng.SuiteRunnerWorker.runSuite(SuiteRunnerWorker.java:52)\r\n\tat org.testng.SuiteRunnerWorker.run(SuiteRunnerWorker.java:95)\r\n\tat org.testng.TestNG.runSuitesSequentially(TestNG.java:1280)\r\n\tat org.testng.TestNG.runSuitesLocally(TestNG.java:1200)\r\n\tat org.testng.TestNG.runSuites(TestNG.java:1114)\r\n\tat org.testng.TestNG.run(TestNG.java:1082)\r\n\tat com.intellij.rt.testng.IDEARemoteTestNG.run(IDEARemoteTestNG.java:66)\r\n\tat com.intellij.rt.testng.RemoteTestNGStarter.main(RemoteTestNGStarter.java:105)\r\n","name":"io.cucumber.core.exception.CucumberException"}],"authorSet":[],"categorySet":[],"deviceSet":[],"generatedLog":[]},{"useNaturalConf":true,"startTime":"Dec 18, 2023, 10:46:58 AM","endTime":"Dec 18, 2023, 10:46:58 AM","status":"FAIL","level":2,"isLeaf":true,"name":"com.nopcommerce.demo.steps.Hooks.tearDown(io.cucumber.java.Scenario)","description":"AFTER","bddType":"com.aventstack.extentreports.gherkin.model.Asterisk","infoMap":{},"children":[],"logs":[{"timestamp":"Dec 18, 2023, 10:46:58 AM","status":"FAIL","details":"","seq":0,"infoMap":{},"exception":{"exception":{"extraInfo":{"Driver info":"org.openqa.selenium.chrome.ChromeDriver","Command":"[b7d4b7e18151bbf1d8d548e19819be26, screenshot {}]","Capabilities":"Capabilities {acceptInsecureCerts: false, browserName: chrome, browserVersion: 120.0.6099.72, chrome: {chromedriverVersion: 120.0.6099.71 (9729082fe617..., userDataDir: C:\\Users\\HP\\AppData\\Local\\T...}, fedcm:accounts: true, goog:chromeOptions: {debuggerAddress: localhost:55928}, networkConnectionEnabled: false, pageLoadStrategy: normal, platformName: windows, proxy: Proxy(), se:cdp: ws://localhost:55928/devtoo..., se:cdpVersion: 120.0.6099.72, setWindowRect: true, strictFileInteractability: false, timeouts: {implicit: 0, pageLoad: 300000, script: 30000}, unhandledPromptBehavior: dismiss and notify, webauthn:extension:credBlob: true, webauthn:extension:largeBlob: true, webauthn:extension:minPinLength: true, webauthn:extension:prf: true, webauthn:virtualAuthenticators: true}","Session ID":"b7d4b7e18151bbf1d8d548e19819be26"},"detailMessage":"no such window: target window already closed\nfrom unknown error: web view not found\n  (Session info: chrome\u003d120.0.6099.72)","stackTrace":[{"moduleName":"java.base","moduleVersion":"17.0.8","declaringClass":"jdk.internal.reflect.NativeConstructorAccessorImpl","methodName":"newInstance0","fileName":"NativeConstructorAccessorImpl.java","lineNumber":-2,"format":2},{"moduleName":"java.base","moduleVersion":"17.0.8","declaringClass":"jdk.internal.reflect.NativeConstructorAccessorImpl","methodName":"newInstance","fileName":"NativeConstructorAccessorImpl.java","lineNumber":77,"format":2},{"moduleName":"java.base","moduleVersion":"17.0.8","declaringClass":"jdk.internal.reflect.DelegatingConstructorAccessorImpl","methodName":"newInstance","fileName":"DelegatingConstructorAccessorImpl.java","lineNumber":45,"format":2},{"moduleName":"java.base","moduleVersion":"17.0.8","declaringClass":"java.lang.reflect.Constructor","methodName":"newInstanceWithCaller","fileName":"Constructor.java","lineNumber":499,"format":2},{"moduleName":"java.base","moduleVersion":"17.0.8","declaringClass":"java.lang.reflect.Constructor","methodName":"newInstance","fileName":"Constructor.java","lineNumber":480,"format":2},{"classLoaderName":"app","declaringClass":"org.openqa.selenium.remote.codec.w3c.W3CHttpResponseCodec","methodName":"createException","fileName":"W3CHttpResponseCodec.java","lineNumber":200,"format":1},{"classLoaderName":"app","declaringClass":"org.openqa.selenium.remote.codec.w3c.W3CHttpResponseCodec","methodName":"decode","fileName":"W3CHttpResponseCodec.java","lineNumber":133,"format":1},{"classLoaderName":"app","declaringClass":"org.openqa.selenium.remote.codec.w3c.W3CHttpResponseCodec","methodName":"decode","fileName":"W3CHttpResponseCodec.java","lineNumber":52,"format":1},{"classLoaderName":"app","declaringClass":"org.openqa.selenium.remote.HttpCommandExecutor","methodName":"execute","fileName":"HttpCommandExecutor.java","lineNumber":191,"format":1},{"classLoaderName":"app","declaringClass":"org.openqa.selenium.remote.service.DriverCommandExecutor","methodName":"invokeExecute","fileName":"DriverCommandExecutor.java","lineNumber":200,"format":1},{"classLoaderName":"app","declaringClass":"org.openqa.selenium.remote.service.DriverCommandExecutor","methodName":"execute","fileName":"DriverCommandExecutor.java","lineNumber":175,"format":1},{"classLoaderName":"app","declaringClass":"org.openqa.selenium.remote.RemoteWebDriver","methodName":"execute","fileName":"RemoteWebDriver.java","lineNumber":607,"format":1},{"classLoaderName":"app","declaringClass":"org.openqa.selenium.remote.RemoteWebDriver","methodName":"execute","fileName":"RemoteWebDriver.java","lineNumber":680,"format":1},{"classLoaderName":"app","declaringClass":"org.openqa.selenium.remote.RemoteWebDriver","methodName":"execute","fileName":"RemoteWebDriver.java","lineNumber":684,"format":1},{"classLoaderName":"app","declaringClass":"org.openqa.selenium.remote.RemoteWebDriver","methodName":"getScreenshotAs","fileName":"RemoteWebDriver.java","lineNumber":330,"format":1},{"classLoaderName":"app","declaringClass":"com.nopcommerce.demo.utility.Utility","methodName":"getScreenShot","fileName":"Utility.java","lineNumber":351,"format":1},{"classLoaderName":"app","declaringClass":"com.nopcommerce.demo.steps.Hooks","methodName":"tearDown","fileName":"Hooks.java","lineNumber":17,"format":1}],"suppressedExceptions":[]},"stackTrace":"org.openqa.selenium.NoSuchWindowException: no such window: target window already closed\nfrom unknown error: web view not found\n  (Session info: chrome\u003d120.0.6099.72)\nBuild info: version: \u00274.15.0\u0027, revision: \u00271d14b5521b\u0027\nSystem info: os.name: \u0027Windows 11\u0027, os.arch: \u0027amd64\u0027, os.version: \u002710.0\u0027, java.version: \u002717.0.8\u0027\nDriver info: org.openqa.selenium.chrome.ChromeDriver\nCommand: [b7d4b7e18151bbf1d8d548e19819be26, screenshot {}]\nCapabilities {acceptInsecureCerts: false, browserName: chrome, browserVersion: 120.0.6099.72, chrome: {chromedriverVersion: 120.0.6099.71 (9729082fe617..., userDataDir: C:\\Users\\HP\\AppData\\Local\\T...}, fedcm:accounts: true, goog:chromeOptions: {debuggerAddress: localhost:55928}, networkConnectionEnabled: false, pageLoadStrategy: normal, platformName: windows, proxy: Proxy(), se:cdp: ws://localhost:55928/devtoo..., se:cdpVersion: 120.0.6099.72, setWindowRect: true, strictFileInteractability: false, timeouts: {implicit: 0, pageLoad: 300000, script: 30000}, unhandledPromptBehavior: dismiss and notify, webauthn:extension:credBlob: true, webauthn:extension:largeBlob: true, webauthn:extension:minPinLength: true, webauthn:extension:prf: true, webauthn:virtualAuthenticators: true}\nSession ID: b7d4b7e18151bbf1d8d548e19819be26\r\n\tat java.base/jdk.internal.reflect.NativeConstructorAccessorImpl.newInstance0(Native Method)\r\n\tat java.base/jdk.internal.reflect.NativeConstructorAccessorImpl.newInstance(NativeConstructorAccessorImpl.java:77)\r\n\tat java.base/jdk.internal.reflect.DelegatingConstructorAccessorImpl.newInstance(DelegatingConstructorAccessorImpl.java:45)\r\n\tat java.base/java.lang.reflect.Constructor.newInstanceWithCaller(Constructor.java:499)\r\n\tat java.base/java.lang.reflect.Constructor.newInstance(Constructor.java:480)\r\n\tat org.openqa.selenium.remote.codec.w3c.W3CHttpResponseCodec.createException(W3CHttpResponseCodec.java:200)\r\n\tat org.openqa.selenium.remote.codec.w3c.W3CHttpResponseCodec.decode(W3CHttpResponseCodec.java:133)\r\n\tat org.openqa.selenium.remote.codec.w3c.W3CHttpResponseCodec.decode(W3CHttpResponseCodec.java:52)\r\n\tat org.openqa.selenium.remote.HttpCommandExecutor.execute(HttpCommandExecutor.java:191)\r\n\tat org.openqa.selenium.remote.service.DriverCommandExecutor.invokeExecute(DriverCommandExecutor.java:200)\r\n\tat org.openqa.selenium.remote.service.DriverCommandExecutor.execute(DriverCommandExecutor.java:175)\r\n\tat org.openqa.selenium.remote.RemoteWebDriver.execute(RemoteWebDriver.java:607)\r\n\tat org.openqa.selenium.remote.RemoteWebDriver.execute(RemoteWebDriver.java:680)\r\n\tat org.openqa.selenium.remote.RemoteWebDriver.execute(RemoteWebDriver.java:684)\r\n\tat org.openqa.selenium.remote.RemoteWebDriver.getScreenshotAs(RemoteWebDriver.java:330)\r\n\tat com.nopcommerce.demo.utility.Utility.getScreenShot(Utility.java:351)\r\n\tat com.nopcommerce.demo.steps.Hooks.tearDown(Hooks.java:17)\r\n","name":"org.openqa.selenium.NoSuchWindowException"}}],"media":[],"exceptions":[{"exception":{"extraInfo":{"Driver info":"org.openqa.selenium.chrome.ChromeDriver","Command":"[b7d4b7e18151bbf1d8d548e19819be26, screenshot {}]","Capabilities":"Capabilities {acceptInsecureCerts: false, browserName: chrome, browserVersion: 120.0.6099.72, chrome: {chromedriverVersion: 120.0.6099.71 (9729082fe617..., userDataDir: C:\\Users\\HP\\AppData\\Local\\T...}, fedcm:accounts: true, goog:chromeOptions: {debuggerAddress: localhost:55928}, networkConnectionEnabled: false, pageLoadStrategy: normal, platformName: windows, proxy: Proxy(), se:cdp: ws://localhost:55928/devtoo..., se:cdpVersion: 120.0.6099.72, setWindowRect: true, strictFileInteractability: false, timeouts: {implicit: 0, pageLoad: 300000, script: 30000}, unhandledPromptBehavior: dismiss and notify, webauthn:extension:credBlob: true, webauthn:extension:largeBlob: true, webauthn:extension:minPinLength: true, webauthn:extension:prf: true, webauthn:virtualAuthenticators: true}","Session ID":"b7d4b7e18151bbf1d8d548e19819be26"},"detailMessage":"no such window: target window already closed\nfrom unknown error: web view not found\n  (Session info: chrome\u003d120.0.6099.72)","stackTrace":[{"moduleName":"java.base","moduleVersion":"17.0.8","declaringClass":"jdk.internal.reflect.NativeConstructorAccessorImpl","methodName":"newInstance0","fileName":"NativeConstructorAccessorImpl.java","lineNumber":-2,"format":2},{"moduleName":"java.base","moduleVersion":"17.0.8","declaringClass":"jdk.internal.reflect.NativeConstructorAccessorImpl","methodName":"newInstance","fileName":"NativeConstructorAccessorImpl.java","lineNumber":77,"format":2},{"moduleName":"java.base","moduleVersion":"17.0.8","declaringClass":"jdk.internal.reflect.DelegatingConstructorAccessorImpl","methodName":"newInstance","fileName":"DelegatingConstructorAccessorImpl.java","lineNumber":45,"format":2},{"moduleName":"java.base","moduleVersion":"17.0.8","declaringClass":"java.lang.reflect.Constructor","methodName":"newInstanceWithCaller","fileName":"Constructor.java","lineNumber":499,"format":2},{"moduleName":"java.base","moduleVersion":"17.0.8","declaringClass":"java.lang.reflect.Constructor","methodName":"newInstance","fileName":"Constructor.java","lineNumber":480,"format":2},{"classLoaderName":"app","declaringClass":"org.openqa.selenium.remote.codec.w3c.W3CHttpResponseCodec","methodName":"createException","fileName":"W3CHttpResponseCodec.java","lineNumber":200,"format":1},{"classLoaderName":"app","declaringClass":"org.openqa.selenium.remote.codec.w3c.W3CHttpResponseCodec","methodName":"decode","fileName":"W3CHttpResponseCodec.java","lineNumber":133,"format":1},{"classLoaderName":"app","declaringClass":"org.openqa.selenium.remote.codec.w3c.W3CHttpResponseCodec","methodName":"decode","fileName":"W3CHttpResponseCodec.java","lineNumber":52,"format":1},{"classLoaderName":"app","declaringClass":"org.openqa.selenium.remote.HttpCommandExecutor","methodName":"execute","fileName":"HttpCommandExecutor.java","lineNumber":191,"format":1},{"classLoaderName":"app","declaringClass":"org.openqa.selenium.remote.service.DriverCommandExecutor","methodName":"invokeExecute","fileName":"DriverCommandExecutor.java","lineNumber":200,"format":1},{"classLoaderName":"app","declaringClass":"org.openqa.selenium.remote.service.DriverCommandExecutor","methodName":"execute","fileName":"DriverCommandExecutor.java","lineNumber":175,"format":1},{"classLoaderName":"app","declaringClass":"org.openqa.selenium.remote.RemoteWebDriver","methodName":"execute","fileName":"RemoteWebDriver.java","lineNumber":607,"format":1},{"classLoaderName":"app","declaringClass":"org.openqa.selenium.remote.RemoteWebDriver","methodName":"execute","fileName":"RemoteWebDriver.java","lineNumber":680,"format":1},{"classLoaderName":"app","declaringClass":"org.openqa.selenium.remote.RemoteWebDriver","methodName":"execute","fileName":"RemoteWebDriver.java","lineNumber":684,"format":1},{"classLoaderName":"app","declaringClass":"org.openqa.selenium.remote.RemoteWebDriver","methodName":"getScreenshotAs","fileName":"RemoteWebDriver.java","lineNumber":330,"format":1},{"classLoaderName":"app","declaringClass":"com.nopcommerce.demo.utility.Utility","methodName":"getScreenShot","fileName":"Utility.java","lineNumber":351,"format":1},{"classLoaderName":"app","declaringClass":"com.nopcommerce.demo.steps.Hooks","methodName":"tearDown","fileName":"Hooks.java","lineNumber":17,"format":1}],"suppressedExceptions":[]},"stackTrace":"org.openqa.selenium.NoSuchWindowException: no such window: target window already closed\nfrom unknown error: web view not found\n  (Session info: chrome\u003d120.0.6099.72)\nBuild info: version: \u00274.15.0\u0027, revision: \u00271d14b5521b\u0027\nSystem info: os.name: \u0027Windows 11\u0027, os.arch: \u0027amd64\u0027, os.version: \u002710.0\u0027, java.version: \u002717.0.8\u0027\nDriver info: org.openqa.selenium.chrome.ChromeDriver\nCommand: [b7d4b7e18151bbf1d8d548e19819be26, screenshot {}]\nCapabilities {acceptInsecureCerts: false, browserName: chrome, browserVersion: 120.0.6099.72, chrome: {chromedriverVersion: 120.0.6099.71 (9729082fe617..., userDataDir: C:\\Users\\HP\\AppData\\Local\\T...}, fedcm:accounts: true, goog:chromeOptions: {debuggerAddress: localhost:55928}, networkConnectionEnabled: false, pageLoadStrategy: normal, platformName: windows, proxy: Proxy(), se:cdp: ws://localhost:55928/devtoo..., se:cdpVersion: 120.0.6099.72, setWindowRect: true, strictFileInteractability: false, timeouts: {implicit: 0, pageLoad: 300000, script: 30000}, unhandledPromptBehavior: dismiss and notify, webauthn:extension:credBlob: true, webauthn:extension:largeBlob: true, webauthn:extension:minPinLength: true, webauthn:extension:prf: true, webauthn:virtualAuthenticators: true}\nSession ID: b7d4b7e18151bbf1d8d548e19819be26\r\n\tat java.base/jdk.internal.reflect.NativeConstructorAccessorImpl.newInstance0(Native Method)\r\n\tat java.base/jdk.internal.reflect.NativeConstructorAccessorImpl.newInstance(NativeConstructorAccessorImpl.java:77)\r\n\tat java.base/jdk.internal.reflect.DelegatingConstructorAccessorImpl.newInstance(DelegatingConstructorAccessorImpl.java:45)\r\n\tat java.base/java.lang.reflect.Constructor.newInstanceWithCaller(Constructor.java:499)\r\n\tat java.base/java.lang.reflect.Constructor.newInstance(Constructor.java:480)\r\n\tat org.openqa.selenium.remote.codec.w3c.W3CHttpResponseCodec.createException(W3CHttpResponseCodec.java:200)\r\n\tat org.openqa.selenium.remote.codec.w3c.W3CHttpResponseCodec.decode(W3CHttpResponseCodec.java:133)\r\n\tat org.openqa.selenium.remote.codec.w3c.W3CHttpResponseCodec.decode(W3CHttpResponseCodec.java:52)\r\n\tat org.openqa.selenium.remote.HttpCommandExecutor.execute(HttpCommandExecutor.java:191)\r\n\tat org.openqa.selenium.remote.service.DriverCommandExecutor.invokeExecute(DriverCommandExecutor.java:200)\r\n\tat org.openqa.selenium.remote.service.DriverCommandExecutor.execute(DriverCommandExecutor.java:175)\r\n\tat org.openqa.selenium.remote.RemoteWebDriver.execute(RemoteWebDriver.java:607)\r\n\tat org.openqa.selenium.remote.RemoteWebDriver.execute(RemoteWebDriver.java:680)\r\n\tat org.openqa.selenium.remote.RemoteWebDriver.execute(RemoteWebDriver.java:684)\r\n\tat org.openqa.selenium.remote.RemoteWebDriver.getScreenshotAs(RemoteWebDriver.java:330)\r\n\tat com.nopcommerce.demo.utility.Utility.getScreenShot(Utility.java:351)\r\n\tat com.nopcommerce.demo.steps.Hooks.tearDown(Hooks.java:17)\r\n","name":"org.openqa.selenium.NoSuchWindowException"}],"authorSet":[],"categorySet":[],"deviceSet":[],"generatedLog":[]}],"logs":[],"media":[],"exceptions":[],"authorSet":[],"categorySet":[{"name":"@smoke"},{"name":"@regression"},{"name":"@author_Devansh_Rami"},{"name":"@sanity"}],"deviceSet":[],"generatedLog":[]},{"useNaturalConf":true,"startTime":"Dec 18, 2023, 10:46:58 AM","endTime":"Dec 18, 2023, 10:47:08 AM","status":"FAIL","level":1,"isLeaf":false,"name":"verify that firstname,lastname,email,password and confirmPassword fields are mandatory","description":"","bddType":"com.aventstack.extentreports.gherkin.model.Scenario","infoMap":{},"children":[{"useNaturalConf":true,"startTime":"Dec 18, 2023, 10:47:04 AM","endTime":"Dec 18, 2023, 10:47:04 AM","status":"PASS","level":2,"isLeaf":true,"name":"Given I am on homepage","description":"com.nopcommerce.demo.steps.LoginSteps.iAmOnHomepage()","bddType":"com.aventstack.extentreports.gherkin.model.Given","infoMap":{},"children":[],"logs":[{"timestamp":"Dec 18, 2023, 10:47:04 AM","status":"PASS","details":"","seq":0,"infoMap":{}}],"media":[],"exceptions":[],"authorSet":[],"categorySet":[],"deviceSet":[],"generatedLog":[]},{"useNaturalConf":true,"startTime":"Dec 18, 2023, 10:47:04 AM","endTime":"Dec 18, 2023, 10:47:06 AM","status":"PASS","level":2,"isLeaf":true,"name":"When I click on register link","description":"com.nopcommerce.demo.steps.RegisterSteps.iClickOnRegisterLink()","bddType":"com.aventstack.extentreports.gherkin.model.When","infoMap":{},"children":[],"logs":[{"timestamp":"Dec 18, 2023, 10:47:06 AM","status":"PASS","details":"","seq":0,"infoMap":{}}],"media":[],"exceptions":[],"authorSet":[],"categorySet":[],"deviceSet":[],"generatedLog":[]},{"useNaturalConf":true,"startTime":"Dec 18, 2023, 10:47:06 AM","endTime":"Dec 18, 2023, 10:47:06 AM","status":"PASS","level":2,"isLeaf":true,"name":"And I click on register button","description":"com.nopcommerce.demo.steps.RegisterSteps.iClickOnRegisterButton()","bddType":"com.aventstack.extentreports.gherkin.model.And","infoMap":{},"children":[],"logs":[{"timestamp":"Dec 18, 2023, 10:47:06 AM","status":"PASS","details":"","seq":0,"infoMap":{}}],"media":[],"exceptions":[],"authorSet":[],"categorySet":[],"deviceSet":[],"generatedLog":[]},{"useNaturalConf":true,"startTime":"Dec 18, 2023, 10:47:06 AM","endTime":"Dec 18, 2023, 10:47:06 AM","status":"FAIL","level":2,"isLeaf":true,"name":"And Verify the error message \"First name is required\"","description":"com.nopcommerce.demo.steps.RegisterSteps.verifyTheErrorMessage(java.lang.String)","bddType":"com.aventstack.extentreports.gherkin.model.And","infoMap":{},"children":[],"logs":[{"timestamp":"Dec 18, 2023, 10:47:06 AM","status":"FAIL","details":"","seq":0,"infoMap":{},"exception":{"exception":{"detailMessage":"expected [First name is required] but found [First name is required.]","stackTrace":[{"classLoaderName":"app","declaringClass":"org.testng.Assert","methodName":"fail","fileName":"Assert.java","lineNumber":111,"format":1},{"classLoaderName":"app","declaringClass":"org.testng.Assert","methodName":"failNotEquals","fileName":"Assert.java","lineNumber":1578,"format":1},{"classLoaderName":"app","declaringClass":"org.testng.Assert","methodName":"assertEqualsImpl","fileName":"Assert.java","lineNumber":150,"format":1},{"classLoaderName":"app","declaringClass":"org.testng.Assert","methodName":"assertEquals","fileName":"Assert.java","lineNumber":132,"format":1},{"classLoaderName":"app","declaringClass":"org.testng.Assert","methodName":"assertEquals","fileName":"Assert.java","lineNumber":656,"format":1},{"classLoaderName":"app","declaringClass":"org.testng.Assert","methodName":"assertEquals","fileName":"Assert.java","lineNumber":666,"format":1},{"classLoaderName":"app","declaringClass":"com.nopcommerce.demo.steps.RegisterSteps","methodName":"verifyTheErrorMessage","fileName":"RegisterSteps.java","lineNumber":28,"format":1},{"declaringClass":"✽","methodName":"Verify the error message \"First name is required\"","fileName":"file:///C:/Users/HP/IdeaProjects/nop-commerce-demo/src/test/resources/features/registerpage.feature","lineNumber":15,"format":0}],"suppressedExceptions":[]},"stackTrace":"java.lang.AssertionError: expected [First name is required] but found [First name is required.]\r\n\tat org.testng.Assert.fail(Assert.java:111)\r\n\tat org.testng.Assert.failNotEquals(Assert.java:1578)\r\n\tat org.testng.Assert.assertEqualsImpl(Assert.java:150)\r\n\tat org.testng.Assert.assertEquals(Assert.java:132)\r\n\tat org.testng.Assert.assertEquals(Assert.java:656)\r\n\tat org.testng.Assert.assertEquals(Assert.java:666)\r\n\tat com.nopcommerce.demo.steps.RegisterSteps.verifyTheErrorMessage(RegisterSteps.java:28)\r\n\tat ✽.Verify the error message \"First name is required\"(file:///C:/Users/HP/IdeaProjects/nop-commerce-demo/src/test/resources/features/registerpage.feature:15)\r\n","name":"java.lang.AssertionError"}}],"media":[],"exceptions":[{"exception":{"detailMessage":"expected [First name is required] but found [First name is required.]","stackTrace":[{"classLoaderName":"app","declaringClass":"org.testng.Assert","methodName":"fail","fileName":"Assert.java","lineNumber":111,"format":1},{"classLoaderName":"app","declaringClass":"org.testng.Assert","methodName":"failNotEquals","fileName":"Assert.java","lineNumber":1578,"format":1},{"classLoaderName":"app","declaringClass":"org.testng.Assert","methodName":"assertEqualsImpl","fileName":"Assert.java","lineNumber":150,"format":1},{"classLoaderName":"app","declaringClass":"org.testng.Assert","methodName":"assertEquals","fileName":"Assert.java","lineNumber":132,"format":1},{"classLoaderName":"app","declaringClass":"org.testng.Assert","methodName":"assertEquals","fileName":"Assert.java","lineNumber":656,"format":1},{"classLoaderName":"app","declaringClass":"org.testng.Assert","methodName":"assertEquals","fileName":"Assert.java","lineNumber":666,"format":1},{"classLoaderName":"app","declaringClass":"com.nopcommerce.demo.steps.RegisterSteps","methodName":"verifyTheErrorMessage","fileName":"RegisterSteps.java","lineNumber":28,"format":1},{"declaringClass":"✽","methodName":"Verify the error message \"First name is required\"","fileName":"file:///C:/Users/HP/IdeaProjects/nop-commerce-demo/src/test/resources/features/registerpage.feature","lineNumber":15,"format":0}],"suppressedExceptions":[]},"stackTrace":"java.lang.AssertionError: expected [First name is required] but found [First name is required.]\r\n\tat org.testng.Assert.fail(Assert.java:111)\r\n\tat org.testng.Assert.failNotEquals(Assert.java:1578)\r\n\tat org.testng.Assert.assertEqualsImpl(Assert.java:150)\r\n\tat org.testng.Assert.assertEquals(Assert.java:132)\r\n\tat org.testng.Assert.assertEquals(Assert.java:656)\r\n\tat org.testng.Assert.assertEquals(Assert.java:666)\r\n\tat com.nopcommerce.demo.steps.RegisterSteps.verifyTheErrorMessage(RegisterSteps.java:28)\r\n\tat ✽.Verify the error message \"First name is required\"(file:///C:/Users/HP/IdeaProjects/nop-commerce-demo/src/test/resources/features/registerpage.feature:15)\r\n","name":"java.lang.AssertionError"}],"authorSet":[],"categorySet":[],"deviceSet":[],"generatedLog":[]},{"useNaturalConf":true,"startTime":"Dec 18, 2023, 10:47:06 AM","endTime":"Dec 18, 2023, 10:47:06 AM","status":"SKIP","level":2,"isLeaf":true,"name":"And Verify the error message \"Last name is required\"","description":"com.nopcommerce.demo.steps.RegisterSteps.verifyTheErrorMessage(java.lang.String)","bddType":"com.aventstack.extentreports.gherkin.model.And","infoMap":{},"children":[],"logs":[{"timestamp":"Dec 18, 2023, 10:47:06 AM","status":"SKIP","details":"Step skipped","seq":0,"infoMap":{}}],"media":[],"exceptions":[],"authorSet":[],"categorySet":[],"deviceSet":[],"generatedLog":[]},{"useNaturalConf":true,"startTime":"Dec 18, 2023, 10:47:06 AM","endTime":"Dec 18, 2023, 10:47:06 AM","status":"SKIP","level":2,"isLeaf":true,"name":"And Verify the error message \"Email is required\"","description":"com.nopcommerce.demo.steps.RegisterSteps.verifyTheErrorMessage(java.lang.String)","bddType":"com.aventstack.extentreports.gherkin.model.And","infoMap":{},"children":[],"logs":[{"timestamp":"Dec 18, 2023, 10:47:06 AM","status":"SKIP","details":"Step skipped","seq":0,"infoMap":{}}],"media":[],"exceptions":[],"authorSet":[],"categorySet":[],"deviceSet":[],"generatedLog":[]},{"useNaturalConf":true,"startTime":"Dec 18, 2023, 10:47:06 AM","endTime":"Dec 18, 2023, 10:47:06 AM","status":"SKIP","level":2,"isLeaf":true,"name":"And Verify the error message \"Password is required\"","description":"com.nopcommerce.demo.steps.RegisterSteps.verifyTheErrorMessage(java.lang.String)","bddType":"com.aventstack.extentreports.gherkin.model.And","infoMap":{},"children":[],"logs":[{"timestamp":"Dec 18, 2023, 10:47:06 AM","status":"SKIP","details":"Step skipped","seq":0,"infoMap":{}}],"media":[],"exceptions":[],"authorSet":[],"categorySet":[],"deviceSet":[],"generatedLog":[]},{"useNaturalConf":true,"startTime":"Dec 18, 2023, 10:47:06 AM","endTime":"Dec 18, 2023, 10:47:06 AM","status":"SKIP","level":2,"isLeaf":true,"name":"Then Verify the error message \"Password is required\"","description":"com.nopcommerce.demo.steps.RegisterSteps.verifyTheErrorMessage(java.lang.String)","bddType":"com.aventstack.extentreports.gherkin.model.Then","infoMap":{},"children":[],"logs":[{"timestamp":"Dec 18, 2023, 10:47:06 AM","status":"SKIP","details":"Step skipped","seq":0,"infoMap":{}}],"media":[],"exceptions":[],"authorSet":[],"categorySet":[],"deviceSet":[],"generatedLog":[]},{"useNaturalConf":true,"startTime":"Dec 18, 2023, 10:47:06 AM","endTime":"Dec 18, 2023, 10:47:08 AM","status":"PASS","level":2,"isLeaf":true,"name":"com.nopcommerce.demo.steps.Hooks.tearDown(io.cucumber.java.Scenario)","description":"AFTER","bddType":"com.aventstack.extentreports.gherkin.model.Asterisk","infoMap":{},"children":[],"logs":[{"timestamp":"Dec 18, 2023, 10:47:07 AM","status":"INFO","details":"verify that firstname,lastname,email,password and confirmPassword fields are mandatory","seq":0,"infoMap":{},"media":{"path":"../screenshots/embedded3.png"}},{"timestamp":"Dec 18, 2023, 10:47:08 AM","status":"PASS","details":"","seq":1,"infoMap":{}}],"media":[],"exceptions":[],"authorSet":[],"categorySet":[],"deviceSet":[],"generatedLog":[]}],"logs":[],"media":[],"exceptions":[],"authorSet":[],"categorySet":[{"name":"@smoke"},{"name":"@regression"},{"name":"@author_Devansh_Rami"}],"deviceSet":[],"generatedLog":[]},{"useNaturalConf":true,"startTime":"Dec 18, 2023, 10:47:08 AM","endTime":"Dec 18, 2023, 10:47:18 AM","status":"FAIL","level":1,"isLeaf":false,"name":"Verify that user should create account successfully","description":"","bddType":"com.aventstack.extentreports.gherkin.model.Scenario","infoMap":{},"children":[{"useNaturalConf":true,"startTime":"Dec 18, 2023, 10:47:15 AM","endTime":"Dec 18, 2023, 10:47:15 AM","status":"PASS","level":2,"isLeaf":true,"name":"Given I am on homepage","description":"com.nopcommerce.demo.steps.LoginSteps.iAmOnHomepage()","bddType":"com.aventstack.extentreports.gherkin.model.Given","infoMap":{},"children":[],"logs":[{"timestamp":"Dec 18, 2023, 10:47:15 AM","status":"PASS","details":"","seq":0,"infoMap":{}}],"media":[],"exceptions":[],"authorSet":[],"categorySet":[],"deviceSet":[],"generatedLog":[]},{"useNaturalConf":true,"startTime":"Dec 18, 2023, 10:47:15 AM","endTime":"Dec 18, 2023, 10:47:17 AM","status":"PASS","level":2,"isLeaf":true,"name":"When I click on register link","description":"com.nopcommerce.demo.steps.RegisterSteps.iClickOnRegisterLink()","bddType":"com.aventstack.extentreports.gherkin.model.When","infoMap":{},"children":[],"logs":[{"timestamp":"Dec 18, 2023, 10:47:17 AM","status":"PASS","details":"","seq":0,"infoMap":{}}],"media":[],"exceptions":[],"authorSet":[],"categorySet":[],"deviceSet":[],"generatedLog":[]},{"useNaturalConf":true,"startTime":"Dec 18, 2023, 10:47:17 AM","endTime":"Dec 18, 2023, 10:47:17 AM","status":"FAIL","level":2,"isLeaf":true,"name":"And I enter firstname","description":"com.nopcommerce.demo.steps.RegisterSteps.iEnterFirstname(java.lang.String)","bddType":"com.aventstack.extentreports.gherkin.model.And","infoMap":{},"children":[],"logs":[{"timestamp":"Dec 18, 2023, 10:47:17 AM","status":"FAIL","details":"","seq":0,"infoMap":{},"exception":{"exception":{"detailMessage":"Step [I enter firstname] is defined with 1 parameters at \u0027com.nopcommerce.demo.steps.RegisterSteps.iEnterFirstname(java.lang.String)\u0027.\nHowever, the gherkin step has 0 arguments.\nStep text: I enter firstname","stackTrace":[{"classLoaderName":"app","declaringClass":"io.cucumber.core.runner.PickleStepDefinitionMatch","methodName":"arityMismatch","fileName":"PickleStepDefinitionMatch.java","lineNumber":83,"format":1},{"classLoaderName":"app","declaringClass":"io.cucumber.core.runner.PickleStepDefinitionMatch","methodName":"runStep","fileName":"PickleStepDefinitionMatch.java","lineNumber":42,"format":1},{"classLoaderName":"app","declaringClass":"io.cucumber.core.runner.ExecutionMode$1","methodName":"execute","fileName":"ExecutionMode.java","lineNumber":10,"format":1},{"classLoaderName":"app","declaringClass":"io.cucumber.core.runner.TestStep","methodName":"executeStep","fileName":"TestStep.java","lineNumber":84,"format":1},{"classLoaderName":"app","declaringClass":"io.cucumber.core.runner.TestStep","methodName":"run","fileName":"TestStep.java","lineNumber":56,"format":1},{"classLoaderName":"app","declaringClass":"io.cucumber.core.runner.PickleStepTestStep","methodName":"run","fileName":"PickleStepTestStep.java","lineNumber":51,"format":1},{"classLoaderName":"app","declaringClass":"io.cucumber.core.runner.TestCase","methodName":"run","fileName":"TestCase.java","lineNumber":84,"format":1},{"classLoaderName":"app","declaringClass":"io.cucumber.core.runner.Runner","methodName":"runPickle","fileName":"Runner.java","lineNumber":75,"format":1},{"classLoaderName":"app","declaringClass":"io.cucumber.testng.TestNGCucumberRunner","methodName":"lambda$runScenario$1","fileName":"TestNGCucumberRunner.java","lineNumber":132,"format":1},{"classLoaderName":"app","declaringClass":"io.cucumber.core.runtime.CucumberExecutionContext","methodName":"lambda$runTestCase$5","fileName":"CucumberExecutionContext.java","lineNumber":137,"format":1},{"classLoaderName":"app","declaringClass":"io.cucumber.core.runtime.RethrowingThrowableCollector","methodName":"executeAndThrow","fileName":"RethrowingThrowableCollector.java","lineNumber":23,"format":1},{"classLoaderName":"app","declaringClass":"io.cucumber.core.runtime.CucumberExecutionContext","methodName":"runTestCase","fileName":"CucumberExecutionContext.java","lineNumber":137,"format":1},{"classLoaderName":"app","declaringClass":"io.cucumber.testng.TestNGCucumberRunner","methodName":"runScenario","fileName":"TestNGCucumberRunner.java","lineNumber":129,"format":1},{"classLoaderName":"app","declaringClass":"io.cucumber.testng.AbstractTestNGCucumberTests","methodName":"runScenario","fileName":"AbstractTestNGCucumberTests.java","lineNumber":35,"format":1},{"moduleName":"java.base","moduleVersion":"17.0.8","declaringClass":"jdk.internal.reflect.NativeMethodAccessorImpl","methodName":"invoke0","fileName":"NativeMethodAccessorImpl.java","lineNumber":-2,"format":2},{"moduleName":"java.base","moduleVersion":"17.0.8","declaringClass":"jdk.internal.reflect.NativeMethodAccessorImpl","methodName":"invoke","fileName":"NativeMethodAccessorImpl.java","lineNumber":77,"format":2},{"moduleName":"java.base","moduleVersion":"17.0.8","declaringClass":"jdk.internal.reflect.DelegatingMethodAccessorImpl","methodName":"invoke","fileName":"DelegatingMethodAccessorImpl.java","lineNumber":43,"format":2},{"moduleName":"java.base","moduleVersion":"17.0.8","declaringClass":"java.lang.reflect.Method","methodName":"invoke","fileName":"Method.java","lineNumber":568,"format":2},{"classLoaderName":"app","declaringClass":"org.testng.internal.invokers.MethodInvocationHelper","methodName":"invokeMethod","fileName":"MethodInvocationHelper.java","lineNumber":139,"format":1},{"classLoaderName":"app","declaringClass":"org.testng.internal.invokers.TestInvoker","methodName":"invokeMethod","fileName":"TestInvoker.java","lineNumber":664,"format":1},{"classLoaderName":"app","declaringClass":"org.testng.internal.invokers.TestInvoker","methodName":"invokeTestMethod","fileName":"TestInvoker.java","lineNumber":227,"format":1},{"classLoaderName":"app","declaringClass":"org.testng.internal.invokers.MethodRunner","methodName":"runInSequence","fileName":"MethodRunner.java","lineNumber":50,"format":1},{"classLoaderName":"app","declaringClass":"org.testng.internal.invokers.TestInvoker$MethodInvocationAgent","methodName":"invoke","fileName":"TestInvoker.java","lineNumber":957,"format":1},{"classLoaderName":"app","declaringClass":"org.testng.internal.invokers.TestInvoker","methodName":"invokeTestMethods","fileName":"TestInvoker.java","lineNumber":200,"format":1},{"classLoaderName":"app","declaringClass":"org.testng.internal.invokers.TestMethodWorker","methodName":"invokeTestMethods","fileName":"TestMethodWorker.java","lineNumber":148,"format":1},{"classLoaderName":"app","declaringClass":"org.testng.internal.invokers.TestMethodWorker","methodName":"run","fileName":"TestMethodWorker.java","lineNumber":128,"format":1},{"moduleName":"java.base","moduleVersion":"17.0.8","declaringClass":"java.util.ArrayList","methodName":"forEach","fileName":"ArrayList.java","lineNumber":1511,"format":2},{"classLoaderName":"app","declaringClass":"org.testng.TestRunner","methodName":"privateRun","fileName":"TestRunner.java","lineNumber":848,"format":1},{"classLoaderName":"app","declaringClass":"org.testng.TestRunner","methodName":"run","fileName":"TestRunner.java","lineNumber":621,"format":1},{"classLoaderName":"app","declaringClass":"org.testng.SuiteRunner","methodName":"runTest","fileName":"SuiteRunner.java","lineNumber":443,"format":1},{"classLoaderName":"app","declaringClass":"org.testng.SuiteRunner","methodName":"runSequentially","fileName":"SuiteRunner.java","lineNumber":437,"format":1},{"classLoaderName":"app","declaringClass":"org.testng.SuiteRunner","methodName":"privateRun","fileName":"SuiteRunner.java","lineNumber":397,"format":1},{"classLoaderName":"app","declaringClass":"org.testng.SuiteRunner","methodName":"run","fileName":"SuiteRunner.java","lineNumber":336,"format":1},{"classLoaderName":"app","declaringClass":"org.testng.SuiteRunnerWorker","methodName":"runSuite","fileName":"SuiteRunnerWorker.java","lineNumber":52,"format":1},{"classLoaderName":"app","declaringClass":"org.testng.SuiteRunnerWorker","methodName":"run","fileName":"SuiteRunnerWorker.java","lineNumber":95,"format":1},{"classLoaderName":"app","declaringClass":"org.testng.TestNG","methodName":"runSuitesSequentially","fileName":"TestNG.java","lineNumber":1280,"format":1},{"classLoaderName":"app","declaringClass":"org.testng.TestNG","methodName":"runSuitesLocally","fileName":"TestNG.java","lineNumber":1200,"format":1},{"classLoaderName":"app","declaringClass":"org.testng.TestNG","methodName":"runSuites","fileName":"TestNG.java","lineNumber":1114,"format":1},{"classLoaderName":"app","declaringClass":"org.testng.TestNG","methodName":"run","fileName":"TestNG.java","lineNumber":1082,"format":1},{"classLoaderName":"app","declaringClass":"com.intellij.rt.testng.IDEARemoteTestNG","methodName":"run","fileName":"IDEARemoteTestNG.java","lineNumber":66,"format":1},{"classLoaderName":"app","declaringClass":"com.intellij.rt.testng.RemoteTestNGStarter","methodName":"main","fileName":"RemoteTestNGStarter.java","lineNumber":105,"format":1}],"suppressedExceptions":[]},"stackTrace":"io.cucumber.core.exception.CucumberException: Step [I enter firstname] is defined with 1 parameters at \u0027com.nopcommerce.demo.steps.RegisterSteps.iEnterFirstname(java.lang.String)\u0027.\nHowever, the gherkin step has 0 arguments.\nStep text: I enter firstname\r\n\tat io.cucumber.core.runner.PickleStepDefinitionMatch.arityMismatch(PickleStepDefinitionMatch.java:83)\r\n\tat io.cucumber.core.runner.PickleStepDefinitionMatch.runStep(PickleStepDefinitionMatch.java:42)\r\n\tat io.cucumber.core.runner.ExecutionMode$1.execute(ExecutionMode.java:10)\r\n\tat io.cucumber.core.runner.TestStep.executeStep(TestStep.java:84)\r\n\tat io.cucumber.core.runner.TestStep.run(TestStep.java:56)\r\n\tat io.cucumber.core.runner.PickleStepTestStep.run(PickleStepTestStep.java:51)\r\n\tat io.cucumber.core.runner.TestCase.run(TestCase.java:84)\r\n\tat io.cucumber.core.runner.Runner.runPickle(Runner.java:75)\r\n\tat io.cucumber.testng.TestNGCucumberRunner.lambda$runScenario$1(TestNGCucumberRunner.java:132)\r\n\tat io.cucumber.core.runtime.CucumberExecutionContext.lambda$runTestCase$5(CucumberExecutionContext.java:137)\r\n\tat io.cucumber.core.runtime.RethrowingThrowableCollector.executeAndThrow(RethrowingThrowableCollector.java:23)\r\n\tat io.cucumber.core.runtime.CucumberExecutionContext.runTestCase(CucumberExecutionContext.java:137)\r\n\tat io.cucumber.testng.TestNGCucumberRunner.runScenario(TestNGCucumberRunner.java:129)\r\n\tat io.cucumber.testng.AbstractTestNGCucumberTests.runScenario(AbstractTestNGCucumberTests.java:35)\r\n\tat java.base/jdk.internal.reflect.NativeMethodAccessorImpl.invoke0(Native Method)\r\n\tat java.base/jdk.internal.reflect.NativeMethodAccessorImpl.invoke(NativeMethodAccessorImpl.java:77)\r\n\tat java.base/jdk.internal.reflect.DelegatingMethodAccessorImpl.invoke(DelegatingMethodAccessorImpl.java:43)\r\n\tat java.base/java.lang.reflect.Method.invoke(Method.java:568)\r\n\tat org.testng.internal.invokers.MethodInvocationHelper.invokeMethod(MethodInvocationHelper.java:139)\r\n\tat org.testng.internal.invokers.TestInvoker.invokeMethod(TestInvoker.java:664)\r\n\tat org.testng.internal.invokers.TestInvoker.invokeTestMethod(TestInvoker.java:227)\r\n\tat org.testng.internal.invokers.MethodRunner.runInSequence(MethodRunner.java:50)\r\n\tat org.testng.internal.invokers.TestInvoker$MethodInvocationAgent.invoke(TestInvoker.java:957)\r\n\tat org.testng.internal.invokers.TestInvoker.invokeTestMethods(TestInvoker.java:200)\r\n\tat org.testng.internal.invokers.TestMethodWorker.invokeTestMethods(TestMethodWorker.java:148)\r\n\tat org.testng.internal.invokers.TestMethodWorker.run(TestMethodWorker.java:128)\r\n\tat java.base/java.util.ArrayList.forEach(ArrayList.java:1511)\r\n\tat org.testng.TestRunner.privateRun(TestRunner.java:848)\r\n\tat org.testng.TestRunner.run(TestRunner.java:621)\r\n\tat org.testng.SuiteRunner.runTest(SuiteRunner.java:443)\r\n\tat org.testng.SuiteRunner.runSequentially(SuiteRunner.java:437)\r\n\tat org.testng.SuiteRunner.privateRun(SuiteRunner.java:397)\r\n\tat org.testng.SuiteRunner.run(SuiteRunner.java:336)\r\n\tat org.testng.SuiteRunnerWorker.runSuite(SuiteRunnerWorker.java:52)\r\n\tat org.testng.SuiteRunnerWorker.run(SuiteRunnerWorker.java:95)\r\n\tat org.testng.TestNG.runSuitesSequentially(TestNG.java:1280)\r\n\tat org.testng.TestNG.runSuitesLocally(TestNG.java:1200)\r\n\tat org.testng.TestNG.runSuites(TestNG.java:1114)\r\n\tat org.testng.TestNG.run(TestNG.java:1082)\r\n\tat com.intellij.rt.testng.IDEARemoteTestNG.run(IDEARemoteTestNG.java:66)\r\n\tat com.intellij.rt.testng.RemoteTestNGStarter.main(RemoteTestNGStarter.java:105)\r\n","name":"io.cucumber.core.exception.CucumberException"}}],"media":[],"exceptions":[{"exception":{"detailMessage":"Step [I enter firstname] is defined with 1 parameters at \u0027com.nopcommerce.demo.steps.RegisterSteps.iEnterFirstname(java.lang.String)\u0027.\nHowever, the gherkin step has 0 arguments.\nStep text: I enter firstname","stackTrace":[{"classLoaderName":"app","declaringClass":"io.cucumber.core.runner.PickleStepDefinitionMatch","methodName":"arityMismatch","fileName":"PickleStepDefinitionMatch.java","lineNumber":83,"format":1},{"classLoaderName":"app","declaringClass":"io.cucumber.core.runner.PickleStepDefinitionMatch","methodName":"runStep","fileName":"PickleStepDefinitionMatch.java","lineNumber":42,"format":1},{"classLoaderName":"app","declaringClass":"io.cucumber.core.runner.ExecutionMode$1","methodName":"execute","fileName":"ExecutionMode.java","lineNumber":10,"format":1},{"classLoaderName":"app","declaringClass":"io.cucumber.core.runner.TestStep","methodName":"executeStep","fileName":"TestStep.java","lineNumber":84,"format":1},{"classLoaderName":"app","declaringClass":"io.cucumber.core.runner.TestStep","methodName":"run","fileName":"TestStep.java","lineNumber":56,"format":1},{"classLoaderName":"app","declaringClass":"io.cucumber.core.runner.PickleStepTestStep","methodName":"run","fileName":"PickleStepTestStep.java","lineNumber":51,"format":1},{"classLoaderName":"app","declaringClass":"io.cucumber.core.runner.TestCase","methodName":"run","fileName":"TestCase.java","lineNumber":84,"format":1},{"classLoaderName":"app","declaringClass":"io.cucumber.core.runner.Runner","methodName":"runPickle","fileName":"Runner.java","lineNumber":75,"format":1},{"classLoaderName":"app","declaringClass":"io.cucumber.testng.TestNGCucumberRunner","methodName":"lambda$runScenario$1","fileName":"TestNGCucumberRunner.java","lineNumber":132,"format":1},{"classLoaderName":"app","declaringClass":"io.cucumber.core.runtime.CucumberExecutionContext","methodName":"lambda$runTestCase$5","fileName":"CucumberExecutionContext.java","lineNumber":137,"format":1},{"classLoaderName":"app","declaringClass":"io.cucumber.core.runtime.RethrowingThrowableCollector","methodName":"executeAndThrow","fileName":"RethrowingThrowableCollector.java","lineNumber":23,"format":1},{"classLoaderName":"app","declaringClass":"io.cucumber.core.runtime.CucumberExecutionContext","methodName":"runTestCase","fileName":"CucumberExecutionContext.java","lineNumber":137,"format":1},{"classLoaderName":"app","declaringClass":"io.cucumber.testng.TestNGCucumberRunner","methodName":"runScenario","fileName":"TestNGCucumberRunner.java","lineNumber":129,"format":1},{"classLoaderName":"app","declaringClass":"io.cucumber.testng.AbstractTestNGCucumberTests","methodName":"runScenario","fileName":"AbstractTestNGCucumberTests.java","lineNumber":35,"format":1},{"moduleName":"java.base","moduleVersion":"17.0.8","declaringClass":"jdk.internal.reflect.NativeMethodAccessorImpl","methodName":"invoke0","fileName":"NativeMethodAccessorImpl.java","lineNumber":-2,"format":2},{"moduleName":"java.base","moduleVersion":"17.0.8","declaringClass":"jdk.internal.reflect.NativeMethodAccessorImpl","methodName":"invoke","fileName":"NativeMethodAccessorImpl.java","lineNumber":77,"format":2},{"moduleName":"java.base","moduleVersion":"17.0.8","declaringClass":"jdk.internal.reflect.DelegatingMethodAccessorImpl","methodName":"invoke","fileName":"DelegatingMethodAccessorImpl.java","lineNumber":43,"format":2},{"moduleName":"java.base","moduleVersion":"17.0.8","declaringClass":"java.lang.reflect.Method","methodName":"invoke","fileName":"Method.java","lineNumber":568,"format":2},{"classLoaderName":"app","declaringClass":"org.testng.internal.invokers.MethodInvocationHelper","methodName":"invokeMethod","fileName":"MethodInvocationHelper.java","lineNumber":139,"format":1},{"classLoaderName":"app","declaringClass":"org.testng.internal.invokers.TestInvoker","methodName":"invokeMethod","fileName":"TestInvoker.java","lineNumber":664,"format":1},{"classLoaderName":"app","declaringClass":"org.testng.internal.invokers.TestInvoker","methodName":"invokeTestMethod","fileName":"TestInvoker.java","lineNumber":227,"format":1},{"classLoaderName":"app","declaringClass":"org.testng.internal.invokers.MethodRunner","methodName":"runInSequence","fileName":"MethodRunner.java","lineNumber":50,"format":1},{"classLoaderName":"app","declaringClass":"org.testng.internal.invokers.TestInvoker$MethodInvocationAgent","methodName":"invoke","fileName":"TestInvoker.java","lineNumber":957,"format":1},{"classLoaderName":"app","declaringClass":"org.testng.internal.invokers.TestInvoker","methodName":"invokeTestMethods","fileName":"TestInvoker.java","lineNumber":200,"format":1},{"classLoaderName":"app","declaringClass":"org.testng.internal.invokers.TestMethodWorker","methodName":"invokeTestMethods","fileName":"TestMethodWorker.java","lineNumber":148,"format":1},{"classLoaderName":"app","declaringClass":"org.testng.internal.invokers.TestMethodWorker","methodName":"run","fileName":"TestMethodWorker.java","lineNumber":128,"format":1},{"moduleName":"java.base","moduleVersion":"17.0.8","declaringClass":"java.util.ArrayList","methodName":"forEach","fileName":"ArrayList.java","lineNumber":1511,"format":2},{"classLoaderName":"app","declaringClass":"org.testng.TestRunner","methodName":"privateRun","fileName":"TestRunner.java","lineNumber":848,"format":1},{"classLoaderName":"app","declaringClass":"org.testng.TestRunner","methodName":"run","fileName":"TestRunner.java","lineNumber":621,"format":1},{"classLoaderName":"app","declaringClass":"org.testng.SuiteRunner","methodName":"runTest","fileName":"SuiteRunner.java","lineNumber":443,"format":1},{"classLoaderName":"app","declaringClass":"org.testng.SuiteRunner","methodName":"runSequentially","fileName":"SuiteRunner.java","lineNumber":437,"format":1},{"classLoaderName":"app","declaringClass":"org.testng.SuiteRunner","methodName":"privateRun","fileName":"SuiteRunner.java","lineNumber":397,"format":1},{"classLoaderName":"app","declaringClass":"org.testng.SuiteRunner","methodName":"run","fileName":"SuiteRunner.java","lineNumber":336,"format":1},{"classLoaderName":"app","declaringClass":"org.testng.SuiteRunnerWorker","methodName":"runSuite","fileName":"SuiteRunnerWorker.java","lineNumber":52,"format":1},{"classLoaderName":"app","declaringClass":"org.testng.SuiteRunnerWorker","methodName":"run","fileName":"SuiteRunnerWorker.java","lineNumber":95,"format":1},{"classLoaderName":"app","declaringClass":"org.testng.TestNG","methodName":"runSuitesSequentially","fileName":"TestNG.java","lineNumber":1280,"format":1},{"classLoaderName":"app","declaringClass":"org.testng.TestNG","methodName":"runSuitesLocally","fileName":"TestNG.java","lineNumber":1200,"format":1},{"classLoaderName":"app","declaringClass":"org.testng.TestNG","methodName":"runSuites","fileName":"TestNG.java","lineNumber":1114,"format":1},{"classLoaderName":"app","declaringClass":"org.testng.TestNG","methodName":"run","fileName":"TestNG.java","lineNumber":1082,"format":1},{"classLoaderName":"app","declaringClass":"com.intellij.rt.testng.IDEARemoteTestNG","methodName":"run","fileName":"IDEARemoteTestNG.java","lineNumber":66,"format":1},{"classLoaderName":"app","declaringClass":"com.intellij.rt.testng.RemoteTestNGStarter","methodName":"main","fileName":"RemoteTestNGStarter.java","lineNumber":105,"format":1}],"suppressedExceptions":[]},"stackTrace":"io.cucumber.core.exception.CucumberException: Step [I enter firstname] is defined with 1 parameters at \u0027com.nopcommerce.demo.steps.RegisterSteps.iEnterFirstname(java.lang.String)\u0027.\nHowever, the gherkin step has 0 arguments.\nStep text: I enter firstname\r\n\tat io.cucumber.core.runner.PickleStepDefinitionMatch.arityMismatch(PickleStepDefinitionMatch.java:83)\r\n\tat io.cucumber.core.runner.PickleStepDefinitionMatch.runStep(PickleStepDefinitionMatch.java:42)\r\n\tat io.cucumber.core.runner.ExecutionMode$1.execute(ExecutionMode.java:10)\r\n\tat io.cucumber.core.runner.TestStep.executeStep(TestStep.java:84)\r\n\tat io.cucumber.core.runner.TestStep.run(TestStep.java:56)\r\n\tat io.cucumber.core.runner.PickleStepTestStep.run(PickleStepTestStep.java:51)\r\n\tat io.cucumber.core.runner.TestCase.run(TestCase.java:84)\r\n\tat io.cucumber.core.runner.Runner.runPickle(Runner.java:75)\r\n\tat io.cucumber.testng.TestNGCucumberRunner.lambda$runScenario$1(TestNGCucumberRunner.java:132)\r\n\tat io.cucumber.core.runtime.CucumberExecutionContext.lambda$runTestCase$5(CucumberExecutionContext.java:137)\r\n\tat io.cucumber.core.runtime.RethrowingThrowableCollector.executeAndThrow(RethrowingThrowableCollector.java:23)\r\n\tat io.cucumber.core.runtime.CucumberExecutionContext.runTestCase(CucumberExecutionContext.java:137)\r\n\tat io.cucumber.testng.TestNGCucumberRunner.runScenario(TestNGCucumberRunner.java:129)\r\n\tat io.cucumber.testng.AbstractTestNGCucumberTests.runScenario(AbstractTestNGCucumberTests.java:35)\r\n\tat java.base/jdk.internal.reflect.NativeMethodAccessorImpl.invoke0(Native Method)\r\n\tat java.base/jdk.internal.reflect.NativeMethodAccessorImpl.invoke(NativeMethodAccessorImpl.java:77)\r\n\tat java.base/jdk.internal.reflect.DelegatingMethodAccessorImpl.invoke(DelegatingMethodAccessorImpl.java:43)\r\n\tat java.base/java.lang.reflect.Method.invoke(Method.java:568)\r\n\tat org.testng.internal.invokers.MethodInvocationHelper.invokeMethod(MethodInvocationHelper.java:139)\r\n\tat org.testng.internal.invokers.TestInvoker.invokeMethod(TestInvoker.java:664)\r\n\tat org.testng.internal.invokers.TestInvoker.invokeTestMethod(TestInvoker.java:227)\r\n\tat org.testng.internal.invokers.MethodRunner.runInSequence(MethodRunner.java:50)\r\n\tat org.testng.internal.invokers.TestInvoker$MethodInvocationAgent.invoke(TestInvoker.java:957)\r\n\tat org.testng.internal.invokers.TestInvoker.invokeTestMethods(TestInvoker.java:200)\r\n\tat org.testng.internal.invokers.TestMethodWorker.invokeTestMethods(TestMethodWorker.java:148)\r\n\tat org.testng.internal.invokers.TestMethodWorker.run(TestMethodWorker.java:128)\r\n\tat java.base/java.util.ArrayList.forEach(ArrayList.java:1511)\r\n\tat org.testng.TestRunner.privateRun(TestRunner.java:848)\r\n\tat org.testng.TestRunner.run(TestRunner.java:621)\r\n\tat org.testng.SuiteRunner.runTest(SuiteRunner.java:443)\r\n\tat org.testng.SuiteRunner.runSequentially(SuiteRunner.java:437)\r\n\tat org.testng.SuiteRunner.privateRun(SuiteRunner.java:397)\r\n\tat org.testng.SuiteRunner.run(SuiteRunner.java:336)\r\n\tat org.testng.SuiteRunnerWorker.runSuite(SuiteRunnerWorker.java:52)\r\n\tat org.testng.SuiteRunnerWorker.run(SuiteRunnerWorker.java:95)\r\n\tat org.testng.TestNG.runSuitesSequentially(TestNG.java:1280)\r\n\tat org.testng.TestNG.runSuitesLocally(TestNG.java:1200)\r\n\tat org.testng.TestNG.runSuites(TestNG.java:1114)\r\n\tat org.testng.TestNG.run(TestNG.java:1082)\r\n\tat com.intellij.rt.testng.IDEARemoteTestNG.run(IDEARemoteTestNG.java:66)\r\n\tat com.intellij.rt.testng.RemoteTestNGStarter.main(RemoteTestNGStarter.java:105)\r\n","name":"io.cucumber.core.exception.CucumberException"}],"authorSet":[],"categorySet":[],"deviceSet":[],"generatedLog":[]},{"useNaturalConf":true,"startTime":"Dec 18, 2023, 10:47:17 AM","endTime":"Dec 18, 2023, 10:47:17 AM","status":"SKIP","level":2,"isLeaf":true,"name":"And I enter lastname","description":"com.nopcommerce.demo.steps.RegisterSteps.iEnterLastname(java.lang.String)","bddType":"com.aventstack.extentreports.gherkin.model.And","infoMap":{},"children":[],"logs":[{"timestamp":"Dec 18, 2023, 10:47:17 AM","status":"SKIP","details":"Step skipped","seq":0,"infoMap":{}}],"media":[],"exceptions":[],"authorSet":[],"categorySet":[],"deviceSet":[],"generatedLog":[]},{"useNaturalConf":true,"startTime":"Dec 18, 2023, 10:47:17 AM","endTime":"Dec 18, 2023, 10:47:17 AM","status":"SKIP","level":2,"isLeaf":true,"name":"And I select day","description":"com.nopcommerce.demo.steps.RegisterSteps.iSelectDay(java.lang.String)","bddType":"com.aventstack.extentreports.gherkin.model.And","infoMap":{},"children":[],"logs":[{"timestamp":"Dec 18, 2023, 10:47:17 AM","status":"SKIP","details":"Step skipped","seq":0,"infoMap":{}}],"media":[],"exceptions":[],"authorSet":[],"categorySet":[],"deviceSet":[],"generatedLog":[]},{"useNaturalConf":true,"startTime":"Dec 18, 2023, 10:47:17 AM","endTime":"Dec 18, 2023, 10:47:17 AM","status":"SKIP","level":2,"isLeaf":true,"name":"And I select month","description":"com.nopcommerce.demo.steps.RegisterSteps.iSelectMonth(java.lang.String)","bddType":"com.aventstack.extentreports.gherkin.model.And","infoMap":{},"children":[],"logs":[{"timestamp":"Dec 18, 2023, 10:47:17 AM","status":"SKIP","details":"Step skipped","seq":0,"infoMap":{}}],"media":[],"exceptions":[],"authorSet":[],"categorySet":[],"deviceSet":[],"generatedLog":[]},{"useNaturalConf":true,"startTime":"Dec 18, 2023, 10:47:17 AM","endTime":"Dec 18, 2023, 10:47:17 AM","status":"SKIP","level":2,"isLeaf":true,"name":"And I select year","description":"com.nopcommerce.demo.steps.RegisterSteps.iSelectYear(java.lang.String)","bddType":"com.aventstack.extentreports.gherkin.model.And","infoMap":{},"children":[],"logs":[{"timestamp":"Dec 18, 2023, 10:47:17 AM","status":"SKIP","details":"Step skipped","seq":0,"infoMap":{}}],"media":[],"exceptions":[],"authorSet":[],"categorySet":[],"deviceSet":[],"generatedLog":[]},{"useNaturalConf":true,"startTime":"Dec 18, 2023, 10:47:17 AM","endTime":"Dec 18, 2023, 10:47:17 AM","status":"SKIP","level":2,"isLeaf":true,"name":"And I enter email \"abc11@gmail.com\"","description":"com.nopcommerce.demo.steps.LoginSteps.iEnterEmail(java.lang.String)","bddType":"com.aventstack.extentreports.gherkin.model.And","infoMap":{},"children":[],"logs":[{"timestamp":"Dec 18, 2023, 10:47:17 AM","status":"SKIP","details":"Step skipped","seq":0,"infoMap":{}}],"media":[],"exceptions":[],"authorSet":[],"categorySet":[],"deviceSet":[],"generatedLog":[]},{"useNaturalConf":true,"startTime":"Dec 18, 2023, 10:47:17 AM","endTime":"Dec 18, 2023, 10:47:17 AM","status":"SKIP","level":2,"isLeaf":true,"name":"And I enter password \"abcxyz@123\"","description":"com.nopcommerce.demo.steps.LoginSteps.iEnterPassword(java.lang.String)","bddType":"com.aventstack.extentreports.gherkin.model.And","infoMap":{},"children":[],"logs":[{"timestamp":"Dec 18, 2023, 10:47:17 AM","status":"SKIP","details":"Step skipped","seq":0,"infoMap":{}}],"media":[],"exceptions":[],"authorSet":[],"categorySet":[],"deviceSet":[],"generatedLog":[]},{"useNaturalConf":true,"startTime":"Dec 18, 2023, 10:47:17 AM","endTime":"Dec 18, 2023, 10:47:17 AM","status":"SKIP","level":2,"isLeaf":true,"name":"And I enter confirm password \"abcxyz@123\"","description":"com.nopcommerce.demo.steps.RegisterSteps.iEnterConfirmPassword(java.lang.String)","bddType":"com.aventstack.extentreports.gherkin.model.And","infoMap":{},"children":[],"logs":[{"timestamp":"Dec 18, 2023, 10:47:17 AM","status":"SKIP","details":"Step skipped","seq":0,"infoMap":{}}],"media":[],"exceptions":[],"authorSet":[],"categorySet":[],"deviceSet":[],"generatedLog":[]},{"useNaturalConf":true,"startTime":"Dec 18, 2023, 10:47:17 AM","endTime":"Dec 18, 2023, 10:47:17 AM","status":"SKIP","level":2,"isLeaf":true,"name":"And I click on register button","description":"com.nopcommerce.demo.steps.RegisterSteps.iClickOnRegisterButton()","bddType":"com.aventstack.extentreports.gherkin.model.And","infoMap":{},"children":[],"logs":[{"timestamp":"Dec 18, 2023, 10:47:17 AM","status":"SKIP","details":"Step skipped","seq":0,"infoMap":{}}],"media":[],"exceptions":[],"authorSet":[],"categorySet":[],"deviceSet":[],"generatedLog":[]},{"useNaturalConf":true,"startTime":"Dec 18, 2023, 10:47:17 AM","endTime":"Dec 18, 2023, 10:47:17 AM","status":"SKIP","level":2,"isLeaf":true,"name":"Then Verify message \"Your registration completed","description":"com.nopcommerce.demo.steps.RegisterSteps.verifyMessageYourRegistrationCompleted()","bddType":"com.aventstack.extentreports.gherkin.model.Then","infoMap":{},"children":[],"logs":[{"timestamp":"Dec 18, 2023, 10:47:17 AM","status":"SKIP","details":"Step skipped","seq":0,"infoMap":{}}],"media":[],"exceptions":[],"authorSet":[],"categorySet":[],"deviceSet":[],"generatedLog":[]},{"useNaturalConf":true,"startTime":"Dec 18, 2023, 10:47:17 AM","endTime":"Dec 18, 2023, 10:47:18 AM","status":"PASS","level":2,"isLeaf":true,"name":"com.nopcommerce.demo.steps.Hooks.tearDown(io.cucumber.java.Scenario)","description":"AFTER","bddType":"com.aventstack.extentreports.gherkin.model.Asterisk","infoMap":{},"children":[],"logs":[{"timestamp":"Dec 18, 2023, 10:47:17 AM","status":"INFO","details":"Verify that user should create account successfully","seq":0,"infoMap":{},"media":{"path":"../screenshots/embedded4.png"}},{"timestamp":"Dec 18, 2023, 10:47:18 AM","status":"PASS","details":"","seq":1,"infoMap":{}}],"media":[],"exceptions":[],"authorSet":[],"categorySet":[],"deviceSet":[],"generatedLog":[]}],"logs":[],"media":[],"exceptions":[],"authorSet":[],"categorySet":[{"name":"@regression"},{"name":"@author_Devansh_Rami"}],"deviceSet":[],"generatedLog":[]}],"logs":[],"media":[],"exceptions":[],"authorSet":[],"categorySet":[],"deviceSet":[],"generatedLog":[]}]